2024-05-01 13:29:20.002 [info] Extension host with pid 11145 started
2024-05-01 13:29:20.232 [info] ExtensionService#_doActivateExtension James-Yu.latex-workshop, startup: false, activationEvent: 'onLanguage:latex'
2024-05-01 13:29:20.763 [warning] DiagnosticCollection with name 'BibTeX' does already exist.
2024-05-01 13:29:20.796 [info] ExtensionService#_doActivateExtension tecosaur.latex-utilities, startup: false, activationEvent: 'onLanguage:latex'
2024-05-01 13:29:20.817 [info] ExtensionService#_doActivateExtension vscode.emmet, startup: false, activationEvent: 'onLanguage'
2024-05-01 13:29:21.094 [info] ExtensionService#_doActivateExtension vscode.git-base, startup: true, activationEvent: '*', root cause: vscode.git
2024-05-01 13:29:21.141 [info] ExtensionService#_doActivateExtension vscode.git, startup: true, activationEvent: '*'
2024-05-01 13:29:21.235 [info] ExtensionService#_doActivateExtension vscode.github, startup: true, activationEvent: '*'
2024-05-01 13:29:21.427 [info] Eager extensions activated
2024-05-01 13:29:21.635 [info] ExtensionService#_doActivateExtension vscode.debug-auto-launch, startup: false, activationEvent: 'onStartupFinished'
2024-05-01 13:29:21.641 [info] ExtensionService#_doActivateExtension vscode.merge-conflict, startup: false, activationEvent: 'onStartupFinished'
2024-05-01 13:29:36.816 [info] Extension host terminating: renderer closed the MessagePort
2024-05-01 13:29:36.830 [info] Extension host with pid 11145 exiting with code 0
2024-05-01 13:29:38.243 [info] Extension host with pid 11267 started
2024-05-01 13:29:38.243 [info] Skipping acquiring lock for /home/alex/.config/VSCodium/User/workspaceStorage/3b250a4fae701b5eda624e6faf1ddb66.
2024-05-01 13:29:38.291 [info] ExtensionService#_doActivateExtension vscode.git-base, startup: true, activationEvent: '*', root cause: vscode.git
2024-05-01 13:29:38.324 [info] ExtensionService#_doActivateExtension vscode.git, startup: true, activationEvent: '*'
2024-05-01 13:29:38.367 [info] ExtensionService#_doActivateExtension vscode.github, startup: true, activationEvent: '*'
2024-05-01 13:29:38.437 [info] Eager extensions activated
2024-05-01 13:29:38.526 [info] ExtensionService#_doActivateExtension vscode.debug-auto-launch, startup: false, activationEvent: 'onStartupFinished'
2024-05-01 13:29:38.529 [info] ExtensionService#_doActivateExtension vscode.merge-conflict, startup: false, activationEvent: 'onStartupFinished'
2024-05-01 13:29:45.039 [info] ExtensionService#_doActivateExtension James-Yu.latex-workshop, startup: false, activationEvent: 'onLanguage:latex'
2024-05-01 13:29:45.415 [warning] DiagnosticCollection with name 'BibTeX' does already exist.
2024-05-01 13:29:45.456 [info] ExtensionService#_doActivateExtension tecosaur.latex-utilities, startup: false, activationEvent: 'onLanguage:latex'
2024-05-01 13:29:45.485 [info] ExtensionService#_doActivateExtension vscode.emmet, startup: false, activationEvent: 'onLanguage'
2024-05-01 17:24:44.399 [info] Extension host terminating: renderer closed the MessagePort
2024-05-01 17:24:44.424 [info] Extension host with pid 11267 exiting with code 0
