[17:09:39.347][Logger] New log placeholder %WS1% registered for /home/alex/Documents/Laptop-Server/Spring-2024/My Exams (Algorithms) .
[17:09:39.347][Extension] Initializing LaTeX Workshop.
[17:09:39.659][Build][Recipe] Set $LATEXWORKSHOP_DOCKER_LATEX: ""
[17:09:39.738][Server] Creating LaTeX Workshop http and websocket server.
[17:09:39.954][Format][Bib] Bibtex format config: {"tab":"  ","case":"lowercase","left":"{","right":"}","trailingComma":false,"sort":["key"],"alignOnEqual":true,"sortFields":false,"fieldsOrder":[],"firstEntries":["string","xdata"]}
[17:09:40.027][Server] Server successfully started: {"address":"127.0.0.1","family":"IPv4","port":33655} .
[17:09:40.099][Extension] Extension root: /home/alex/.vscode-oss/extensions/james-yu.latex-workshop-9.20.1-universal
[17:09:40.101][Extension] $PATH: /usr/local/texlive/2024/bin/x86_64-linux:/home/alex/.local/bin:/usr/local/texlive/2024/bin/x86_64-linux:/usr/local/texlive/2024/bin/x86_64-linux:/home/alex/.local/bin:/usr/local/sbin:/usr/local/bin:/usr/sbin:/usr/bin:/sbin:/bin:/usr/games:/usr/local/games:/snap/bin:/opt/nvim-linux64/bin
[17:09:40.102][Extension] $SHELL: /bin/bash
[17:09:40.103][Extension] $LANG: en_US.UTF-8
[17:09:40.103][Extension] $LC_ALL: undefined
[17:09:40.103][Extension] process.platform: linux
[17:09:40.104][Extension] process.arch: x64
[17:09:40.104][Extension] vscode.env.appName: VSCodium
[17:09:40.105][Extension] vscode.env.remoteName: undefined
[17:09:40.105][Extension] vscode.env.uiKind: 1
[17:09:40.115][Config] latex-workshop.latex.tools: [{"name":"latexmk","command":"latexmk","args":["-pdf","-synctex=1","-interaction=nonstopmode","-file-line-error","--shell-escape","%DOC%"]}] .
[17:09:40.224][Extension] Trigger characters for intellisense of LaTeX documents: ["\\",",","{"]
[17:09:40.226][Root] Current workspace folders: ["file://%WS1%"]
[17:09:40.227][Extension] LaTeX Workshop initialized.
[17:09:40.228][Root] Found root file from active editor: %WS1%/final.tex
[17:09:40.228][Root] Root file changed: from %WS1%/final.tex to %WS1%/final.tex, langID latex . Refresh dependencies
[17:09:40.229][Event] ROOT_FILE_CHANGED: "%WS1%/final.tex"
[17:09:40.229][Cacher][Watcher] Reset.
[17:09:40.230][Cacher][Watcher] Reset.
[17:09:40.233][Cacher] Adding %WS1%/final.tex .
[17:09:40.234][Cacher][Watcher] Watched %WS1%/final.tex with a new .* watcher on %WS1% .
[17:09:40.234][Event] FILE_WATCHED: "%WS1%/final.tex"
[17:09:40.236][Cacher] Caching %WS1%/final.tex .
[17:09:40.280][Cacher] Updated inputs of %WS1%/final.tex .
[17:09:40.281][Cacher] Parse LaTeX AST: %WS1%/final.tex .
[17:09:40.281][Event] ROOT_FILE_SEARCHED
[17:09:40.287][Server] valdOrigin is http://127.0.0.1:33655
[17:09:40.478][Cacher] Parsed LaTeX AST: %WS1%/final.tex .
[17:09:40.478][File] Calling kpsewhich to resolve article.cls .
[17:09:40.714][File] kpsewhich returned with '/usr/local/texlive/2024/texmf-dist/tex/latex/base/article.cls'.
[17:09:40.719][Cacher] Updated elements in 240.92 ms: %WS1%/final.tex .
[17:09:40.720][Event] FILE_PARSED: "%WS1%/final.tex"
[17:09:40.721][Cacher] Parsing .fls %WS1%/final.fls .
[17:09:40.881][Cacher] Adding %WS1%/graph_2.png .
[17:09:40.881][Cacher][Watcher] Watched %WS1%/graph_2.png by the .* watcher.
[17:09:40.882][Event] FILE_WATCHED: "%WS1%/graph_2.png"
[17:09:40.884][Cacher] Adding %WS1%/graph_1.png .
[17:09:40.884][Cacher][Watcher] Watched %WS1%/graph_1.png by the .* watcher.
[17:09:40.884][Event] FILE_WATCHED: "%WS1%/graph_1.png"
[17:09:40.885][Cacher] Adding %WS1%/dfs_graph.png .
[17:09:40.886][Cacher][Watcher] Watched %WS1%/dfs_graph.png by the .* watcher.
[17:09:40.886][Event] FILE_WATCHED: "%WS1%/dfs_graph.png"
[17:09:40.887][Cacher] Adding %WS1%/topo_sort_graph.png .
[17:09:40.888][Cacher][Watcher] Watched %WS1%/topo_sort_graph.png by the .* watcher.
[17:09:40.888][Event] FILE_WATCHED: "%WS1%/topo_sort_graph.png"
[17:09:40.889][Cacher] Adding %WS1%/bfs_graph.png .
[17:09:40.889][Cacher][Watcher] Watched %WS1%/bfs_graph.png by the .* watcher.
[17:09:40.889][Event] FILE_WATCHED: "%WS1%/bfs_graph.png"
[17:09:40.890][Cacher] Adding %WS1%/graph_dijkstra.png .
[17:09:40.890][Cacher][Watcher] Watched %WS1%/graph_dijkstra.png by the .* watcher.
[17:09:40.890][Event] FILE_WATCHED: "%WS1%/graph_dijkstra.png"
[17:09:40.892][Cacher] Found .aux %WS1%/final.tex from .fls %WS1%/final.fls , parsing.
[17:09:40.932][Cacher] Parsed .aux %WS1%/final.tex .
[17:09:40.932][Cacher] Parsed .fls %WS1%/final.fls .
[17:09:40.935][Structure] Structure force updated with 0 root sections for %WS1%/final.tex .
[17:09:40.937][Event] STRUCTURE_UPDATED
[17:09:41.323][Commander] VIEW command invoked with mode: file:///home/alex/Documents/Laptop-Server/Spring-2024/My%20Exams%20%28Algorithms%29/final.tex.
[17:09:41.323][Root] Current workspace folders: ["file://%WS1%"]
[17:09:41.326][Root] Found root file from active editor: %WS1%/final.tex
[17:09:41.328][Root] Keep using the same root file: %WS1%/final.tex
[17:09:41.329][Event] ROOT_FILE_SEARCHED
[17:09:41.330][Event] STRUCTURE_UPDATED
[17:09:41.474][Viewer][Panel] Internal PDF viewer at http://127.0.0.1:33655/viewer.html?file=pdf..ZmlsZSUzQSUyRiUyRiUyRmhvbWUlMkZhbGV4JTJGRG9jdW1lbnRzJTJGTGFwdG9wLVNlcnZlciUyRlNwcmluZy0yMDI0JTJGTXklMjBFeGFtcyUyMChBbGdvcml0aG1zKSUyRmZpbmFsLnBkZg .
[17:09:41.476][Cacher][Watcher] Watched %WS1%/final.pdf with a new .pdf watcher on %WS1% .
[17:09:41.477][Event] FILE_WATCHED: "%WS1%/final.pdf"
[17:09:41.533][Viewer] Open PDF tab for file://%WS1%/final.pdf
[17:09:41.809][Viewer] Handle data type: open
[17:09:42.093][Server] Preview PDF file: file://%WS1%/final.pdf
[17:09:42.437][Viewer] Handle data type: loaded
[17:09:42.438][Event] VIEWER_PAGE_LOADED
[17:26:17.735][Viewer] Handle data type: reverse_synctex
[17:26:17.736][Locator] Backward from %WS1%/final.pdf at x=167.68181818181822, y=125.90909090909076 on page 3.
[17:26:17.762][SyncTeX] Parsing .synctex.gz %WS1%/final.synctex.gz .
[17:26:17.895][Locator] Backward SyncTeX to %WS1%/final.tex .
[17:26:17.954][Event] STRUCTURE_UPDATED
[13:36:08.507][Viewer] Handle data type: open
[13:45:58.506][Cacher][Watcher] Reset.
[13:45:58.507][Cacher][Watcher] Reset.
