[13:29:20.248][Extension] Initializing LaTeX Workshop.
[13:29:20.521][Build][Recipe] Set $LATEXWORKSHOP_DOCKER_LATEX: ""
[13:29:20.593][Server] Creating LaTeX Workshop http and websocket server.
[13:29:20.716][Format][Bib] Bibtex format config: {"tab":"  ","case":"lowercase","left":"{","right":"}","trailingComma":false,"sort":["key"],"alignOnEqual":true,"sortFields":false,"fieldsOrder":[],"firstEntries":["string","xdata"]}
[13:29:20.793][Server] Server successfully started: {"address":"127.0.0.1","family":"IPv4","port":45109} .
[13:29:20.826][Extension] Extension root: /home/alex/.vscode-oss/extensions/james-yu.latex-workshop-9.20.1-universal
[13:29:20.826][Extension] $PATH: /usr/local/texlive/2024/bin/x86_64-linux:/home/alex/.local/bin:/usr/local/texlive/2024/bin/x86_64-linux:/usr/local/texlive/2024/bin/x86_64-linux:/home/alex/.local/bin:/usr/local/sbin:/usr/local/bin:/usr/sbin:/usr/bin:/sbin:/bin:/usr/games:/usr/local/games:/snap/bin
[13:29:20.827][Extension] $SHELL: /bin/bash
[13:29:20.827][Extension] $LANG: en_US.UTF-8
[13:29:20.827][Extension] $LC_ALL: undefined
[13:29:20.827][Extension] process.platform: linux
[13:29:20.827][Extension] process.arch: x64
[13:29:20.827][Extension] vscode.env.appName: VSCodium
[13:29:20.827][Extension] vscode.env.remoteName: undefined
[13:29:20.828][Extension] vscode.env.uiKind: 1
[13:29:20.830][Config] latex-workshop.latex.tools: [{"name":"latexmk","command":"latexmk","args":["-pdf","-synctex=1","-interaction=nonstopmode","-file-line-error","--shell-escape","%DOC%"]}] .
[13:29:20.882][Extension] Trigger characters for intellisense of LaTeX documents: ["\\",",","{"]
[13:29:20.885][Root] Current workspace folders: undefined
[13:29:20.886][Extension] LaTeX Workshop initialized.
[13:29:20.889][Root] Found root file from active editor: /home/alex/Documents/Laptop-Server/Spring-2024/My Lecture Notes (Algorithms)/complexity_theory.tex
[13:29:20.890][Root] Root file changed: from /home/alex/Documents/Laptop-Server/Spring-2024/My Lecture Notes (Algorithms)/complexity_theory.tex to /home/alex/Documents/Laptop-Server/Spring-2024/My Lecture Notes (Algorithms)/complexity_theory.tex, langID latex . Refresh dependencies
[13:29:20.890][Event] ROOT_FILE_CHANGED: "/home/alex/Documents/Laptop-Server/Spring-2024/My Lecture Notes (Algorithms)/complexity_theory.tex"
[13:29:20.891][Cacher][Watcher] Reset.
[13:29:20.892][Cacher][Watcher] Reset.
[13:29:20.898][Cacher] Adding /home/alex/Documents/Laptop-Server/Spring-2024/My Lecture Notes (Algorithms)/complexity_theory.tex .
[13:29:20.902][Cacher][Watcher] Watched /home/alex/Documents/Laptop-Server/Spring-2024/My Lecture Notes (Algorithms)/complexity_theory.tex with a new .* watcher on /home/alex/Documents/Laptop-Server/Spring-2024/My Lecture Notes (Algorithms) .
[13:29:20.903][Event] FILE_WATCHED: "/home/alex/Documents/Laptop-Server/Spring-2024/My Lecture Notes (Algorithms)/complexity_theory.tex"
[13:29:20.908][Cacher] Caching /home/alex/Documents/Laptop-Server/Spring-2024/My Lecture Notes (Algorithms)/complexity_theory.tex .
[13:29:20.989][Cacher] Updated inputs of /home/alex/Documents/Laptop-Server/Spring-2024/My Lecture Notes (Algorithms)/complexity_theory.tex .
[13:29:20.990][Cacher] Parse LaTeX AST: /home/alex/Documents/Laptop-Server/Spring-2024/My Lecture Notes (Algorithms)/complexity_theory.tex .
[13:29:20.990][Event] ROOT_FILE_SEARCHED
[13:29:21.011][Server] valdOrigin is http://127.0.0.1:45109
[13:29:21.123][Viewer][Panel] Internal PDF viewer at http://127.0.0.1:45109/viewer.html?file=pdf..ZmlsZSUzQSUyRiUyRiUyRmhvbWUlMkZhbGV4JTJGRG9jdW1lbnRzJTJGTGFwdG9wLVNlcnZlciUyRlNwcmluZy0yMDI0JTJGTXklMjBMZWN0dXJlJTIwTm90ZXMlMjAoQWxnb3JpdGhtcyklMkZjb21wbGV4aXR5X3RoZW9yeS5wZGY .
[13:29:21.125][Cacher][Watcher] Watched /home/alex/Documents/Laptop-Server/Spring-2024/My Lecture Notes (Algorithms)/complexity_theory.pdf with a new .pdf watcher on /home/alex/Documents/Laptop-Server/Spring-2024/My Lecture Notes (Algorithms) .
[13:29:21.125][Event] FILE_WATCHED: "/home/alex/Documents/Laptop-Server/Spring-2024/My Lecture Notes (Algorithms)/complexity_theory.pdf"
[13:29:22.105][Cacher] Parsed LaTeX AST: /home/alex/Documents/Laptop-Server/Spring-2024/My Lecture Notes (Algorithms)/complexity_theory.tex .
[13:29:22.107][File] Calling kpsewhich to resolve beamer.cls .
[13:29:22.590][File] kpsewhich returned with '/usr/local/texlive/2024/texmf-dist/tex/latex/beamer/beamer.cls'.
[13:29:22.630][Cacher] Updated elements in 524.61 ms: /home/alex/Documents/Laptop-Server/Spring-2024/My Lecture Notes (Algorithms)/complexity_theory.tex .
[13:29:22.631][Event] FILE_PARSED: "/home/alex/Documents/Laptop-Server/Spring-2024/My Lecture Notes (Algorithms)/complexity_theory.tex"
[13:29:22.633][Cacher] Parsing .fls /home/alex/Documents/Laptop-Server/Spring-2024/My Lecture Notes (Algorithms)/complexity_theory.fls .
[13:29:22.789][Cacher] Found .aux /home/alex/Documents/Laptop-Server/Spring-2024/My Lecture Notes (Algorithms)/complexity_theory.tex from .fls /home/alex/Documents/Laptop-Server/Spring-2024/My Lecture Notes (Algorithms)/complexity_theory.fls , parsing.
[13:29:22.840][Cacher] Parsed .aux /home/alex/Documents/Laptop-Server/Spring-2024/My Lecture Notes (Algorithms)/complexity_theory.tex .
[13:29:22.840][Cacher] Parsed .fls /home/alex/Documents/Laptop-Server/Spring-2024/My Lecture Notes (Algorithms)/complexity_theory.fls .
[13:29:22.842][Structure] Structure force updated with 0 root sections for /home/alex/Documents/Laptop-Server/Spring-2024/My Lecture Notes (Algorithms)/complexity_theory.tex .
[13:29:22.843][Event] STRUCTURE_UPDATED
[13:29:22.875][Viewer] Handle data type: open
[13:29:23.352][Server] Preview PDF file: file:///home/alex/Documents/Laptop-Server/Spring-2024/My Lecture Notes (Algorithms)/complexity_theory.pdf
[13:29:23.936][Viewer] Handle data type: loaded
[13:29:23.936][Event] VIEWER_PAGE_LOADED
[13:29:36.826][Cacher][Watcher] Reset.
[13:29:36.826][Cacher][Watcher] Reset.
