[12:55:47.660][Logger] New log placeholder %WS1% registered for /home/alex/Documents/Laptop-Server/Spring-2024/My Exams (Algorithms) .
[12:55:47.660][Extension] Initializing LaTeX Workshop.
[12:55:47.965][Build][Recipe] Set $LATEXWORKSHOP_DOCKER_LATEX: ""
[12:55:48.068][Server] Creating LaTeX Workshop http and websocket server.
[12:55:48.259][Format][Bib] Bibtex format config: {"tab":"  ","case":"lowercase","left":"{","right":"}","trailingComma":false,"sort":["key"],"alignOnEqual":true,"sortFields":false,"fieldsOrder":[],"firstEntries":["string","xdata"]}
[12:55:48.433][Server] Server successfully started: {"address":"127.0.0.1","family":"IPv4","port":44061} .
[12:55:48.487][Extension] Extension root: /home/alex/.vscode-oss/extensions/james-yu.latex-workshop-9.20.1-universal
[12:55:48.487][Extension] $PATH: /usr/local/texlive/2024/bin/x86_64-linux:/home/alex/.local/bin:/usr/local/texlive/2024/bin/x86_64-linux:/usr/local/texlive/2024/bin/x86_64-linux:/home/alex/.local/bin:/usr/local/sbin:/usr/local/bin:/usr/sbin:/usr/bin:/sbin:/bin:/usr/games:/usr/local/games:/snap/bin:/opt/nvim-linux64/bin
[12:55:48.488][Extension] $SHELL: /bin/bash
[12:55:48.488][Extension] $LANG: en_US.UTF-8
[12:55:48.488][Extension] $LC_ALL: undefined
[12:55:48.489][Extension] process.platform: linux
[12:55:48.490][Extension] process.arch: x64
[12:55:48.491][Extension] vscode.env.appName: VSCodium
[12:55:48.492][Extension] vscode.env.remoteName: undefined
[12:55:48.493][Extension] vscode.env.uiKind: 1
[12:55:48.500][Config] latex-workshop.latex.tools: [{"name":"latexmk","command":"latexmk","args":["-pdf","-synctex=1","-interaction=nonstopmode","-file-line-error","--shell-escape","%DOC%"]}] .
[12:55:48.580][Extension] Trigger characters for intellisense of LaTeX documents: ["\\",",","{"]
[12:55:48.583][Root] Current workspace folders: ["file://%WS1%"]
[12:55:48.583][Extension] LaTeX Workshop initialized.
[12:55:48.584][Root] Found root file from active editor: %WS1%/final.tex
[12:55:48.584][Root] Root file changed: from %WS1%/final.tex to %WS1%/final.tex, langID latex . Refresh dependencies
[12:55:48.585][Event] ROOT_FILE_CHANGED: "%WS1%/final.tex"
[12:55:48.586][Cacher][Watcher] Reset.
[12:55:48.586][Cacher][Watcher] Reset.
[12:55:48.589][Cacher] Adding %WS1%/final.tex .
[12:55:48.592][Cacher][Watcher] Watched %WS1%/final.tex with a new .* watcher on %WS1% .
[12:55:48.593][Event] FILE_WATCHED: "%WS1%/final.tex"
[12:55:48.596][Cacher] Caching %WS1%/final.tex .
[12:55:48.597][Cacher] Updated inputs of %WS1%/final.tex .
[12:55:48.598][Cacher] Parse LaTeX AST: %WS1%/final.tex .
[12:55:48.598][Event] ROOT_FILE_SEARCHED
[12:55:48.604][Server] valdOrigin is http://127.0.0.1:44061
[12:55:48.662][Viewer][Panel] Internal PDF viewer at http://127.0.0.1:44061/viewer.html?file=pdf..ZmlsZSUzQSUyRiUyRiUyRmhvbWUlMkZhbGV4JTJGRG9jdW1lbnRzJTJGTGFwdG9wLVNlcnZlciUyRlNwcmluZy0yMDI0JTJGTXklMjBFeGFtcyUyMChBbGdvcml0aG1zKSUyRmZpbmFsLnBkZg .
[12:55:48.666][Cacher][Watcher] Watched %WS1%/final.pdf with a new .pdf watcher on %WS1% .
[12:55:48.667][Event] FILE_WATCHED: "%WS1%/final.pdf"
[12:55:48.883][Cacher] Parsed LaTeX AST: %WS1%/final.tex .
[12:55:48.884][File] Calling kpsewhich to resolve article.cls .
[12:55:49.291][File] kpsewhich returned with '/usr/local/texlive/2024/texmf-dist/tex/latex/base/article.cls'.
[12:55:49.298][Cacher] Updated elements in 414.29 ms: %WS1%/final.tex .
[12:55:49.300][Event] FILE_PARSED: "%WS1%/final.tex"
[12:55:49.302][Structure] Structure force updated with 0 root sections for %WS1%/final.tex .
[12:55:49.303][Event] STRUCTURE_UPDATED
[12:55:49.769][Viewer] Handle data type: open
[12:55:49.994][Server] Error reading PDF file://%WS1%/final.pdf EntryNotFound (FileSystemError): Error: ENOENT: no such file or directory, open '%WS1%/final.pdf'
[12:55:50.001]EntryNotFound (FileSystemError): Error: ENOENT: no such file or directory, open '%WS1%/final.pdf'
	at C._handleError (/usr/share/codium/resources/app/out/vs/workbench/api/node/extensionHostProcess.js:151:7462)
	at Object.readFile (/usr/share/codium/resources/app/out/vs/workbench/api/node/extensionHostProcess.js:151:5564)
	at async handler (/home/alex/.vscode-oss/extensions/james-yu.latex-workshop-9.20.1-universal/out/src/preview/server.js:205:37)
[12:56:19.790][Cacher][Watcher] Reset.
[12:56:19.791][Cacher][Watcher] Reset.
