2024-04-24 15:32:48.294 [info] Added views:workbench.panel.markers.view in workbench.panel.markers
2024-04-24 15:32:48.294 [info] Added views:workbench.panel.output in workbench.panel.output
2024-04-24 15:32:48.294 [info] Added views:terminal in terminal
2024-04-24 15:32:48.294 [info] Added views:outline in workbench.view.explorer
2024-04-24 15:32:48.294 [info] Added views:workbench.scm in workbench.view.scm
2024-04-24 15:32:48.294 [info] Added views:workbench.view.search in workbench.view.search
2024-04-24 15:32:48.294 [info] Added views:timeline in workbench.view.explorer
2024-04-24 15:32:48.294 [info] Added views:workbench.explorer.fileView in workbench.view.explorer
2024-04-24 15:32:49.056 [info] Added views:workbench.debug.variablesView,workbench.debug.watchExpressionsView,workbench.debug.callStackView,workbench.debug.breakPointsView in workbench.view.debug
2024-04-24 15:32:49.115 [info] Added views:workbench.panel.repl.view in workbench.panel.repl
2024-04-24 15:32:49.116 [info] Removed views:workbench.debug.breakPointsView,workbench.debug.callStackView,workbench.debug.watchExpressionsView,workbench.debug.variablesView from workbench.view.debug
2024-04-24 15:32:49.117 [info] Added views:workbench.debug.welcome in workbench.view.debug
2024-04-24 15:32:49.721 [info] Added views:~remote.forwardedPorts in ~remote.forwardedPortsContainer
2024-04-24 15:35:10.949 [info] Added views:workbench.panel.markers.view in workbench.panel.markers
2024-04-24 15:35:10.949 [info] Added views:workbench.panel.output in workbench.panel.output
2024-04-24 15:35:10.949 [info] Added views:terminal in terminal
2024-04-24 15:35:10.949 [info] Added views:outline in workbench.view.explorer
2024-04-24 15:35:10.949 [info] Added views:workbench.scm in workbench.view.scm
2024-04-24 15:35:10.949 [info] Added views:workbench.view.search in workbench.view.search
2024-04-24 15:35:10.949 [info] Added views:timeline in workbench.view.explorer
2024-04-24 15:35:10.949 [info] Added views:workbench.explorer.fileView in workbench.view.explorer
2024-04-24 15:35:11.640 [info] Added views:workbench.debug.variablesView,workbench.debug.watchExpressionsView,workbench.debug.callStackView,workbench.debug.breakPointsView in workbench.view.debug
2024-04-24 15:35:11.767 [info] Added views:workbench.panel.repl.view in workbench.panel.repl
2024-04-24 15:35:11.769 [info] Removed views:workbench.debug.breakPointsView,workbench.debug.callStackView,workbench.debug.watchExpressionsView,workbench.debug.variablesView from workbench.view.debug
2024-04-24 15:35:11.770 [info] Added views:workbench.debug.welcome in workbench.view.debug
2024-04-24 15:35:11.891 [info] Added views:~remote.forwardedPorts in ~remote.forwardedPortsContainer
