2024-04-29 21:20:41.478 [info] Log level: Info
2024-04-29 21:20:41.478 [info] Validating found git in: "git"
2024-04-29 21:20:41.478 [info] Using git "2.34.1" from "git"
2024-04-29 21:20:41.478 [warning] Failed to get repository realpath for: "/home/alex/Documents/Laptop-Server/Spring-2024/My Exams (Algorithms)". Error: ENOENT: no such file or directory, realpath '/home/alex/Documents/Laptop-Server/Spring-2024/My Exams (Algorithms)'
2024-04-29 21:21:01.600 [info] Log level: Info
2024-04-29 21:21:01.600 [info] Validating found git in: "git"
2024-04-29 21:21:01.600 [info] Using git "2.34.1" from "git"
2024-04-29 21:21:01.600 [info] > git rev-parse --show-toplevel [13ms]
2024-04-29 21:21:01.609 [info] > git rev-parse --show-toplevel [4ms]
2024-04-29 21:21:01.617 [info] > git rev-parse --show-toplevel [3ms]
2024-04-29 21:21:01.627 [info] > git rev-parse --show-toplevel [4ms]
2024-04-29 21:21:01.643 [info] > git rev-parse --show-toplevel [11ms]
2024-04-29 21:21:01.649 [info] > git rev-parse --show-toplevel [2ms]
2024-04-29 21:21:01.656 [info] > git rev-parse --show-toplevel [1ms]
2024-04-29 21:21:01.663 [info] > git rev-parse --show-toplevel [1ms]
2024-04-29 21:21:01.670 [info] > git rev-parse --show-toplevel [3ms]
2024-04-29 21:21:01.678 [info] > git rev-parse --show-toplevel [2ms]
2024-04-29 21:21:01.684 [info] > git rev-parse --show-toplevel [1ms]
2024-04-29 21:21:01.692 [info] > git rev-parse --show-toplevel [2ms]
2024-04-29 21:21:01.699 [info] > git rev-parse --show-toplevel [2ms]
2024-04-29 21:21:05.309 [info] > git rev-parse --show-toplevel [1ms]
