[14:11:19] Initializing LaTeX Utilities.
[14:11:19] Completion Watcher Initialised
[14:11:19] TexCount args: -merge,-brief
[14:11:19] LaTeX Utilities Started
[14:11:19] LaTeX Utilities version: 0.4.14
[14:11:19] TeXCount output for word: 0+0+0 (0/0/0/0) File: final.tex

[14:11:19] TexCount args: -merge,-brief,-char
[14:11:19] TeXCount output for char: 0+0+0 (0/0/0/0) File: final.tex

[14:11:19] withTelemetry: onDidChangeActiveTextEditor_tex_wordcounter
[14:11:19] withTelemetry: onDidChangeActiveTextEditor_tex_wordcounter
[14:11:19] TexCount args: -merge,-brief
[14:11:20] TeXCount output for word: 606+4+0 (1/0/43/0) File: midterm.tex

[14:11:20] TexCount args: -merge,-brief,-char
[14:11:20] TeXCount output for char: 2618+19+0 (1/0/43/0) File: midterm.tex

[14:11:22] withTelemetry: onDidChangeActiveTextEditor_tex_wordcounter
[14:11:22] withTelemetry: onDidChangeActiveTextEditor_tex_wordcounter
[14:11:22] TexCount args: -merge,-brief
[14:11:23] TeXCount output for word: 0+0+0 (0/0/0/0) File: final.tex

[14:11:23] TexCount args: -merge,-brief,-char
[14:11:23] TeXCount output for char: 0+0+0 (0/0/0/0) File: final.tex

[14:11:25] withTelemetry: onDidSaveTextDocument_tex_wordcounter
[14:11:25] TexCount args: -merge,-brief
[14:11:25] TeXCount output for word: 606+4+0 (1/0/43/0) File: final.tex

[14:11:25] TexCount args: -merge,-brief,-char
[14:11:25] TeXCount output for char: 2618+19+0 (1/0/43/0) File: final.tex

[14:58:37] withTelemetry: onDidChangeActiveTextEditor_tex_wordcounter
[14:58:40] withTelemetry: onDidChangeActiveTextEditor_tex_wordcounter
[14:58:40] TexCount args: -merge,-brief
[14:58:40] TeXCount output for word: 606+4+0 (1/0/43/0) File: final.tex

[14:58:40] TexCount args: -merge,-brief,-char
[14:58:40] TeXCount output for char: 2618+19+0 (1/0/43/0) File: final.tex

[14:59:02] withTelemetry: onDidChangeActiveTextEditor_tex_wordcounter
[14:59:02] withTelemetry: onDidChangeActiveTextEditor_tex_wordcounter
[14:59:02] TexCount args: -merge,-brief
[14:59:02] TeXCount output for word: 1544+3+2 (1/2/24/0) File: hw6.tex

[14:59:02] TexCount args: -merge,-brief,-char
[14:59:02] TeXCount output for char: 7001+21+11 (1/2/24/0) File: hw6.tex

[14:59:09] withTelemetry: onDidChangeActiveTextEditor_tex_wordcounter
[14:59:09] withTelemetry: onDidChangeActiveTextEditor_tex_wordcounter
[14:59:09] TexCount args: -merge,-brief
[14:59:09] TeXCount output for word: 606+4+0 (1/0/43/0) File: midterm.tex

[14:59:09] TexCount args: -merge,-brief,-char
[14:59:09] TeXCount output for char: 2618+19+0 (1/0/43/0) File: midterm.tex

[14:59:14] withTelemetry: onDidChangeActiveTextEditor_tex_wordcounter
[14:59:14] withTelemetry: onDidChangeActiveTextEditor_tex_wordcounter
[14:59:14] TexCount args: -merge,-brief
[14:59:14] TeXCount output for word: 606+4+0 (1/0/43/0) File: final.tex

[14:59:14] TexCount args: -merge,-brief,-char
[14:59:14] TeXCount output for char: 2618+19+0 (1/0/43/0) File: final.tex

[14:59:59] withTelemetry: onDidSaveTextDocument_tex_wordcounter
[14:59:59] TexCount args: -merge,-brief
[15:00:00] TeXCount output for word: 210+4+0 (1/1/7/0) File: final.tex

[15:00:00] TexCount args: -merge,-brief,-char
[15:00:00] TeXCount output for char: 1035+17+0 (1/1/7/0) File: final.tex

[15:00:29] withTelemetry: onDidSaveTextDocument_tex_wordcounter
[15:00:29] TexCount args: -merge,-brief
[15:00:29] TeXCount output for word: 210+4+0 (1/1/7/0) File: final.tex

[15:00:29] TexCount args: -merge,-brief,-char
[15:00:29] TeXCount output for char: 1035+17+0 (1/1/7/0) File: final.tex

[15:01:29] withTelemetry: onDidSaveTextDocument_tex_wordcounter
[15:01:29] TexCount args: -merge,-brief
[15:01:29] TeXCount output for word: 210+4+0 (1/1/7/0) File: final.tex

[15:01:29] TexCount args: -merge,-brief,-char
[15:01:29] TeXCount output for char: 1035+17+0 (1/1/7/0) File: final.tex

[15:04:52] withTelemetry: onDidSaveTextDocument_tex_wordcounter
[15:04:52] TexCount args: -merge,-brief
[15:04:52] TeXCount output for word: 214+4+0 (1/1/7/0) File: final.tex

[15:04:52] TexCount args: -merge,-brief,-char
[15:04:52] TeXCount output for char: 1060+17+0 (1/1/7/0) File: final.tex

[15:05:20] withTelemetry: onDidChangeActiveTextEditor_tex_wordcounter
[15:05:26] withTelemetry: onDidChangeActiveTextEditor_tex_wordcounter
[15:05:26] TexCount args: -merge,-brief
[15:05:26] TeXCount output for word: 214+4+0 (1/1/7/0) File: final.tex

[15:05:26] TexCount args: -merge,-brief,-char
[15:05:26] TeXCount output for char: 1060+17+0 (1/1/7/0) File: final.tex

[15:05:39] withTelemetry: onDidSaveTextDocument_tex_wordcounter
[15:05:39] TexCount args: -merge,-brief
[15:05:39] TeXCount output for word: 214+4+0 (1/1/7/0) File: final.tex

[15:05:39] TexCount args: -merge,-brief,-char
[15:05:39] TeXCount output for char: 1060+17+0 (1/1/7/0) File: final.tex

[15:07:00] withTelemetry: onDidSaveTextDocument_tex_wordcounter
[15:07:00] TexCount args: -merge,-brief
[15:07:01] TeXCount output for word: 214+4+0 (1/1/7/0) File: final.tex

[15:07:01] TexCount args: -merge,-brief,-char
[15:07:01] TeXCount output for char: 1060+17+0 (1/1/7/0) File: final.tex

[15:07:45] withTelemetry: onDidSaveTextDocument_tex_wordcounter
[15:07:45] TexCount args: -merge,-brief
[15:07:45] TeXCount output for word: 214+4+0 (1/1/7/0) File: final.tex

[15:07:45] TexCount args: -merge,-brief,-char
[15:07:45] TeXCount output for char: 1060+17+0 (1/1/7/0) File: final.tex

[15:08:35] withTelemetry: onDidSaveTextDocument_tex_wordcounter
[15:08:35] TexCount args: -merge,-brief
[15:08:35] TeXCount output for word: 214+4+0 (1/1/7/0) File: final.tex

[15:08:35] TexCount args: -merge,-brief,-char
[15:08:35] TeXCount output for char: 1060+17+0 (1/1/7/0) File: final.tex

[15:09:13] withTelemetry: onDidSaveTextDocument_tex_wordcounter
[15:09:13] TexCount args: -merge,-brief
[15:09:13] TeXCount output for word: 214+4+0 (1/1/7/0) File: final.tex

[15:09:13] TexCount args: -merge,-brief,-char
[15:09:13] TeXCount output for char: 1060+17+0 (1/1/7/0) File: final.tex

[15:09:37] withTelemetry: onDidChangeActiveTextEditor_tex_wordcounter
[15:09:39] withTelemetry: onDidChangeActiveTextEditor_tex_wordcounter
[15:09:39] TexCount args: -merge,-brief
[15:09:39] TeXCount output for word: 214+4+0 (1/1/7/0) File: final.tex

[15:09:39] TexCount args: -merge,-brief,-char
[15:09:39] TeXCount output for char: 1060+17+0 (1/1/7/0) File: final.tex

[15:09:41] withTelemetry: onDidChangeActiveTextEditor_tex_wordcounter
[15:09:43] withTelemetry: onDidChangeActiveTextEditor_tex_wordcounter
[15:09:43] TexCount args: -merge,-brief
[15:09:43] TeXCount output for word: 214+4+0 (1/1/7/0) File: final.tex

[15:09:43] TexCount args: -merge,-brief,-char
[15:09:43] TeXCount output for char: 1060+17+0 (1/1/7/0) File: final.tex

[15:10:00] withTelemetry: onDidChangeActiveTextEditor_tex_wordcounter
[15:10:08] withTelemetry: onDidChangeActiveTextEditor_tex_wordcounter
[15:10:08] TexCount args: -merge,-brief
[15:10:09] TeXCount output for word: 214+4+0 (1/1/7/0) File: final.tex

[15:10:09] TexCount args: -merge,-brief,-char
[15:10:09] TeXCount output for char: 1060+17+0 (1/1/7/0) File: final.tex

[15:10:15] withTelemetry: onDidSaveTextDocument_tex_wordcounter
[15:10:15] TexCount args: -merge,-brief
[15:10:15] TeXCount output for word: 214+4+0 (1/1/7/0) File: final.tex

[15:10:15] TexCount args: -merge,-brief,-char
[15:10:15] TeXCount output for char: 1060+17+0 (1/1/7/0) File: final.tex

[15:10:31] \usepackage{ragged2e},\usepackage{amsmath,amssymb},\usepackage{minted},\usepackage{listings},\usepackage{wrapfig},\usepackage{tikz}
[15:10:31] Running command texdef --source --Find --tex latex -p ragged2e -p amsmath,amssymb -p minted -p listings -p wrapfig -p tikz --class [12pt]article \end
[15:10:31] \usepackage{ragged2e},\usepackage{amsmath,amssymb},\usepackage{minted},\usepackage{listings},\usepackage{wrapfig},\usepackage{tikz}
[15:10:31] Running command texdef --source --Find --tex latex -p ragged2e -p amsmath,amssymb -p minted -p listings -p wrapfig -p tikz --class [12pt]article \item
[15:10:32] Took 1074ms to find definition for \end
[15:10:32] Took 990ms to find definition for \item
[15:11:40] withTelemetry: onDidSaveTextDocument_tex_wordcounter
[15:11:40] TexCount args: -merge,-brief
[15:11:40] TeXCount output for word: 214+4+3 (1/2/7/0) File: final.tex

[15:11:40] TexCount args: -merge,-brief,-char
[15:11:40] TeXCount output for char: 1060+17+15 (1/2/7/0) File: final.tex

[15:11:53] withTelemetry: onDidSaveTextDocument_tex_wordcounter
[15:11:53] TexCount args: -merge,-brief
[15:11:53] TeXCount output for word: 214+4+6 (1/2/7/0) File: final.tex

[15:11:53] TexCount args: -merge,-brief,-char
[15:11:53] TeXCount output for char: 1060+17+30 (1/2/7/0) File: final.tex

[15:12:35] withTelemetry: onDidSaveTextDocument_tex_wordcounter
[15:12:35] TexCount args: -merge,-brief
[15:12:35] TeXCount output for word: 230+4+6 (1/2/7/0) File: final.tex

[15:12:35] TexCount args: -merge,-brief,-char
[15:12:35] TeXCount output for char: 1126+17+30 (1/2/7/0) File: final.tex

[15:13:39] withTelemetry: onDidSaveTextDocument_tex_wordcounter
[15:13:39] TexCount args: -merge,-brief
[15:13:39] TeXCount output for word: 230+4+6 (1/2/7/0) File: final.tex

[15:13:39] TexCount args: -merge,-brief,-char
[15:13:40] TeXCount output for char: 1126+17+30 (1/2/7/0) File: final.tex

[15:24:15] withTelemetry: onDidSaveTextDocument_tex_wordcounter
[15:24:15] TexCount args: -merge,-brief
[15:24:15] TeXCount output for word: 230+4+6 (1/2/7/0) File: final.tex

[15:24:15] TexCount args: -merge,-brief,-char
[15:24:16] TeXCount output for char: 1126+17+30 (1/2/7/0) File: final.tex

[15:24:39] withTelemetry: onDidChangeActiveTextEditor_tex_wordcounter
[15:24:54] withTelemetry: onDidChangeActiveTextEditor_tex_wordcounter
[15:24:54] TexCount args: -merge,-brief
[15:24:54] TeXCount output for word: 230+4+6 (1/2/7/0) File: final.tex

[15:24:54] TexCount args: -merge,-brief,-char
[15:24:54] TeXCount output for char: 1126+17+30 (1/2/7/0) File: final.tex

[15:25:01] withTelemetry: onDidChangeActiveTextEditor_tex_wordcounter
[15:25:01] withTelemetry: onDidChangeActiveTextEditor_tex_wordcounter
[15:25:01] TexCount args: -merge,-brief
[15:25:01] TeXCount output for word: 606+4+0 (1/0/43/0) File: midterm.tex

[15:25:01] TexCount args: -merge,-brief,-char
[15:25:01] TeXCount output for char: 2618+19+0 (1/0/43/0) File: midterm.tex

[15:25:01] withTelemetry: onDidChangeActiveTextEditor_tex_wordcounter
[15:25:01] withTelemetry: onDidChangeActiveTextEditor_tex_wordcounter
[15:25:01] TexCount args: -merge,-brief
[15:25:01] TeXCount output for word: 1544+3+2 (1/2/24/0) File: hw6.tex

[15:25:01] TexCount args: -merge,-brief,-char
[15:25:02] TeXCount output for char: 7001+21+11 (1/2/24/0) File: hw6.tex

[15:25:03] withTelemetry: onDidChangeActiveTextEditor_tex_wordcounter
[15:25:03] withTelemetry: onDidChangeActiveTextEditor_tex_wordcounter
[15:25:03] TexCount args: -merge,-brief
[15:25:03] TeXCount output for word: 230+4+6 (1/2/7/0) File: final.tex

[15:25:03] TexCount args: -merge,-brief,-char
[15:25:03] TeXCount output for char: 1126+17+30 (1/2/7/0) File: final.tex

[15:25:23] withTelemetry: onDidSaveTextDocument_tex_wordcounter
[15:25:23] TexCount args: -merge,-brief
[15:25:24] TeXCount output for word: 230+4+6 (1/2/7/0) File: final.tex

[15:25:24] TexCount args: -merge,-brief,-char
[15:25:24] TeXCount output for char: 1126+17+30 (1/2/7/0) File: final.tex

[15:25:44] withTelemetry: onDidChangeActiveTextEditor_tex_wordcounter
[15:25:44] withTelemetry: onDidChangeActiveTextEditor_tex_wordcounter
[15:25:44] TexCount args: -merge,-brief
[15:25:45] TeXCount output for word: 606+4+0 (1/0/43/0) File: midterm.tex

[15:25:45] TexCount args: -merge,-brief,-char
[15:25:45] TeXCount output for char: 2618+19+0 (1/0/43/0) File: midterm.tex

[15:25:47] withTelemetry: onDidChangeActiveTextEditor_tex_wordcounter
[15:25:47] withTelemetry: onDidChangeActiveTextEditor_tex_wordcounter
[15:25:47] TexCount args: -merge,-brief
[15:25:48] TeXCount output for word: 230+4+6 (1/2/7/0) File: final.tex

[15:25:48] TexCount args: -merge,-brief,-char
[15:25:48] TeXCount output for char: 1126+17+30 (1/2/7/0) File: final.tex

[15:25:48] withTelemetry: onDidChangeActiveTextEditor_tex_wordcounter
[15:25:48] withTelemetry: onDidChangeActiveTextEditor_tex_wordcounter
[15:25:48] TexCount args: -merge,-brief
[15:25:49] TeXCount output for word: 1544+3+2 (1/2/24/0) File: hw6.tex

[15:25:49] TexCount args: -merge,-brief,-char
[15:25:49] TeXCount output for char: 7001+21+11 (1/2/24/0) File: hw6.tex

[15:25:50] withTelemetry: onDidChangeActiveTextEditor_tex_wordcounter
[15:25:50] withTelemetry: onDidChangeActiveTextEditor_tex_wordcounter
[15:25:50] TexCount args: -merge,-brief
[15:25:51] TeXCount output for word: 230+4+6 (1/2/7/0) File: final.tex

[15:25:51] TexCount args: -merge,-brief,-char
[15:25:51] TeXCount output for char: 1126+17+30 (1/2/7/0) File: final.tex

[15:25:53] withTelemetry: onDidChangeActiveTextEditor_tex_wordcounter
[15:25:53] withTelemetry: onDidChangeActiveTextEditor_tex_wordcounter
[15:25:53] TexCount args: -merge,-brief
[15:25:53] TeXCount output for word: 1544+3+2 (1/2/24/0) File: hw6.tex

[15:25:53] TexCount args: -merge,-brief,-char
[15:25:54] TeXCount output for char: 7001+21+11 (1/2/24/0) File: hw6.tex

[15:25:55] withTelemetry: onDidChangeActiveTextEditor_tex_wordcounter
[15:25:55] withTelemetry: onDidChangeActiveTextEditor_tex_wordcounter
[15:25:55] TexCount args: -merge,-brief
[15:25:55] TeXCount output for word: 230+4+6 (1/2/7/0) File: final.tex

[15:25:55] TexCount args: -merge,-brief,-char
[15:25:55] TeXCount output for char: 1126+17+30 (1/2/7/0) File: final.tex

[15:26:11] \usepackage{ragged2e},\usepackage{amsmath,amssymb},\usepackage{minted},\usepackage{listings},\usepackage{wrapfig},\usepackage{tikz}
[15:26:11] Running command texdef --source --Find --tex latex -p ragged2e -p amsmath,amssymb -p minted -p listings -p wrapfig -p tikz --class [12pt]article \begin
[15:26:12] Took 862ms to find definition for \begin
[15:26:36] withTelemetry: onDidChangeActiveTextEditor_tex_wordcounter
[15:26:38] withTelemetry: onDidChangeActiveTextEditor_tex_wordcounter
[15:26:38] TexCount args: -merge,-brief
[15:26:38] TeXCount output for word: 230+4+6 (1/2/7/0) File: final.tex

[15:26:38] TexCount args: -merge,-brief,-char
[15:26:38] TeXCount output for char: 1126+17+30 (1/2/7/0) File: final.tex

[15:28:35] withTelemetry: onDidSaveTextDocument_tex_wordcounter
[15:28:35] TexCount args: -merge,-brief
[15:28:36] TeXCount output for word: 261+4+6 (1/2/8/0) File: final.tex

[15:28:36] TexCount args: -merge,-brief,-char
[15:28:36] TeXCount output for char: 1265+17+30 (1/2/8/0) File: final.tex

[15:45:51] withTelemetry: onDidSaveTextDocument_tex_wordcounter
[15:45:51] TexCount args: -merge,-brief
[15:45:51] TeXCount output for word: 327+4+6 (1/2/21/0) File: final.tex

[15:45:51] TexCount args: -merge,-brief,-char
[15:45:51] TeXCount output for char: 1559+17+30 (1/2/21/0) File: final.tex

[15:46:35] withTelemetry: onDidChangeActiveTextEditor_tex_wordcounter
[15:46:46] withTelemetry: onDidChangeActiveTextEditor_tex_wordcounter
[15:46:46] TexCount args: -merge,-brief
[15:46:46] TeXCount output for word: 327+4+6 (1/2/21/0) File: final.tex

[15:46:46] TexCount args: -merge,-brief,-char
[15:46:46] TeXCount output for char: 1559+17+30 (1/2/21/0) File: final.tex

[15:46:54] withTelemetry: onDidChangeActiveTextEditor_tex_wordcounter
[15:47:10] withTelemetry: onDidChangeActiveTextEditor_tex_wordcounter
[15:47:10] TexCount args: -merge,-brief
[15:47:10] TeXCount output for word: 327+4+6 (1/2/21/0) File: final.tex

[15:47:10] TexCount args: -merge,-brief,-char
[15:47:10] TeXCount output for char: 1559+17+30 (1/2/21/0) File: final.tex

[16:58:48] \usepackage{ragged2e},\usepackage{amsmath,amssymb},\usepackage{minted},\usepackage{listings},\usepackage{wrapfig},\usepackage{tikz}
[16:58:48] Running command texdef --source --Find --tex latex -p ragged2e -p amsmath,amssymb -p minted -p listings -p wrapfig -p tikz --class [12pt]article \includegraphics
[16:58:49] Took 1015ms to find definition for \includegraphics
[17:04:26] withTelemetry: onDidSaveTextDocument_tex_wordcounter
[17:04:26] TexCount args: -merge,-brief
[17:04:27] TeXCount output for word: 293+4+9 (1/3/20/0) File: final.tex

[17:04:27] TexCount args: -merge,-brief,-char
[17:04:27] TeXCount output for char: 1414+17+45 (1/3/20/0) File: final.tex

[17:04:42] withTelemetry: onDidChangeActiveTextEditor_tex_wordcounter
[17:04:53] withTelemetry: onDidChangeActiveTextEditor_tex_wordcounter
[17:04:53] TexCount args: -merge,-brief
[17:04:53] TeXCount output for word: 293+4+9 (1/3/20/0) File: final.tex

[17:04:53] TexCount args: -merge,-brief,-char
[17:04:54] TeXCount output for char: 1414+17+45 (1/3/20/0) File: final.tex

[17:23:43] withTelemetry: onDidSaveTextDocument_tex_wordcounter
[17:23:43] TexCount args: -merge,-brief
[17:23:44] TeXCount output for word: 
!!! Environment \begin{figure} ended with \end{itemize}. !!!
323+4+12 (1/4/20/0) File: final.tex
(errors:1)

[17:23:44] TexCount args: -merge,-brief,-char
[17:23:44] TeXCount output for char: 
!!! Environment \begin{figure} ended with \end{itemize}. !!!
1570+17+60 (1/4/20/0) File: final.tex
(errors:1)

[17:23:44] \usepackage{ragged2e},\usepackage{amsmath,amssymb},\usepackage{minted},\usepackage{listings},\usepackage{wrapfig},\usepackage{tikz}
[17:23:44] Running command texdef --source --Find --tex latex -p ragged2e -p amsmath,amssymb -p minted -p listings -p wrapfig -p tikz --class [12pt]article \includegraphics
[17:23:46] Took 1185ms to find definition for \includegraphics
[17:24:29] withTelemetry: onDidSaveTextDocument_tex_wordcounter
[17:24:29] TexCount args: -merge,-brief
[17:24:29] TeXCount output for word: 323+4+12 (1/4/20/0) File: final.tex

[17:24:29] TexCount args: -merge,-brief,-char
[17:24:30] TeXCount output for char: 1570+17+60 (1/4/20/0) File: final.tex

[17:25:15] withTelemetry: onDidChangeActiveTextEditor_tex_wordcounter
[17:25:33] withTelemetry: onDidChangeActiveTextEditor_tex_wordcounter
[17:25:33] TexCount args: -merge,-brief
[17:25:33] TeXCount output for word: 323+4+12 (1/4/20/0) File: final.tex

[17:25:33] TexCount args: -merge,-brief,-char
[17:25:33] TeXCount output for char: 1570+17+60 (1/4/20/0) File: final.tex

[17:25:34] withTelemetry: onDidChangeActiveTextEditor_tex_wordcounter
[17:25:34] withTelemetry: onDidChangeActiveTextEditor_tex_wordcounter
[17:25:34] TexCount args: -merge,-brief
[17:25:34] TeXCount output for word: 1544+3+2 (1/2/24/0) File: hw6.tex

[17:25:34] TexCount args: -merge,-brief,-char
[17:25:34] TeXCount output for char: 7001+21+11 (1/2/24/0) File: hw6.tex

[17:25:36] withTelemetry: onDidChangeActiveTextEditor_tex_wordcounter
[17:25:36] withTelemetry: onDidChangeActiveTextEditor_tex_wordcounter
[17:25:36] TexCount args: -merge,-brief
[17:25:37] TeXCount output for word: 323+4+12 (1/4/20/0) File: final.tex

[17:25:37] TexCount args: -merge,-brief,-char
[17:25:37] TeXCount output for char: 1570+17+60 (1/4/20/0) File: final.tex

[17:26:09] withTelemetry: onDidSaveTextDocument_tex_wordcounter
[17:26:09] TexCount args: -merge,-brief
[17:26:10] TeXCount output for word: 323+4+12 (1/4/20/0) File: final.tex

[17:26:10] TexCount args: -merge,-brief,-char
[17:26:10] TeXCount output for char: 1570+17+60 (1/4/20/0) File: final.tex

[17:27:36] withTelemetry: onDidChangeActiveTextEditor_tex_wordcounter
[17:27:54] withTelemetry: onDidChangeActiveTextEditor_tex_wordcounter
[17:27:54] TexCount args: -merge,-brief
[17:27:55] TeXCount output for word: 323+4+12 (1/4/20/0) File: final.tex

[17:27:55] TexCount args: -merge,-brief,-char
[17:27:55] TeXCount output for char: 1570+17+60 (1/4/20/0) File: final.tex

[17:41:15] withTelemetry: onDidChangeActiveTextEditor_tex_wordcounter
[17:41:24] withTelemetry: onDidChangeActiveTextEditor_tex_wordcounter
[17:41:24] TexCount args: -merge,-brief
[17:41:24] TeXCount output for word: 323+4+12 (1/4/20/0) File: final.tex

[17:41:24] TexCount args: -merge,-brief,-char
[17:41:24] TeXCount output for char: 1570+17+60 (1/4/20/0) File: final.tex

[17:42:00] withTelemetry: onDidChangeActiveTextEditor_tex_wordcounter
