[14:21:35.620][Logger] New log placeholder %WS1% registered for /home/alex/Documents/Laptop-Server/Spring-2024/My Exams (Algorithms) .
[14:21:35.620][Extension] Initializing LaTeX Workshop.
[14:21:35.881][Build][Recipe] Set $LATEXWORKSHOP_DOCKER_LATEX: ""
[14:21:35.935][Server] Creating LaTeX Workshop http and websocket server.
[14:21:36.044][Format][Bib] Bibtex format config: {"tab":"  ","case":"lowercase","left":"{","right":"}","trailingComma":false,"sort":["key"],"alignOnEqual":true,"sortFields":false,"fieldsOrder":[],"firstEntries":["string","xdata"]}
[14:21:36.165][Server] Server successfully started: {"address":"127.0.0.1","family":"IPv4","port":39717} .
[14:21:36.206][Extension] Extension root: /home/alex/.vscode-oss/extensions/james-yu.latex-workshop-9.20.1-universal
[14:21:36.208][Extension] $PATH: /usr/local/texlive/2024/bin/x86_64-linux:/home/alex/.local/bin:/usr/local/texlive/2024/bin/x86_64-linux:/usr/local/texlive/2024/bin/x86_64-linux:/home/alex/.local/bin:/usr/local/sbin:/usr/local/bin:/usr/sbin:/usr/bin:/sbin:/bin:/usr/games:/usr/local/games:/snap/bin:/opt/nvim-linux64/bin
[14:21:36.209][Extension] $SHELL: /bin/bash
[14:21:36.211][Extension] $LANG: en_US.UTF-8
[14:21:36.212][Extension] $LC_ALL: undefined
[14:21:36.212][Extension] process.platform: linux
[14:21:36.213][Extension] process.arch: x64
[14:21:36.213][Extension] vscode.env.appName: VSCodium
[14:21:36.214][Extension] vscode.env.remoteName: undefined
[14:21:36.214][Extension] vscode.env.uiKind: 1
[14:21:36.222][Config] latex-workshop.latex.tools: [{"name":"latexmk","command":"latexmk","args":["-pdf","-synctex=1","-interaction=nonstopmode","-file-line-error","--shell-escape","%DOC%"]}] .
[14:21:36.295][Extension] Trigger characters for intellisense of LaTeX documents: ["\\",",","{"]
[14:21:36.297][Root] Current workspace folders: ["file://%WS1%"]
[14:21:36.297][Extension] LaTeX Workshop initialized.
[14:21:36.301][Root] Found root file from active editor: %WS1%/final.tex
[14:21:36.301][Root] Root file changed: from %WS1%/final.tex to %WS1%/final.tex, langID latex . Refresh dependencies
[14:21:36.302][Event] ROOT_FILE_CHANGED: "%WS1%/final.tex"
[14:21:36.303][Cacher][Watcher] Reset.
[14:21:36.304][Cacher][Watcher] Reset.
[14:21:36.309][Cacher] Adding %WS1%/final.tex .
[14:21:36.310][Cacher][Watcher] Watched %WS1%/final.tex with a new .* watcher on %WS1% .
[14:21:36.311][Event] FILE_WATCHED: "%WS1%/final.tex"
[14:21:36.312][Cacher] Caching %WS1%/final.tex .
[14:21:36.313][Cacher] Updated inputs of %WS1%/final.tex .
[14:21:36.313][Cacher] Parse LaTeX AST: %WS1%/final.tex .
[14:21:36.314][Event] ROOT_FILE_SEARCHED
[14:21:36.321][Server] valdOrigin is http://127.0.0.1:39717
[14:21:36.604][Cacher] Parsed LaTeX AST: %WS1%/final.tex .
[14:21:36.604][File] Calling kpsewhich to resolve article.cls .
[14:21:36.893][File] kpsewhich returned with '/usr/local/texlive/2024/texmf-dist/tex/latex/base/article.cls'.
[14:21:36.903][Cacher] Updated elements in 298.85 ms: %WS1%/final.tex .
[14:21:36.904][Event] FILE_PARSED: "%WS1%/final.tex"
[14:21:36.906][Structure] Structure force updated with 0 root sections for %WS1%/final.tex .
[14:21:36.906][Event] STRUCTURE_UPDATED
[14:25:03.778][Commander] VIEW command invoked with mode: file:///home/alex/Documents/Laptop-Server/Spring-2024/My%20Exams%20%28Algorithms%29/final.tex.
[14:25:03.779][Root] Current workspace folders: ["file://%WS1%"]
[14:25:03.782][Root] Found root file from active editor: %WS1%/final.tex
[14:25:03.783][Root] Keep using the same root file: %WS1%/final.tex
[14:25:03.784][Event] ROOT_FILE_SEARCHED
[14:25:03.786][Event] STRUCTURE_UPDATED
[14:25:03.790][Viewer] Cannot find PDF file file:///home/alex/Documents/Laptop-Server/Spring-2024/My%20Exams%20%28Algorithms%29/final.pdf
[14:25:15.097][Commander] VIEW command invoked with mode: file:///home/alex/Documents/Laptop-Server/Spring-2024/My%20Exams%20%28Algorithms%29/final.tex.
[14:25:15.098][Root] Current workspace folders: ["file://%WS1%"]
[14:25:15.100][Root] Found root file from active editor: %WS1%/final.tex
[14:25:15.102][Root] Keep using the same root file: %WS1%/final.tex
[14:25:15.103][Event] ROOT_FILE_SEARCHED
[14:25:15.104][Event] STRUCTURE_UPDATED
[14:25:15.265][Viewer][Panel] Internal PDF viewer at http://127.0.0.1:39717/viewer.html?file=pdf..ZmlsZSUzQSUyRiUyRiUyRmhvbWUlMkZhbGV4JTJGRG9jdW1lbnRzJTJGTGFwdG9wLVNlcnZlciUyRlNwcmluZy0yMDI0JTJGTXklMjBFeGFtcyUyMChBbGdvcml0aG1zKSUyRmZpbmFsLnBkZg .
[14:25:15.266][Cacher][Watcher] Watched %WS1%/final.pdf with a new .pdf watcher on %WS1% .
[14:25:15.266][Event] FILE_WATCHED: "%WS1%/final.pdf"
[14:25:15.331][Viewer] Open PDF tab for file://%WS1%/final.pdf
[14:25:15.579][Viewer] Handle data type: open
[14:25:15.874][Server] Preview PDF file: file://%WS1%/final.pdf
[14:25:16.208][Viewer] Handle data type: loaded
[14:25:16.208][Event] VIEWER_PAGE_LOADED
[14:27:15.738][Viewer] Handle data type: reverse_synctex
[14:27:15.741][Locator] Backward from %WS1%/final.pdf at x=204.77272727272728, y=295.9090909090908 on page 7.
[14:27:15.767][SyncTeX] Parsing .synctex.gz %WS1%/final.synctex.gz .
[14:27:15.887][Locator] Backward SyncTeX to %WS1%/final.tex .
[14:27:15.913][Event] STRUCTURE_UPDATED
[14:29:02.548][Commander] BUILD command invoked.
[14:29:02.549][Build] The document of the active editor: file://%WS1%/final.tex
[14:29:02.550][Build] The languageId of the document: latex
[14:29:02.551][Root] Current workspace folders: ["file://%WS1%"]
[14:29:02.552][Root] Found root file from active editor: %WS1%/final.tex
[14:29:02.553][Root] Keep using the same root file: %WS1%/final.tex
[14:29:02.554][Event] ROOT_FILE_SEARCHED
[14:29:02.555][Event] STRUCTURE_UPDATED
[14:29:02.557][Build] Building root file: %WS1%/final.tex
[14:29:02.557][Build][Recipe] Build root file %WS1%/final.tex
[14:29:02.738][Extension] onDidSaveTextDocument triggered: file://%WS1%/final.tex
[14:29:02.823][Build][Recipe] Preparing to run recipe: latexmk.
[14:29:02.824][Build][Recipe] Prepared 1 tools.
[14:29:02.833][Build][Recipe] outDir: %WS1% .
[14:29:02.834][Build] Recipe step 1 The command is latexmk:["-pdf","-synctex=1","-interaction=nonstopmode","-file-line-error","--shell-escape","%WS1%/final"].
[14:29:02.835][Build] env: undefined
[14:29:02.835][Build] root: %WS1%/final.tex
[14:29:02.836][Build] cwd: %WS1%
[14:29:02.844][Build] LaTeX build process spawned with PID 4269.
[14:29:24.432][Parser][TexLog] Logged 9 messages.
[14:29:26.013][Build] Recipe returns with error code 12/null on PID 4269.
[14:29:26.014][Build] Does the executable exist? $PATH: /usr/local/texlive/2024/bin/x86_64-linux:/home/alex/.local/bin:/usr/local/texlive/2024/bin/x86_64-linux:/usr/local/texlive/2024/bin/x86_64-linux:/home/alex/.local/bin:/usr/local/sbin:/usr/local/bin:/usr/sbin:/usr/bin:/sbin:/bin:/usr/games:/usr/local/games:/snap/bin:/opt/nvim-linux64/bin, $Path: undefined, $SHELL: /bin/bash
[14:29:26.015][Build] Latexmk: ====Undefined refs and citations with line #s in .tex file:
  Reference `bfs_prob' on page 7 undefined on input line 127
Latexmk: Sometimes, the -f option can be used to get latexmk
  to try to force complete processing.
  But normally, you will need to correct the file(s) that caused the
  error, and then rerun latexmk.
  In some cases, it is best to clean out generated files before rerunning
  latexmk after you've corrected the files.

[14:29:26.019][Build] Cleaning auxiliary files and retrying build after toolchain error.
[14:29:26.023][Cleaner] Clean temporary files command The command is latexmk:["-outdir=%WS1%","-c","%WS1%/final.tex"].
[14:29:26.038][Build] Recipe step 1 The command is latexmk:["-pdf","-synctex=1","-interaction=nonstopmode","-file-line-error","--shell-escape","%WS1%/final"].
[14:29:26.039][Build] env: undefined
[14:29:26.040][Build] root: %WS1%/final.tex
[14:29:26.041][Build] cwd: %WS1%
[14:29:26.048][Build] LaTeX build process spawned with PID 4293.
[14:29:27.813][Build] Recipe returns with error code 12/null on PID 4293.
[14:29:27.814][Build] Does the executable exist? $PATH: /usr/local/texlive/2024/bin/x86_64-linux:/home/alex/.local/bin:/usr/local/texlive/2024/bin/x86_64-linux:/usr/local/texlive/2024/bin/x86_64-linux:/home/alex/.local/bin:/usr/local/sbin:/usr/local/bin:/usr/sbin:/usr/bin:/sbin:/bin:/usr/games:/usr/local/games:/snap/bin:/opt/nvim-linux64/bin, $Path: undefined, $SHELL: /bin/bash
[14:29:27.814][Build] Latexmk: Sometimes, the -f option can be used to get latexmk
  to try to force complete processing.
  But normally, you will need to correct the file(s) that caused the
  error, and then rerun latexmk.
  In some cases, it is best to clean out generated files before rerunning
  latexmk after you've corrected the files.

[14:29:27.821][Event] AUTO_CLEANED
[14:30:07.450][Commander] BUILD command invoked.
[14:30:07.451][Build] The document of the active editor: file://%WS1%/final.tex
[14:30:07.451][Build] The languageId of the document: latex
[14:30:07.452][Root] Current workspace folders: ["file://%WS1%"]
[14:30:07.454][Root] Found root file from active editor: %WS1%/final.tex
[14:30:07.454][Root] Keep using the same root file: %WS1%/final.tex
[14:30:07.455][Event] ROOT_FILE_SEARCHED
[14:30:07.456][Event] STRUCTURE_UPDATED
[14:30:07.456][Build] Building root file: %WS1%/final.tex
[14:30:07.457][Build][Recipe] Build root file %WS1%/final.tex
[14:30:07.593][Extension] onDidSaveTextDocument triggered: file://%WS1%/final.tex
[14:30:07.667][Build][Recipe] Preparing to run recipe: latexmk.
[14:30:07.667][Build][Recipe] Prepared 1 tools.
[14:30:07.668][Build][Recipe] outDir: %WS1% .
[14:30:07.668][Build] Recipe step 1 The command is latexmk:["-pdf","-synctex=1","-interaction=nonstopmode","-file-line-error","--shell-escape","%WS1%/final"].
[14:30:07.669][Build] env: undefined
[14:30:07.669][Build] root: %WS1%/final.tex
[14:30:07.669][Build] cwd: %WS1%
[14:30:07.673][Build] LaTeX build process spawned with PID 4306.
[14:30:29.743][Parser][TexLog] Logged 14 messages.
[14:30:31.069][Build] Recipe returns with error code 12/null on PID 4306.
[14:30:31.070][Build] Does the executable exist? $PATH: /usr/local/texlive/2024/bin/x86_64-linux:/home/alex/.local/bin:/usr/local/texlive/2024/bin/x86_64-linux:/usr/local/texlive/2024/bin/x86_64-linux:/home/alex/.local/bin:/usr/local/sbin:/usr/local/bin:/usr/sbin:/usr/bin:/sbin:/bin:/usr/games:/usr/local/games:/snap/bin:/opt/nvim-linux64/bin, $Path: undefined, $SHELL: /bin/bash
[14:30:31.070][Build] Latexmk: ====Undefined refs and citations with line #s in .tex file:
  Reference `connected_multi_choice' on page 2 undefined on input line 53
  Reference `mb_delete' on page 4 undefined on input line 93
  Reference `dfs_prob' on page 5 undefined on input line 105
  Reference `topo_sort_prob' on page 6 undefined on input line 118
  Reference `bfs_prob' on page 7 undefined on input line 127
  Reference `dijkstra_prob' on page 8 undefined on input line 144
Latexmk: Sometimes, the -f option can be used to get latexmk
  to try to force complete processing.
  But normally, you will need to correct the file(s) that caused the
  error, and then rerun latexmk.
  In some cases, it is best to clean out generated files before rerunning
  latexmk after you've corrected the files.

[14:30:31.072][Build] Cleaning auxiliary files and retrying build after toolchain error.
[14:30:31.073][Cleaner] Clean temporary files command The command is latexmk:["-outdir=%WS1%","-c","%WS1%/final.tex"].
[14:30:31.087][Build] Recipe step 1 The command is latexmk:["-pdf","-synctex=1","-interaction=nonstopmode","-file-line-error","--shell-escape","%WS1%/final"].
[14:30:31.088][Build] env: undefined
[14:30:31.089][Build] root: %WS1%/final.tex
[14:30:31.090][Build] cwd: %WS1%
[14:30:31.100][Build] LaTeX build process spawned with PID 4331.
[14:30:32.928][Build] Recipe returns with error code 12/null on PID 4331.
[14:30:32.929][Build] Does the executable exist? $PATH: /usr/local/texlive/2024/bin/x86_64-linux:/home/alex/.local/bin:/usr/local/texlive/2024/bin/x86_64-linux:/usr/local/texlive/2024/bin/x86_64-linux:/home/alex/.local/bin:/usr/local/sbin:/usr/local/bin:/usr/sbin:/usr/bin:/sbin:/bin:/usr/games:/usr/local/games:/snap/bin:/opt/nvim-linux64/bin, $Path: undefined, $SHELL: /bin/bash
[14:30:32.929][Build] Latexmk: Sometimes, the -f option can be used to get latexmk
  to try to force complete processing.
  But normally, you will need to correct the file(s) that caused the
  error, and then rerun latexmk.
  In some cases, it is best to clean out generated files before rerunning
  latexmk after you've corrected the files.

[14:30:32.934][Event] AUTO_CLEANED
[14:31:00.448][Commander] BUILD command invoked.
[14:31:00.449][Build] The document of the active editor: file://%WS1%/final.tex
[14:31:00.450][Build] The languageId of the document: latex
[14:31:00.451][Root] Current workspace folders: ["file://%WS1%"]
[14:31:00.453][Root] Found root file from active editor: %WS1%/final.tex
[14:31:00.453][Root] Keep using the same root file: %WS1%/final.tex
[14:31:00.454][Event] ROOT_FILE_SEARCHED
[14:31:00.455][Event] STRUCTURE_UPDATED
[14:31:00.456][Build] Building root file: %WS1%/final.tex
[14:31:00.456][Build][Recipe] Build root file %WS1%/final.tex
[14:31:00.586][Extension] onDidSaveTextDocument triggered: file://%WS1%/final.tex
[14:31:00.664][Build][Recipe] Preparing to run recipe: latexmk.
[14:31:00.665][Build][Recipe] Prepared 1 tools.
[14:31:00.666][Build][Recipe] outDir: %WS1% .
[14:31:00.667][Build] Recipe step 1 The command is latexmk:["-pdf","-synctex=1","-interaction=nonstopmode","-file-line-error","--shell-escape","%WS1%/final"].
[14:31:00.668][Build] env: undefined
[14:31:00.668][Build] root: %WS1%/final.tex
[14:31:00.668][Build] cwd: %WS1%
[14:31:00.673][Build] LaTeX build process spawned with PID 4339.
[14:31:42.985][Parser][TexLog] Logged 14 messages.
[14:31:44.359][Build] Finished a step in recipe with PID 4339.
[14:31:44.360][Build] Successfully built %WS1%/final.tex .
[14:31:44.361][Event] BUILD_DONE
[14:31:44.363][Viewer] Call refreshExistingViewer: "%WS1%/final.pdf" .
[14:31:44.363][Viewer] Refresh PDF viewer: %WS1%/final.pdf
[14:31:44.408][Cacher] Parsing .fls %WS1%/final.fls .
[14:31:44.535][Cacher] Adding %WS1%/graph_2.png .
[14:31:44.536][Cacher][Watcher] Watched %WS1%/graph_2.png by the .* watcher.
[14:31:44.536][Event] FILE_WATCHED: "%WS1%/graph_2.png"
[14:31:44.541][Cacher] Adding %WS1%/graph_1.png .
[14:31:44.541][Cacher][Watcher] Watched %WS1%/graph_1.png by the .* watcher.
[14:31:44.542][Event] FILE_WATCHED: "%WS1%/graph_1.png"
[14:31:44.544][Cacher] Adding %WS1%/dfs_graph.png .
[14:31:44.545][Cacher][Watcher] Watched %WS1%/dfs_graph.png by the .* watcher.
[14:31:44.545][Event] FILE_WATCHED: "%WS1%/dfs_graph.png"
[14:31:44.547][Cacher] Adding %WS1%/topo_sort_graph.png .
[14:31:44.547][Cacher][Watcher] Watched %WS1%/topo_sort_graph.png by the .* watcher.
[14:31:44.548][Event] FILE_WATCHED: "%WS1%/topo_sort_graph.png"
[14:31:44.550][Cacher] Adding %WS1%/bfs_graph.png .
[14:31:44.551][Cacher][Watcher] Watched %WS1%/bfs_graph.png by the .* watcher.
[14:31:44.551][Event] FILE_WATCHED: "%WS1%/bfs_graph.png"
[14:31:44.552][Cacher] Adding %WS1%/graph_dijkstra.png .
[14:31:44.553][Cacher][Watcher] Watched %WS1%/graph_dijkstra.png by the .* watcher.
[14:31:44.553][Event] FILE_WATCHED: "%WS1%/graph_dijkstra.png"
[14:31:44.554][Cacher] Found .aux %WS1%/final.tex from .fls %WS1%/final.fls , parsing.
[14:31:44.592][Cacher] Parsed .aux %WS1%/final.tex .
[14:31:44.593][Cacher] Parsed .fls %WS1%/final.fls .
[14:31:44.710][Server] Preview PDF file: file://%WS1%/final.pdf
[14:31:44.845][Viewer] Handle data type: loaded
[14:31:44.845][Event] VIEWER_PAGE_LOADED
[14:32:08.954][Commander] BUILD command invoked.
[14:32:08.955][Build] The document of the active editor: file://%WS1%/final.tex
[14:32:08.956][Build] The languageId of the document: latex
[14:32:08.956][Root] Current workspace folders: ["file://%WS1%"]
[14:32:08.959][Root] Found root file from active editor: %WS1%/final.tex
[14:32:08.959][Root] Keep using the same root file: %WS1%/final.tex
[14:32:08.959][Event] ROOT_FILE_SEARCHED
[14:32:08.960][Event] STRUCTURE_UPDATED
[14:32:08.960][Build] Building root file: %WS1%/final.tex
[14:32:08.960][Build][Recipe] Build root file %WS1%/final.tex
[14:32:09.122][Extension] onDidSaveTextDocument triggered: file://%WS1%/final.tex
[14:32:09.197][Build][Recipe] Preparing to run recipe: latexmk.
[14:32:09.198][Build][Recipe] Prepared 1 tools.
[14:32:09.199][Build][Recipe] outDir: %WS1% .
[14:32:09.200][Build] Recipe step 1 The command is latexmk:["-pdf","-synctex=1","-interaction=nonstopmode","-file-line-error","--shell-escape","%WS1%/final"].
[14:32:09.200][Build] env: undefined
[14:32:09.200][Build] root: %WS1%/final.tex
[14:32:09.200][Build] cwd: %WS1%
[14:32:09.204][Build] LaTeX build process spawned with PID 4384.
[14:32:29.993][Parser][TexLog] Logged 2 messages.
[14:32:31.412][Build] Finished a step in recipe with PID 4384.
[14:32:31.414][Build] Successfully built %WS1%/final.tex .
[14:32:31.415][Event] BUILD_DONE
[14:32:31.416][Viewer] Call refreshExistingViewer: "%WS1%/final.pdf" .
[14:32:31.417][Viewer] Refresh PDF viewer: %WS1%/final.pdf
[14:32:31.459][Cacher] Parsing .fls %WS1%/final.fls .
[14:32:31.589][Cacher] Found .aux %WS1%/final.tex from .fls %WS1%/final.fls , parsing.
[14:32:31.628][Cacher] Parsed .aux %WS1%/final.tex .
[14:32:31.629][Cacher] Parsed .fls %WS1%/final.fls .
[14:32:31.750][Server] Preview PDF file: file://%WS1%/final.pdf
[14:32:31.849][Viewer] Handle data type: loaded
[14:32:31.850][Event] VIEWER_PAGE_LOADED
[14:33:13.825][Viewer] Handle data type: reverse_synctex
[14:33:13.826][Locator] Backward from %WS1%/final.pdf at x=239.54545454545456, y=285.090909090909 on page 7.
[14:33:13.908][SyncTeX] Parsing .synctex.gz %WS1%/final.synctex.gz .
[14:33:14.100][Locator] Backward SyncTeX to %WS1%/final.tex .
[14:33:14.116][Event] STRUCTURE_UPDATED
[14:34:49.125][Commander] BUILD command invoked.
[14:34:49.126][Build] The document of the active editor: file://%WS1%/final.tex
[14:34:49.127][Build] The languageId of the document: latex
[14:34:49.128][Root] Current workspace folders: ["file://%WS1%"]
[14:34:49.130][Root] Found root file from active editor: %WS1%/final.tex
[14:34:49.131][Root] Keep using the same root file: %WS1%/final.tex
[14:34:49.131][Event] ROOT_FILE_SEARCHED
[14:34:49.132][Event] STRUCTURE_UPDATED
[14:34:49.133][Build] Building root file: %WS1%/final.tex
[14:34:49.134][Build][Recipe] Build root file %WS1%/final.tex
[14:34:49.271][Extension] onDidSaveTextDocument triggered: file://%WS1%/final.tex
[14:34:49.349][Build][Recipe] Preparing to run recipe: latexmk.
[14:34:49.349][Build][Recipe] Prepared 1 tools.
[14:34:49.350][Build][Recipe] outDir: %WS1% .
[14:34:49.351][Build] Recipe step 1 The command is latexmk:["-pdf","-synctex=1","-interaction=nonstopmode","-file-line-error","--shell-escape","%WS1%/final"].
[14:34:49.351][Build] env: undefined
[14:34:49.351][Build] root: %WS1%/final.tex
[14:34:49.351][Build] cwd: %WS1%
[14:34:49.355][Build] LaTeX build process spawned with PID 4445.
[14:35:10.524][Parser][TexLog] Logged 2 messages.
[14:35:12.012][Build] Finished a step in recipe with PID 4445.
[14:35:12.013][Build] Successfully built %WS1%/final.tex .
[14:35:12.015][Event] BUILD_DONE
[14:35:12.019][Viewer] Call refreshExistingViewer: "%WS1%/final.pdf" .
[14:35:12.020][Viewer] Refresh PDF viewer: %WS1%/final.pdf
[14:35:12.067][Cacher] Parsing .fls %WS1%/final.fls .
[14:35:12.209][Cacher] Found .aux %WS1%/final.tex from .fls %WS1%/final.fls , parsing.
[14:35:12.251][Cacher] Parsed .aux %WS1%/final.tex .
[14:35:12.251][Cacher] Parsed .fls %WS1%/final.fls .
[14:35:12.379][Server] Preview PDF file: file://%WS1%/final.pdf
[14:35:12.496][Viewer] Handle data type: loaded
[14:35:12.497][Event] VIEWER_PAGE_LOADED
[14:39:46.764][Viewer] Handle data type: reverse_synctex
[14:39:46.765][Locator] Backward from %WS1%/final.pdf at x=193.18181818181822, y=365.4545454545454 on page 3.
[14:39:46.846][SyncTeX] Parsing .synctex.gz %WS1%/final.synctex.gz .
[14:39:47.004][Locator] Backward SyncTeX to %WS1%/final.tex .
[14:39:47.039][Event] STRUCTURE_UPDATED
[14:40:44.256][Viewer] Handle data type: reverse_synctex
[14:40:44.257][Locator] Backward from %WS1%/final.pdf at x=193.18181818181822, y=346.9090909090909 on page 4.
[14:40:44.280][SyncTeX] Parsing .synctex.gz %WS1%/final.synctex.gz .
[14:40:44.419][Locator] Backward SyncTeX to %WS1%/final.tex .
[14:40:44.440][Event] STRUCTURE_UPDATED
[14:40:58.385][Commander] BUILD command invoked.
[14:40:58.385][Build] The document of the active editor: file://%WS1%/final.tex
[14:40:58.385][Build] The languageId of the document: latex
[14:40:58.385][Root] Current workspace folders: ["file://%WS1%"]
[14:40:58.386][Root] Found root file from active editor: %WS1%/final.tex
[14:40:58.386][Root] Keep using the same root file: %WS1%/final.tex
[14:40:58.386][Event] ROOT_FILE_SEARCHED
[14:40:58.387][Event] STRUCTURE_UPDATED
[14:40:58.387][Build] Building root file: %WS1%/final.tex
[14:40:58.387][Build][Recipe] Build root file %WS1%/final.tex
[14:40:58.524][Extension] onDidSaveTextDocument triggered: file://%WS1%/final.tex
[14:40:58.597][Build][Recipe] Preparing to run recipe: latexmk.
[14:40:58.598][Build][Recipe] Prepared 1 tools.
[14:40:58.599][Build][Recipe] outDir: %WS1% .
[14:40:58.600][Build] Recipe step 1 The command is latexmk:["-pdf","-synctex=1","-interaction=nonstopmode","-file-line-error","--shell-escape","%WS1%/final"].
[14:40:58.600][Build] env: undefined
[14:40:58.600][Build] root: %WS1%/final.tex
[14:40:58.601][Build] cwd: %WS1%
[14:40:58.606][Build] LaTeX build process spawned with PID 4553.
[14:41:19.906][Parser][TexLog] Logged 2 messages.
[14:41:21.276][Build] Finished a step in recipe with PID 4553.
[14:41:21.277][Build] Successfully built %WS1%/final.tex .
[14:41:21.277][Event] BUILD_DONE
[14:41:21.279][Viewer] Call refreshExistingViewer: "%WS1%/final.pdf" .
[14:41:21.281][Viewer] Refresh PDF viewer: %WS1%/final.pdf
[14:41:21.321][Cacher] Parsing .fls %WS1%/final.fls .
[14:41:21.453][Cacher] Found .aux %WS1%/final.tex from .fls %WS1%/final.fls , parsing.
[14:41:21.495][Cacher] Parsed .aux %WS1%/final.tex .
[14:41:21.495][Cacher] Parsed .fls %WS1%/final.fls .
[14:41:21.615][Server] Preview PDF file: file://%WS1%/final.pdf
[14:41:21.766][Viewer] Handle data type: loaded
[14:41:21.766][Event] VIEWER_PAGE_LOADED
[14:41:23.652][Viewer] Handle data type: reverse_synctex
[14:41:23.653][Locator] Backward from %WS1%/final.pdf at x=317.59090909090907, y=99.63636363636348 on page 7.
[14:41:23.698][SyncTeX] Parsing .synctex.gz %WS1%/final.synctex.gz .
[14:41:23.821][Locator] Backward SyncTeX to %WS1%/final.tex .
[14:41:23.841][Event] STRUCTURE_UPDATED
[14:41:40.073][Commander] BUILD command invoked.
[14:41:40.074][Build] The document of the active editor: file://%WS1%/final.tex
[14:41:40.075][Build] The languageId of the document: latex
[14:41:40.076][Root] Current workspace folders: ["file://%WS1%"]
[14:41:40.078][Root] Found root file from active editor: %WS1%/final.tex
[14:41:40.078][Root] Keep using the same root file: %WS1%/final.tex
[14:41:40.079][Event] ROOT_FILE_SEARCHED
[14:41:40.080][Event] STRUCTURE_UPDATED
[14:41:40.080][Build] Building root file: %WS1%/final.tex
[14:41:40.081][Build][Recipe] Build root file %WS1%/final.tex
[14:41:40.220][Extension] onDidSaveTextDocument triggered: file://%WS1%/final.tex
[14:41:40.293][Build][Recipe] Preparing to run recipe: latexmk.
[14:41:40.293][Build][Recipe] Prepared 1 tools.
[14:41:40.294][Build][Recipe] outDir: %WS1% .
[14:41:40.295][Build] Recipe step 1 The command is latexmk:["-pdf","-synctex=1","-interaction=nonstopmode","-file-line-error","--shell-escape","%WS1%/final"].
[14:41:40.295][Build] env: undefined
[14:41:40.295][Build] root: %WS1%/final.tex
[14:41:40.295][Build] cwd: %WS1%
[14:41:40.299][Build] LaTeX build process spawned with PID 4583.
[14:42:21.638][Parser][TexLog] Logged 1 messages.
[14:42:23.066][Build] Finished a step in recipe with PID 4583.
[14:42:23.067][Build] Successfully built %WS1%/final.tex .
[14:42:23.068][Event] BUILD_DONE
[14:42:23.070][Viewer] Call refreshExistingViewer: "%WS1%/final.pdf" .
[14:42:23.071][Viewer] Refresh PDF viewer: %WS1%/final.pdf
[14:42:23.116][Cacher] Parsing .fls %WS1%/final.fls .
[14:42:23.249][Cacher] Found .aux %WS1%/final.tex from .fls %WS1%/final.fls , parsing.
[14:42:23.290][Cacher] Parsed .aux %WS1%/final.tex .
[14:42:23.290][Cacher] Parsed .fls %WS1%/final.fls .
[14:42:23.397][Server] Preview PDF file: file://%WS1%/final.pdf
[14:42:23.537][Viewer] Handle data type: loaded
[14:42:23.538][Event] VIEWER_PAGE_LOADED
[14:43:10.233][Viewer] Handle data type: reverse_synctex
[14:43:10.234][Locator] Backward from %WS1%/final.pdf at x=129.8181818181818, y=288.9545454545454 on page 1.
[14:43:10.316][SyncTeX] Parsing .synctex.gz %WS1%/final.synctex.gz .
[14:43:10.433][Locator] Backward SyncTeX to %WS1%/final.tex .
[14:43:10.454][Event] STRUCTURE_UPDATED
[14:43:47.470][Extension] onDidSaveTextDocument triggered: file://%WS1%/final.tex
[14:43:49.557][Cacher][Watcher] Reset.
[14:43:49.558][Cacher][Watcher] Reset.
