[14:21:36] Initializing LaTeX Utilities.
[14:21:36] Completion Watcher Initialised
[14:21:36] TexCount args: -merge,-brief
[14:21:36] LaTeX Utilities Started
[14:21:36] LaTeX Utilities version: 0.4.14
[14:21:36] TeXCount output for word: 373+4+12 (1/4/21/0) File: final.tex

[14:21:36] TexCount args: -merge,-brief,-char
[14:21:36] TeXCount output for char: 1824+17+60 (1/4/21/0) File: final.tex

[14:25:29] withTelemetry: onDidChangeActiveTextEditor_tex_wordcounter
[14:27:15] withTelemetry: onDidChangeActiveTextEditor_tex_wordcounter
[14:27:15] TexCount args: -merge,-brief
[14:27:16] TeXCount output for word: 527+4+18 (1/6/42/0) File: final.tex

[14:27:16] TexCount args: -merge,-brief,-char
[14:27:16] TeXCount output for char: 2468+17+90 (1/6/42/0) File: final.tex

[14:28:32] \usepackage{ragged2e},\usepackage{amsmath,amssymb},\usepackage{minted},\usepackage{listings},\usepackage{wrapfig},\usepackage{tikz}
[14:28:32] Running command texdef --source --Find --tex latex -p ragged2e -p amsmath,amssymb -p minted -p listings -p wrapfig -p tikz --class [12pt]article \hspace
[14:28:33] Took 934ms to find definition for \hspace
[14:28:43] \usepackage{ragged2e},\usepackage{amsmath,amssymb},\usepackage{minted},\usepackage{listings},\usepackage{wrapfig},\usepackage{tikz}
[14:28:43] Running command texdef --source --Find --tex latex -p ragged2e -p amsmath,amssymb -p minted -p listings -p wrapfig -p tikz --class [12pt]article \hspace
[14:28:44] Took 771ms to find definition for \hspace
[14:28:45] \usepackage{ragged2e},\usepackage{amsmath,amssymb},\usepackage{minted},\usepackage{listings},\usepackage{wrapfig},\usepackage{tikz}
[14:28:45] Running command texdef --source --Find --tex latex -p ragged2e -p amsmath,amssymb -p minted -p listings -p wrapfig -p tikz --class [12pt]article \hspace
[14:28:45] Took 754ms to find definition for \hspace
[14:29:02] withTelemetry: onDidSaveTextDocument_tex_wordcounter
[14:29:02] TexCount args: -merge,-brief
[14:29:02] TeXCount output for word: 537+4+18 (1/6/42/0) File: final.tex

[14:29:02] TexCount args: -merge,-brief,-char
[14:29:03] TeXCount output for char: 2518+17+90 (1/6/42/0) File: final.tex

[14:30:07] withTelemetry: onDidSaveTextDocument_tex_wordcounter
[14:30:07] TexCount args: -merge,-brief
[14:30:07] TeXCount output for word: 537+4+18 (1/6/42/0) File: final.tex

[14:30:07] TexCount args: -merge,-brief,-char
[14:30:07] TeXCount output for char: 2518+17+90 (1/6/42/0) File: final.tex

[14:31:00] withTelemetry: onDidSaveTextDocument_tex_wordcounter
[14:31:00] TexCount args: -merge,-brief
[14:31:00] TeXCount output for word: 537+4+18 (1/6/42/0) File: final.tex

[14:31:00] TexCount args: -merge,-brief,-char
[14:31:00] TeXCount output for char: 2518+17+90 (1/6/42/0) File: final.tex

[14:32:09] withTelemetry: onDidSaveTextDocument_tex_wordcounter
[14:32:09] TexCount args: -merge,-brief
[14:32:09] TeXCount output for word: 537+4+18 (1/6/42/0) File: final.tex

[14:32:09] TexCount args: -merge,-brief,-char
[14:32:09] TeXCount output for char: 2518+17+90 (1/6/42/0) File: final.tex

[14:33:12] withTelemetry: onDidChangeActiveTextEditor_tex_wordcounter
[14:33:14] withTelemetry: onDidChangeActiveTextEditor_tex_wordcounter
[14:33:14] TexCount args: -merge,-brief
[14:33:14] TeXCount output for word: 537+4+18 (1/6/42/0) File: final.tex

[14:33:14] TexCount args: -merge,-brief,-char
[14:33:14] TeXCount output for char: 2518+17+90 (1/6/42/0) File: final.tex

[14:34:49] withTelemetry: onDidSaveTextDocument_tex_wordcounter
[14:34:49] TexCount args: -merge,-brief
[14:34:49] TeXCount output for word: 591+4+18 (1/6/42/0) File: final.tex

[14:34:49] TexCount args: -merge,-brief,-char
[14:34:49] TeXCount output for char: 2728+17+90 (1/6/42/0) File: final.tex

[14:35:50] withTelemetry: onDidChangeActiveTextEditor_tex_wordcounter
[14:39:47] withTelemetry: onDidChangeActiveTextEditor_tex_wordcounter
[14:39:47] TexCount args: -merge,-brief
[14:39:47] TeXCount output for word: 591+4+18 (1/6/42/0) File: final.tex

[14:39:47] TexCount args: -merge,-brief,-char
[14:39:47] TeXCount output for char: 2728+17+90 (1/6/42/0) File: final.tex

[14:40:42] withTelemetry: onDidChangeActiveTextEditor_tex_wordcounter
[14:40:44] withTelemetry: onDidChangeActiveTextEditor_tex_wordcounter
[14:40:44] TexCount args: -merge,-brief
[14:40:44] TeXCount output for word: 591+4+18 (1/6/42/0) File: final.tex

[14:40:44] TexCount args: -merge,-brief,-char
[14:40:44] TeXCount output for char: 2728+17+90 (1/6/42/0) File: final.tex

[14:40:58] withTelemetry: onDidSaveTextDocument_tex_wordcounter
[14:40:58] TexCount args: -merge,-brief
[14:40:58] TeXCount output for word: 593+4+18 (1/6/42/0) File: final.tex

[14:40:58] TexCount args: -merge,-brief,-char
[14:40:58] TeXCount output for char: 2730+17+90 (1/6/42/0) File: final.tex

[14:41:04] withTelemetry: onDidChangeActiveTextEditor_tex_wordcounter
[14:41:23] withTelemetry: onDidChangeActiveTextEditor_tex_wordcounter
[14:41:23] TexCount args: -merge,-brief
[14:41:24] TeXCount output for word: 593+4+18 (1/6/42/0) File: final.tex

[14:41:24] TexCount args: -merge,-brief,-char
[14:41:24] TeXCount output for char: 2730+17+90 (1/6/42/0) File: final.tex

[14:41:40] withTelemetry: onDidSaveTextDocument_tex_wordcounter
[14:41:40] TexCount args: -merge,-brief
[14:41:40] TeXCount output for word: 593+4+18 (1/6/42/0) File: final.tex

[14:41:40] TexCount args: -merge,-brief,-char
[14:41:40] TeXCount output for char: 2730+17+90 (1/6/42/0) File: final.tex

[14:43:10] withTelemetry: onDidChangeActiveTextEditor_tex_wordcounter
[14:43:10] withTelemetry: onDidChangeActiveTextEditor_tex_wordcounter
[14:43:10] TexCount args: -merge,-brief
[14:43:10] TeXCount output for word: 593+4+18 (1/6/42/0) File: final.tex

[14:43:10] TexCount args: -merge,-brief,-char
[14:43:10] TeXCount output for char: 2730+17+90 (1/6/42/0) File: final.tex

[14:43:47] withTelemetry: onDidSaveTextDocument_tex_wordcounter
[14:43:47] TexCount args: -merge,-brief
[14:43:47] TeXCount output for word: 560+4+18 (1/6/42/0) File: final.tex

[14:43:47] TexCount args: -merge,-brief,-char
[14:43:47] TeXCount output for char: 2591+17+90 (1/6/42/0) File: final.tex

