[21:21:05] Initializing LaTeX Utilities.
[21:21:05] Completion Watcher Initialised
[21:21:05] TexCount args: -merge,-brief
[21:21:05] LaTeX Utilities Started
[21:21:05] LaTeX Utilities version: 0.4.14
[21:21:06] TeXCount output for word: 3158+4+0 (1/0/147/1) File: complexity_theory.tex

[21:21:06] TexCount args: -merge,-brief,-char
[21:21:06] TeXCount output for char: 14396+33+0 (1/0/147/1) File: complexity_theory.tex

[21:21:59] withTelemetry: onDidChangeActiveTextEditor_tex_wordcounter
[21:21:59] withTelemetry: onDidChangeActiveTextEditor_tex_wordcounter
[21:21:59] TexCount args: -merge,-brief
[21:21:59] TeXCount output for word: 3158+4+0 (1/0/147/1) File: complexity_theory.tex

[21:21:59] TexCount args: -merge,-brief,-char
[21:22:00] TeXCount output for char: 14396+33+0 (1/0/147/1) File: complexity_theory.tex

[21:28:15] withTelemetry: onDidSaveTextDocument_tex_wordcounter
[21:28:15] TexCount args: -merge,-brief
[21:28:15] TeXCount output for word: 3251+4+0 (1/0/147/1) File: complexity_theory.tex

[21:28:15] TexCount args: -merge,-brief,-char
[21:28:15] TeXCount output for char: 14908+33+0 (1/0/147/1) File: complexity_theory.tex

[21:28:28] withTelemetry: onDidChangeActiveTextEditor_tex_wordcounter
[21:28:29] withTelemetry: onDidChangeActiveTextEditor_tex_wordcounter
[21:28:29] TexCount args: -merge,-brief
[21:28:29] TeXCount output for word: 3251+4+0 (1/0/147/1) File: complexity_theory.tex

[21:28:29] TexCount args: -merge,-brief,-char
[21:28:30] TeXCount output for char: 14908+33+0 (1/0/147/1) File: complexity_theory.tex

[21:32:26] withTelemetry: onDidSaveTextDocument_tex_wordcounter
[21:32:26] TexCount args: -merge,-brief
[21:32:26] TeXCount output for word: 3274+4+0 (1/0/147/1) File: complexity_theory.tex

[21:32:26] TexCount args: -merge,-brief,-char
[21:32:26] TeXCount output for char: 15004+33+0 (1/0/147/1) File: complexity_theory.tex

[21:32:42] withTelemetry: onDidChangeActiveTextEditor_tex_wordcounter
[21:32:56] withTelemetry: onDidChangeActiveTextEditor_tex_wordcounter
[21:32:56] TexCount args: -merge,-brief
[21:32:56] TeXCount output for word: 3274+4+0 (1/0/147/1) File: complexity_theory.tex

[21:32:56] TexCount args: -merge,-brief,-char
[21:32:56] TeXCount output for char: 15004+33+0 (1/0/147/1) File: complexity_theory.tex

[21:33:44] withTelemetry: onDidChangeActiveTextEditor_tex_wordcounter
[21:33:53] withTelemetry: onDidChangeActiveTextEditor_tex_wordcounter
[21:33:53] TexCount args: -merge,-brief
[21:33:53] TeXCount output for word: 3274+4+0 (1/0/147/1) File: complexity_theory.tex

[21:33:53] TexCount args: -merge,-brief,-char
[21:33:54] TeXCount output for char: 15004+33+0 (1/0/147/1) File: complexity_theory.tex

[21:37:24] withTelemetry: onDidChangeActiveTextEditor_tex_wordcounter
[21:37:24] withTelemetry: onDidChangeActiveTextEditor_tex_wordcounter
[21:37:24] TexCount args: -merge,-brief
[21:37:24] TeXCount output for word: 3274+4+0 (1/0/147/1) File: complexity_theory.tex

[21:37:24] TexCount args: -merge,-brief,-char
[21:37:25] TeXCount output for char: 15004+33+0 (1/0/147/1) File: complexity_theory.tex

[21:37:52] withTelemetry: onDidChangeActiveTextEditor_tex_wordcounter
[21:38:19] withTelemetry: onDidChangeActiveTextEditor_tex_wordcounter
[21:38:19] TexCount args: -merge,-brief
[21:38:19] TeXCount output for word: 3274+4+0 (1/0/147/1) File: complexity_theory.tex

[21:38:19] TexCount args: -merge,-brief,-char
[21:38:20] TeXCount output for char: 15004+33+0 (1/0/147/1) File: complexity_theory.tex

[21:40:53] withTelemetry: onDidSaveTextDocument_tex_wordcounter
[21:40:53] TexCount args: -merge,-brief
[21:40:53] TeXCount output for word: 3306+4+0 (1/0/146/1) File: complexity_theory.tex

[21:40:53] TexCount args: -merge,-brief,-char
[21:40:53] TeXCount output for char: 15179+33+0 (1/0/146/1) File: complexity_theory.tex

[21:41:23] withTelemetry: onDidChangeActiveTextEditor_tex_wordcounter
[21:41:27] withTelemetry: onDidChangeActiveTextEditor_tex_wordcounter
[21:41:27] TexCount args: -merge,-brief
[21:41:27] TeXCount output for word: 3306+4+0 (1/0/146/1) File: complexity_theory.tex

[21:41:27] TexCount args: -merge,-brief,-char
[21:41:27] TeXCount output for char: 15179+33+0 (1/0/146/1) File: complexity_theory.tex

[21:43:02] withTelemetry: onDidSaveTextDocument_tex_wordcounter
[21:43:02] TexCount args: -merge,-brief
[21:43:02] TeXCount output for word: 3317+4+0 (1/0/146/1) File: complexity_theory.tex

[21:43:02] TexCount args: -merge,-brief,-char
[21:43:02] TeXCount output for char: 15221+33+0 (1/0/146/1) File: complexity_theory.tex

[21:44:45] withTelemetry: onDidChangeActiveTextEditor_tex_wordcounter
[21:44:55] withTelemetry: onDidChangeActiveTextEditor_tex_wordcounter
[21:44:55] TexCount args: -merge,-brief
[21:44:55] TeXCount output for word: 3317+4+0 (1/0/146/1) File: complexity_theory.tex

[21:44:55] TexCount args: -merge,-brief,-char
[21:44:55] TeXCount output for char: 15221+33+0 (1/0/146/1) File: complexity_theory.tex

[21:44:56] withTelemetry: onDidSaveTextDocument_tex_wordcounter
[21:44:56] TexCount args: -merge,-brief
[21:44:56] TeXCount output for word: 3317+4+0 (1/0/146/1) File: complexity_theory.tex

[21:44:56] TexCount args: -merge,-brief,-char
[21:44:56] TeXCount output for char: 15221+33+0 (1/0/146/1) File: complexity_theory.tex

