2024-04-29 14:02:37.439 [info] Added views:workbench.panel.markers.view in workbench.panel.markers
2024-04-29 14:02:37.439 [info] Added views:workbench.panel.output in workbench.panel.output
2024-04-29 14:02:37.439 [info] Added views:terminal in terminal
2024-04-29 14:02:37.439 [info] Added views:outline in workbench.view.explorer
2024-04-29 14:02:37.439 [info] Added views:workbench.scm in workbench.view.scm
2024-04-29 14:02:37.439 [info] Added views:workbench.view.search in workbench.view.search
2024-04-29 14:02:37.439 [info] Added views:timeline in workbench.view.explorer
2024-04-29 14:02:37.439 [info] Added views:workbench.explorer.fileView in workbench.view.explorer
2024-04-29 14:02:38.070 [info] Added views:workbench.debug.variablesView,workbench.debug.watchExpressionsView,workbench.debug.callStackView,workbench.debug.breakPointsView in workbench.view.debug
2024-04-29 14:02:38.099 [info] Added views:workbench.panel.repl.view in workbench.panel.repl
2024-04-29 14:02:38.100 [info] Removed views:workbench.debug.breakPointsView,workbench.debug.callStackView,workbench.debug.watchExpressionsView,workbench.debug.variablesView from workbench.view.debug
2024-04-29 14:02:38.101 [info] Added views:workbench.debug.welcome in workbench.view.debug
2024-04-29 14:02:38.533 [info] Added views:~remote.forwardedPorts in ~remote.forwardedPortsContainer
2024-04-29 14:11:10.320 [info] Added views:workbench.panel.markers.view in workbench.panel.markers
2024-04-29 14:11:10.320 [info] Added views:workbench.panel.output in workbench.panel.output
2024-04-29 14:11:10.320 [info] Added views:terminal in terminal
2024-04-29 14:11:10.320 [info] Added views:outline in workbench.view.explorer
2024-04-29 14:11:10.320 [info] Added views:workbench.scm in workbench.view.scm
2024-04-29 14:11:10.320 [info] Added views:workbench.view.search in workbench.view.search
2024-04-29 14:11:10.320 [info] Added views:timeline in workbench.view.explorer
2024-04-29 14:11:10.320 [info] Added views:workbench.explorer.fileView in workbench.view.explorer
2024-04-29 14:11:10.759 [info] Added views:workbench.debug.variablesView,workbench.debug.watchExpressionsView,workbench.debug.callStackView,workbench.debug.breakPointsView in workbench.view.debug
2024-04-29 14:11:10.942 [info] Added views:~remote.forwardedPorts in ~remote.forwardedPortsContainer
2024-04-29 14:11:10.986 [info] Added views:workbench.panel.repl.view in workbench.panel.repl
2024-04-29 14:11:10.988 [info] Removed views:workbench.debug.breakPointsView,workbench.debug.callStackView,workbench.debug.watchExpressionsView,workbench.debug.variablesView from workbench.view.debug
2024-04-29 14:11:10.989 [info] Added views:workbench.debug.welcome in workbench.view.debug
2024-04-29 14:11:19.076 [info] Added views:latex-workshop-commands,latex-workshop-structure,latex-workshop-snippet-view in workbench.view.extension.latex-workshop-activitybar
