[13:29:45.047][Logger] New log placeholder %WS1% registered for /home/alex/Documents/Laptop-Server/Spring-2024/My Exams (Algorithms) .
[13:29:45.047][Extension] Initializing LaTeX Workshop.
[13:29:45.235][Build][Recipe] Set $LATEXWORKSHOP_DOCKER_LATEX: ""
[13:29:45.279][Server] Creating LaTeX Workshop http and websocket server.
[13:29:45.382][Format][Bib] Bibtex format config: {"tab":"  ","case":"lowercase","left":"{","right":"}","trailingComma":false,"sort":["key"],"alignOnEqual":true,"sortFields":false,"fieldsOrder":[],"firstEntries":["string","xdata"]}
[13:29:45.442][Server] Server successfully started: {"address":"127.0.0.1","family":"IPv4","port":34211} .
[13:29:45.508][Extension] Extension root: /home/alex/.vscode-oss/extensions/james-yu.latex-workshop-9.20.1-universal
[13:29:45.508][Extension] $PATH: /usr/local/texlive/2024/bin/x86_64-linux:/home/alex/.local/bin:/usr/local/texlive/2024/bin/x86_64-linux:/usr/local/texlive/2024/bin/x86_64-linux:/home/alex/.local/bin:/usr/local/sbin:/usr/local/bin:/usr/sbin:/usr/bin:/sbin:/bin:/usr/games:/usr/local/games:/snap/bin
[13:29:45.508][Extension] $SHELL: /bin/bash
[13:29:45.508][Extension] $LANG: en_US.UTF-8
[13:29:45.509][Extension] $LC_ALL: undefined
[13:29:45.509][Extension] process.platform: linux
[13:29:45.509][Extension] process.arch: x64
[13:29:45.509][Extension] vscode.env.appName: VSCodium
[13:29:45.509][Extension] vscode.env.remoteName: undefined
[13:29:45.509][Extension] vscode.env.uiKind: 1
[13:29:45.512][Config] latex-workshop.latex.tools: [{"name":"latexmk","command":"latexmk","args":["-pdf","-synctex=1","-interaction=nonstopmode","-file-line-error","--shell-escape","%DOC%"]}] .
[13:29:45.566][Extension] Trigger characters for intellisense of LaTeX documents: ["\\",",","{"]
[13:29:45.568][Root] Current workspace folders: ["file://%WS1%"]
[13:29:45.568][Extension] LaTeX Workshop initialized.
[13:29:45.569][Root] Found root file from active editor: %WS1%/final.tex
[13:29:45.569][Root] Root file changed: from %WS1%/final.tex to %WS1%/final.tex, langID latex . Refresh dependencies
[13:29:45.569][Event] ROOT_FILE_CHANGED: "%WS1%/final.tex"
[13:29:45.570][Cacher][Watcher] Reset.
[13:29:45.570][Cacher][Watcher] Reset.
[13:29:45.574][Cacher] Adding %WS1%/final.tex .
[13:29:45.577][Cacher][Watcher] Watched %WS1%/final.tex with a new .* watcher on %WS1% .
[13:29:45.578][Event] FILE_WATCHED: "%WS1%/final.tex"
[13:29:45.582][Cacher] Caching %WS1%/final.tex .
[13:29:45.625][Cacher] Updated inputs of %WS1%/final.tex .
[13:29:45.626][Cacher] Parse LaTeX AST: %WS1%/final.tex .
[13:29:45.627][Event] ROOT_FILE_SEARCHED
[13:29:45.638][Server] valdOrigin is http://127.0.0.1:34211
[13:29:45.845][Cacher] Parsed LaTeX AST: %WS1%/final.tex .
[13:29:45.846][File] Calling kpsewhich to resolve article.cls .
[13:29:46.073][File] kpsewhich returned with '/usr/local/texlive/2024/texmf-dist/tex/latex/base/article.cls'.
[13:29:46.077][Cacher] Updated elements in 231.37 ms: %WS1%/final.tex .
[13:29:46.078][Event] FILE_PARSED: "%WS1%/final.tex"
[13:29:46.080][Cacher] Parsing .fls %WS1%/final.fls .
[13:29:46.254][Cacher] Adding %WS1%/graph_2.png .
[13:29:46.255][Cacher][Watcher] Watched %WS1%/graph_2.png by the .* watcher.
[13:29:46.257][Event] FILE_WATCHED: "%WS1%/graph_2.png"
[13:29:46.261][Cacher] Adding %WS1%/graph_1.png .
[13:29:46.262][Cacher][Watcher] Watched %WS1%/graph_1.png by the .* watcher.
[13:29:46.263][Event] FILE_WATCHED: "%WS1%/graph_1.png"
[13:29:46.266][Cacher] Adding %WS1%/dfs_graph.png .
[13:29:46.266][Cacher][Watcher] Watched %WS1%/dfs_graph.png by the .* watcher.
[13:29:46.267][Event] FILE_WATCHED: "%WS1%/dfs_graph.png"
[13:29:46.269][Cacher] Adding %WS1%/topo_sort_graph.png .
[13:29:46.270][Cacher][Watcher] Watched %WS1%/topo_sort_graph.png by the .* watcher.
[13:29:46.270][Event] FILE_WATCHED: "%WS1%/topo_sort_graph.png"
[13:29:46.271][Cacher] Found .aux %WS1%/final.tex from .fls %WS1%/final.fls , parsing.
[13:29:46.315][Cacher] Parsed .aux %WS1%/final.tex .
[13:29:46.316][Cacher] Parsed .fls %WS1%/final.fls .
[13:29:46.319][Structure] Structure force updated with 0 root sections for %WS1%/final.tex .
[13:29:46.320][Event] STRUCTURE_UPDATED
[13:29:47.185][Commander] VIEW command invoked with mode: file:///home/alex/Documents/Laptop-Server/Spring-2024/My%20Exams%20%28Algorithms%29/final.tex.
[13:29:47.186][Root] Current workspace folders: ["file://%WS1%"]
[13:29:47.187][Root] Found root file from active editor: %WS1%/final.tex
[13:29:47.188][Root] Keep using the same root file: %WS1%/final.tex
[13:29:47.189][Event] ROOT_FILE_SEARCHED
[13:29:47.190][Event] STRUCTURE_UPDATED
[13:29:47.302][Viewer][Panel] Internal PDF viewer at http://127.0.0.1:34211/viewer.html?file=pdf..ZmlsZSUzQSUyRiUyRiUyRmhvbWUlMkZhbGV4JTJGRG9jdW1lbnRzJTJGTGFwdG9wLVNlcnZlciUyRlNwcmluZy0yMDI0JTJGTXklMjBFeGFtcyUyMChBbGdvcml0aG1zKSUyRmZpbmFsLnBkZg .
[13:29:47.304][Cacher][Watcher] Watched %WS1%/final.pdf with a new .pdf watcher on %WS1% .
[13:29:47.304][Event] FILE_WATCHED: "%WS1%/final.pdf"
[13:29:47.372][Viewer] Open PDF tab for file://%WS1%/final.pdf
[13:29:47.631][Viewer] Handle data type: open
[13:29:47.891][Server] Preview PDF file: file://%WS1%/final.pdf
[13:29:48.146][Viewer] Handle data type: loaded
[13:29:48.147][Event] VIEWER_PAGE_LOADED
[13:30:04.654][Event] STRUCTURE_UPDATED
[13:30:21.183][Commander] BUILD command invoked.
[13:30:21.184][Build] The document of the active editor: file://%WS1%/final.tex
[13:30:21.184][Build] The languageId of the document: latex
[13:30:21.184][Root] Current workspace folders: ["file://%WS1%"]
[13:30:21.185][Root] Found root file from active editor: %WS1%/final.tex
[13:30:21.185][Root] Keep using the same root file: %WS1%/final.tex
[13:30:21.185][Event] ROOT_FILE_SEARCHED
[13:30:21.185][Event] STRUCTURE_UPDATED
[13:30:21.185][Build] Building root file: %WS1%/final.tex
[13:30:21.186][Build][Recipe] Build root file %WS1%/final.tex
[13:30:21.236][Build][Recipe] Preparing to run recipe: latexmk.
[13:30:21.237][Build][Recipe] Prepared 1 tools.
[13:30:21.256][Build][Recipe] outDir: %WS1% .
[13:30:21.258][Build] Recipe step 1 The command is latexmk:["-pdf","-synctex=1","-interaction=nonstopmode","-file-line-error","--shell-escape","%WS1%/final"].
[13:30:21.259][Build] env: undefined
[13:30:21.259][Build] root: %WS1%/final.tex
[13:30:21.260][Build] cwd: %WS1%
[13:30:21.271][Build] LaTeX build process spawned with PID 11358.
[13:30:21.916][Build] Finished a step in recipe with PID 11358.
[13:30:21.917][Build] Successfully built %WS1%/final.tex .
[13:30:21.919][Event] BUILD_DONE
[13:32:04.451][Viewer] Handle data type: reverse_synctex
[13:32:04.453][Locator] Backward from %WS1%/final.pdf at x=115.80275229357795, y=583.5550458715596 on page 2.
[13:32:04.528][SyncTeX] Parsing .synctex.gz %WS1%/final.synctex.gz .
[13:32:04.656][Locator] Backward SyncTeX to %WS1%/final.tex .
[13:32:04.711][Event] STRUCTURE_UPDATED
[13:32:11.564][Viewer] Handle data type: reverse_synctex
[13:32:11.565][Locator] Backward from %WS1%/final.pdf at x=167.7385321100917, y=511.2660550458716 on page 2.
[13:32:11.586][SyncTeX] Parsing .synctex.gz %WS1%/final.synctex.gz .
[13:32:11.659][Locator] Backward SyncTeX to %WS1%/final.tex .
[13:32:11.705][Event] STRUCTURE_UPDATED
[13:32:12.238][Viewer] Handle data type: reverse_synctex
[13:32:12.239][Locator] Backward from %WS1%/final.pdf at x=171.94954128440364, y=517.5825688073395 on page 2.
[13:32:12.259][SyncTeX] Parsing .synctex.gz %WS1%/final.synctex.gz .
[13:32:12.329][Locator] Backward SyncTeX to %WS1%/final.tex .
[13:32:45.139][Commander] BUILD command invoked.
[13:32:45.140][Build] The document of the active editor: file://%WS1%/final.tex
[13:32:45.140][Build] The languageId of the document: latex
[13:32:45.141][Root] Current workspace folders: ["file://%WS1%"]
[13:32:45.143][Root] Found root file from active editor: %WS1%/final.tex
[13:32:45.144][Root] Keep using the same root file: %WS1%/final.tex
[13:32:45.145][Event] ROOT_FILE_SEARCHED
[13:32:45.146][Event] STRUCTURE_UPDATED
[13:32:45.147][Build] Building root file: %WS1%/final.tex
[13:32:45.147][Build][Recipe] Build root file %WS1%/final.tex
[13:32:45.304][Extension] onDidSaveTextDocument triggered: file://%WS1%/final.tex
[13:32:45.380][Build][Recipe] Preparing to run recipe: latexmk.
[13:32:45.381][Build][Recipe] Prepared 1 tools.
[13:32:45.382][Build][Recipe] outDir: %WS1% .
[13:32:45.382][Build] Recipe step 1 The command is latexmk:["-pdf","-synctex=1","-interaction=nonstopmode","-file-line-error","--shell-escape","%WS1%/final"].
[13:32:45.383][Build] env: undefined
[13:32:45.383][Build] root: %WS1%/final.tex
[13:32:45.383][Build] cwd: %WS1%
[13:32:45.387][Build] LaTeX build process spawned with PID 11399.
[13:32:45.389][Cacher][Watcher] "change" emitted on %WS1%/final.tex.
[13:32:45.392][Cacher] Caching %WS1%/final.tex .
[13:32:45.450][Cacher] Updated inputs of %WS1%/final.tex .
[13:32:45.450][Cacher] Parse LaTeX AST: %WS1%/final.tex .
[13:32:45.450][Build] Auto build started detecting the change of a file: %WS1%/final.tex .
[13:32:45.450][Event] AUTO_BUILD_INITIATED: {"type":"onFileChange","file":"%WS1%/final.tex"}
[13:32:45.450][Build] The document of the active editor: file://%WS1%/final.tex
[13:32:45.451][Build] The languageId of the document: latex
[13:32:45.451][Build] Building root file: %WS1%/final.tex
[13:32:45.451][Build][Recipe] Build root file %WS1%/final.tex
[13:32:45.451][Event] FILE_CHANGED: "%WS1%/final.tex"
[13:32:45.508][Build][Recipe] Preparing to run recipe: latexmk.
[13:32:45.508][Build][Recipe] Prepared 1 tools.
[13:32:45.510][Build][Recipe] outDir: %WS1% .
[13:32:45.529][Cacher] Parsed LaTeX AST: %WS1%/final.tex .
[13:32:45.529][File] kpsewhich cache hit on article.cls: /usr/local/texlive/2024/texmf-dist/tex/latex/base/article.cls .
[13:32:45.534][Cacher] Updated elements in 4.89 ms: %WS1%/final.tex .
[13:32:45.535][Event] FILE_PARSED: "%WS1%/final.tex"
[13:32:45.535][Structure] Structure force updated with 0 root sections for %WS1%/final.tex .
[13:32:45.535][Event] STRUCTURE_UPDATED
[13:33:22.194][Cacher][Watcher] "change" emitted on %WS1%/final.pdf after polling for 19794 ms.
[13:33:22.195][Event] FILE_CHANGED: "%WS1%/final.pdf"
[13:33:26.512][Parser][TexLog] Logged 1 messages.
[13:33:28.103][Build] Finished a step in recipe with PID 11399.
[13:33:28.104][Build] Successfully built %WS1%/final.tex .
[13:33:28.107][Event] BUILD_DONE
[13:33:28.108][Viewer] Call refreshExistingViewer: "%WS1%/final.pdf" .
[13:33:28.109][Viewer] Refresh PDF viewer: %WS1%/final.pdf
[13:33:28.152][Cacher] Parsing .fls %WS1%/final.fls .
[13:33:28.266][Cacher] Found .aux %WS1%/final.tex from .fls %WS1%/final.fls , parsing.
[13:33:28.309][Cacher] Parsed .aux %WS1%/final.tex .
[13:33:28.310][Cacher] Parsed .fls %WS1%/final.fls .
[13:33:28.314][Build] Recipe step 1 The command is latexmk:["-pdf","-synctex=1","-interaction=nonstopmode","-file-line-error","--shell-escape","%WS1%/final"].
[13:33:28.314][Build] env: undefined
[13:33:28.315][Build] root: %WS1%/final.tex
[13:33:28.316][Build] cwd: %WS1%
[13:33:28.328][Build] LaTeX build process spawned with PID 11442.
[13:33:28.447][Server] Preview PDF file: file://%WS1%/final.pdf
[13:33:28.592][Viewer] Handle data type: loaded
[13:33:28.593][Event] VIEWER_PAGE_LOADED
[13:33:30.071][Build] Finished a step in recipe with PID 11442.
[13:33:30.073][Build] Successfully built %WS1%/final.tex .
[13:33:30.074][Event] BUILD_DONE
[13:33:30.076][Viewer] Call refreshExistingViewer: "%WS1%/final.pdf" .
[13:33:30.076][Viewer] Refresh PDF viewer: %WS1%/final.pdf
[13:33:30.121][Cacher] Parsing .fls %WS1%/final.fls .
[13:33:30.261][Cacher] Found .aux %WS1%/final.tex from .fls %WS1%/final.fls , parsing.
[13:33:30.299][Cacher] Parsed .aux %WS1%/final.tex .
[13:33:30.300][Cacher] Parsed .fls %WS1%/final.fls .
[13:33:30.400][Server] Preview PDF file: file://%WS1%/final.pdf
[13:33:30.504][Viewer] Handle data type: loaded
[13:33:30.504][Event] VIEWER_PAGE_LOADED
[13:33:35.191][Viewer] Handle data type: reverse_synctex
[13:33:35.192][Locator] Backward from %WS1%/final.pdf at x=134.05045871559633, y=346.334862385321 on page 4.
[13:33:35.216][SyncTeX] Parsing .synctex.gz %WS1%/final.synctex.gz .
[13:33:35.269][Locator] Backward SyncTeX to %WS1%/final.tex .
[13:33:35.288][Event] STRUCTURE_UPDATED
[13:34:02.063][Viewer] Handle data type: reverse_synctex
[13:34:02.063][Locator] Backward from %WS1%/final.pdf at x=188.7935779816514, y=66.30275229357781 on page 5.
[13:34:02.101][SyncTeX] Parsing .synctex.gz %WS1%/final.synctex.gz .
[13:34:02.204][Locator] Backward SyncTeX to %WS1%/final.tex .
[13:34:02.229][Event] STRUCTURE_UPDATED
[13:34:24.891][Commander] BUILD command invoked.
[13:34:24.892][Build] The document of the active editor: file://%WS1%/final.tex
[13:34:24.893][Build] The languageId of the document: latex
[13:34:24.893][Root] Current workspace folders: ["file://%WS1%"]
[13:34:24.895][Root] Found root file from active editor: %WS1%/final.tex
[13:34:24.896][Root] Keep using the same root file: %WS1%/final.tex
[13:34:24.896][Event] ROOT_FILE_SEARCHED
[13:34:24.897][Event] STRUCTURE_UPDATED
[13:34:24.897][Build] Building root file: %WS1%/final.tex
[13:34:24.898][Build][Recipe] Build root file %WS1%/final.tex
[13:34:25.010][Extension] onDidSaveTextDocument triggered: file://%WS1%/final.tex
[13:34:25.083][Build][Recipe] Preparing to run recipe: latexmk.
[13:34:25.083][Build][Recipe] Prepared 1 tools.
[13:34:25.084][Build][Recipe] outDir: %WS1% .
[13:34:25.085][Build] Recipe step 1 The command is latexmk:["-pdf","-synctex=1","-interaction=nonstopmode","-file-line-error","--shell-escape","%WS1%/final"].
[13:34:25.086][Build] env: undefined
[13:34:25.086][Build] root: %WS1%/final.tex
[13:34:25.086][Build] cwd: %WS1%
[13:34:25.091][Build] LaTeX build process spawned with PID 11464.
[13:34:25.093][Cacher][Watcher] "change" emitted on %WS1%/final.tex.
[13:34:25.094][Cacher] Caching %WS1%/final.tex .
[13:34:25.132][Cacher] Updated inputs of %WS1%/final.tex .
[13:34:25.132][Cacher] Parse LaTeX AST: %WS1%/final.tex .
[13:34:25.133][Build] Auto build started detecting the change of a file: %WS1%/final.tex .
[13:34:25.133][Event] AUTO_BUILD_INITIATED: {"type":"onFileChange","file":"%WS1%/final.tex"}
[13:34:25.133][Build] The document of the active editor: file://%WS1%/final.tex
[13:34:25.134][Build] The languageId of the document: latex
[13:34:25.134][Build] Building root file: %WS1%/final.tex
[13:34:25.134][Build][Recipe] Build root file %WS1%/final.tex
[13:34:25.135][Event] FILE_CHANGED: "%WS1%/final.tex"
[13:34:25.186][Build][Recipe] Preparing to run recipe: latexmk.
[13:34:25.186][Build][Recipe] Prepared 1 tools.
[13:34:25.187][Build][Recipe] outDir: %WS1% .
[13:34:25.192][Cacher] Parsed LaTeX AST: %WS1%/final.tex .
[13:34:25.192][File] kpsewhich cache hit on article.cls: /usr/local/texlive/2024/texmf-dist/tex/latex/base/article.cls .
[13:34:25.195][Cacher] Updated elements in 3.46 ms: %WS1%/final.tex .
[13:34:25.196][Event] FILE_PARSED: "%WS1%/final.tex"
[13:34:25.197][Structure] Structure force updated with 0 root sections for %WS1%/final.tex .
[13:34:25.198][Event] STRUCTURE_UPDATED
[13:34:41.368][Cacher][Watcher] "change" emitted on %WS1%/final.pdf after polling for 79110 ms.
[13:34:41.369][Event] FILE_CHANGED: "%WS1%/final.pdf"
[13:35:02.477][Cacher][Watcher] "change" emitted on %WS1%/final.pdf after polling for 21052 ms.
[13:35:02.478][Event] FILE_CHANGED: "%WS1%/final.pdf"
[13:35:06.947][Parser][TexLog] Logged 1 messages.
[13:35:08.488][Build] Finished a step in recipe with PID 11464.
[13:35:08.490][Build] Successfully built %WS1%/final.tex .
[13:35:08.492][Event] BUILD_DONE
[13:35:08.494][Viewer] Call refreshExistingViewer: "%WS1%/final.pdf" .
[13:35:08.495][Viewer] Refresh PDF viewer: %WS1%/final.pdf
[13:35:08.538][Cacher] Parsing .fls %WS1%/final.fls .
[13:35:08.672][Cacher] Found .aux %WS1%/final.tex from .fls %WS1%/final.fls , parsing.
[13:35:08.711][Cacher] Parsed .aux %WS1%/final.tex .
[13:35:08.713][Cacher] Parsed .fls %WS1%/final.fls .
[13:35:08.715][Build] Recipe step 1 The command is latexmk:["-pdf","-synctex=1","-interaction=nonstopmode","-file-line-error","--shell-escape","%WS1%/final"].
[13:35:08.716][Build] env: undefined
[13:35:08.717][Build] root: %WS1%/final.tex
[13:35:08.719][Build] cwd: %WS1%
[13:35:08.731][Build] LaTeX build process spawned with PID 11506.
[13:35:08.898][Server] Preview PDF file: file://%WS1%/final.pdf
[13:35:08.985][Viewer] Handle data type: loaded
[13:35:08.985][Event] VIEWER_PAGE_LOADED
[13:35:10.520][Build] Finished a step in recipe with PID 11506.
[13:35:10.521][Build] Successfully built %WS1%/final.tex .
[13:35:10.522][Event] BUILD_DONE
[13:35:10.523][Viewer] Call refreshExistingViewer: "%WS1%/final.pdf" .
[13:35:10.524][Viewer] Refresh PDF viewer: %WS1%/final.pdf
[13:35:10.570][Cacher] Parsing .fls %WS1%/final.fls .
[13:35:10.714][Cacher] Found .aux %WS1%/final.tex from .fls %WS1%/final.fls , parsing.
[13:35:10.758][Cacher] Parsed .aux %WS1%/final.tex .
[13:35:10.759][Cacher] Parsed .fls %WS1%/final.fls .
[13:35:10.867][Server] Preview PDF file: file://%WS1%/final.pdf
[13:35:10.974][Viewer] Handle data type: loaded
[13:35:10.974][Event] VIEWER_PAGE_LOADED
[13:35:58.075][Viewer] Handle data type: reverse_synctex
[13:35:58.076][Locator] Backward from %WS1%/final.pdf at x=130.54128440366975, y=64.89908256880724 on page 2.
[13:35:58.118][SyncTeX] Parsing .synctex.gz %WS1%/final.synctex.gz .
[13:35:58.223][Locator] Backward SyncTeX to %WS1%/final.tex .
[13:35:58.240][Event] STRUCTURE_UPDATED
[13:37:19.999][Commander] BUILD command invoked.
[13:37:20.000][Build] The document of the active editor: file://%WS1%/final.tex
[13:37:20.000][Build] The languageId of the document: latex
[13:37:20.001][Root] Current workspace folders: ["file://%WS1%"]
[13:37:20.002][Root] Found root file from active editor: %WS1%/final.tex
[13:37:20.002][Root] Keep using the same root file: %WS1%/final.tex
[13:37:20.002][Event] ROOT_FILE_SEARCHED
[13:37:20.003][Event] STRUCTURE_UPDATED
[13:37:20.003][Build] Building root file: %WS1%/final.tex
[13:37:20.003][Build][Recipe] Build root file %WS1%/final.tex
[13:37:20.129][Extension] onDidSaveTextDocument triggered: file://%WS1%/final.tex
[13:37:20.200][Build][Recipe] Preparing to run recipe: latexmk.
[13:37:20.200][Build][Recipe] Prepared 1 tools.
[13:37:20.201][Build][Recipe] outDir: %WS1% .
[13:37:20.202][Build] Recipe step 1 The command is latexmk:["-pdf","-synctex=1","-interaction=nonstopmode","-file-line-error","--shell-escape","%WS1%/final"].
[13:37:20.202][Build] env: undefined
[13:37:20.202][Build] root: %WS1%/final.tex
[13:37:20.203][Build] cwd: %WS1%
[13:37:20.207][Build] LaTeX build process spawned with PID 11555.
[13:37:20.209][Cacher][Watcher] "change" emitted on %WS1%/final.tex.
[13:37:20.212][Cacher] Caching %WS1%/final.tex .
[13:37:20.273][Cacher] Updated inputs of %WS1%/final.tex .
[13:37:20.273][Cacher] Parse LaTeX AST: %WS1%/final.tex .
[13:37:20.273][Build] Auto build started detecting the change of a file: %WS1%/final.tex .
[13:37:20.273][Event] AUTO_BUILD_INITIATED: {"type":"onFileChange","file":"%WS1%/final.tex"}
[13:37:20.273][Build] The document of the active editor: file://%WS1%/final.tex
[13:37:20.273][Build] The languageId of the document: latex
[13:37:20.274][Build] Building root file: %WS1%/final.tex
[13:37:20.274][Build][Recipe] Build root file %WS1%/final.tex
[13:37:20.274][Event] FILE_CHANGED: "%WS1%/final.tex"
[13:37:20.331][Build][Recipe] Preparing to run recipe: latexmk.
[13:37:20.332][Build][Recipe] Prepared 1 tools.
[13:37:20.333][Build][Recipe] outDir: %WS1% .
[13:37:20.341][Cacher] Parsed LaTeX AST: %WS1%/final.tex .
[13:37:20.341][File] kpsewhich cache hit on article.cls: /usr/local/texlive/2024/texmf-dist/tex/latex/base/article.cls .
[13:37:20.345][Cacher] Updated elements in 3.84 ms: %WS1%/final.tex .
[13:37:20.345][Event] FILE_PARSED: "%WS1%/final.tex"
[13:37:20.346][Structure] Structure force updated with 0 root sections for %WS1%/final.tex .
[13:37:20.346][Event] STRUCTURE_UPDATED
[13:37:36.800][Cacher][Watcher] "change" emitted on %WS1%/final.pdf after polling for 154181 ms.
[13:37:36.801][Event] FILE_CHANGED: "%WS1%/final.pdf"
[13:37:57.247][Cacher][Watcher] "change" emitted on %WS1%/final.pdf after polling for 20287 ms.
[13:37:57.247][Event] FILE_CHANGED: "%WS1%/final.pdf"
[13:38:01.476][Parser][TexLog] Logged 1 messages.
[13:38:03.027][Build] Finished a step in recipe with PID 11555.
[13:38:03.028][Build] Successfully built %WS1%/final.tex .
[13:38:03.029][Event] BUILD_DONE
[13:38:03.032][Viewer] Call refreshExistingViewer: "%WS1%/final.pdf" .
[13:38:03.033][Viewer] Refresh PDF viewer: %WS1%/final.pdf
[13:38:03.077][Cacher] Parsing .fls %WS1%/final.fls .
[13:38:03.212][Cacher] Found .aux %WS1%/final.tex from .fls %WS1%/final.fls , parsing.
[13:38:03.252][Cacher] Parsed .aux %WS1%/final.tex .
[13:38:03.253][Cacher] Parsed .fls %WS1%/final.fls .
[13:38:03.254][Build] Recipe step 1 The command is latexmk:["-pdf","-synctex=1","-interaction=nonstopmode","-file-line-error","--shell-escape","%WS1%/final"].
[13:38:03.255][Build] env: undefined
[13:38:03.255][Build] root: %WS1%/final.tex
[13:38:03.256][Build] cwd: %WS1%
[13:38:03.269][Build] LaTeX build process spawned with PID 11595.
[13:38:03.382][Server] Preview PDF file: file://%WS1%/final.pdf
[13:38:03.460][Viewer] Handle data type: loaded
[13:38:03.461][Event] VIEWER_PAGE_LOADED
[13:38:05.069][Build] Finished a step in recipe with PID 11595.
[13:38:05.071][Build] Successfully built %WS1%/final.tex .
[13:38:05.072][Event] BUILD_DONE
[13:38:05.074][Viewer] Call refreshExistingViewer: "%WS1%/final.pdf" .
[13:38:05.074][Viewer] Refresh PDF viewer: %WS1%/final.pdf
[13:38:05.114][Cacher] Parsing .fls %WS1%/final.fls .
[13:38:05.258][Cacher] Found .aux %WS1%/final.tex from .fls %WS1%/final.fls , parsing.
[13:38:05.296][Cacher] Parsed .aux %WS1%/final.tex .
[13:38:05.297][Cacher] Parsed .fls %WS1%/final.fls .
[13:38:05.402][Server] Preview PDF file: file://%WS1%/final.pdf
[13:38:05.490][Viewer] Handle data type: loaded
[13:38:05.490][Event] VIEWER_PAGE_LOADED
[13:38:21.679][Viewer] Handle data type: reverse_synctex
[13:38:21.679][Locator] Backward from %WS1%/final.pdf at x=193.00458715596332, y=293.6972477064219 on page 5.
[13:38:21.702][SyncTeX] Parsing .synctex.gz %WS1%/final.synctex.gz .
[13:38:21.770][Locator] Backward SyncTeX to %WS1%/final.tex .
[13:38:21.815][Event] STRUCTURE_UPDATED
[15:36:57.374][Commander] BUILD command invoked.
[15:36:57.376][Build] The document of the active editor: file://%WS1%/final.tex
[15:36:57.376][Build] The languageId of the document: latex
[15:36:57.377][Root] Current workspace folders: ["file://%WS1%"]
[15:36:57.382][Root] Found root file from active editor: %WS1%/final.tex
[15:36:57.382][Root] Keep using the same root file: %WS1%/final.tex
[15:36:57.383][Event] ROOT_FILE_SEARCHED
[15:36:57.383][Event] STRUCTURE_UPDATED
[15:36:57.384][Build] Building root file: %WS1%/final.tex
[15:36:57.385][Build][Recipe] Build root file %WS1%/final.tex
[15:36:57.510][Extension] onDidSaveTextDocument triggered: file://%WS1%/final.tex
[15:36:57.584][Build][Recipe] Preparing to run recipe: latexmk.
[15:36:57.584][Build][Recipe] Prepared 1 tools.
[15:36:57.585][Build][Recipe] outDir: %WS1% .
[15:36:57.586][Build] Recipe step 1 The command is latexmk:["-pdf","-synctex=1","-interaction=nonstopmode","-file-line-error","--shell-escape","%WS1%/final"].
[15:36:57.586][Build] env: undefined
[15:36:57.586][Build] root: %WS1%/final.tex
[15:36:57.587][Build] cwd: %WS1%
[15:36:57.592][Build] LaTeX build process spawned with PID 15020.
[15:36:57.595][Cacher][Watcher] "change" emitted on %WS1%/final.tex.
[15:36:57.595][Cacher] Caching %WS1%/final.tex .
[15:36:57.646][Cacher] Updated inputs of %WS1%/final.tex .
[15:36:57.646][Cacher] Parse LaTeX AST: %WS1%/final.tex .
[15:36:57.647][Build] Auto build started detecting the change of a file: %WS1%/final.tex .
[15:36:57.647][Event] AUTO_BUILD_INITIATED: {"type":"onFileChange","file":"%WS1%/final.tex"}
[15:36:57.647][Build] The document of the active editor: file://%WS1%/final.tex
[15:36:57.647][Build] The languageId of the document: latex
[15:36:57.648][Build] Building root file: %WS1%/final.tex
[15:36:57.648][Build][Recipe] Build root file %WS1%/final.tex
[15:36:57.648][Event] FILE_CHANGED: "%WS1%/final.tex"
[15:36:57.708][Build][Recipe] Preparing to run recipe: latexmk.
[15:36:57.709][Build][Recipe] Prepared 1 tools.
[15:36:57.709][Build][Recipe] outDir: %WS1% .
[15:36:57.714][Cacher] Parsed LaTeX AST: %WS1%/final.tex .
[15:36:57.715][File] kpsewhich cache hit on article.cls: /usr/local/texlive/2024/texmf-dist/tex/latex/base/article.cls .
[15:36:57.723][Cacher] Updated elements in 8.12 ms: %WS1%/final.tex .
[15:36:57.724][Event] FILE_PARSED: "%WS1%/final.tex"
[15:36:57.724][Structure] Structure force updated with 0 root sections for %WS1%/final.tex .
[15:36:57.725][Event] STRUCTURE_UPDATED
[15:37:14.376][Cacher][Watcher] "change" emitted on %WS1%/final.pdf after polling for 7157112 ms.
[15:37:14.377][Event] FILE_CHANGED: "%WS1%/final.pdf"
[15:37:36.457][Cacher][Watcher] "change" emitted on %WS1%/final.pdf after polling for 22041 ms.
[15:37:36.457][Event] FILE_CHANGED: "%WS1%/final.pdf"
[15:37:41.127][Parser][TexLog] Logged 2 messages.
[15:37:42.584][Build] Finished a step in recipe with PID 15020.
[15:37:42.585][Build] Successfully built %WS1%/final.tex .
[15:37:42.586][Event] BUILD_DONE
[15:37:42.587][Viewer] Call refreshExistingViewer: "%WS1%/final.pdf" .
[15:37:42.588][Viewer] Refresh PDF viewer: %WS1%/final.pdf
[15:37:42.629][Cacher] Parsing .fls %WS1%/final.fls .
[15:37:42.764][Cacher] Adding %WS1%/bfs_graph.png .
[15:37:42.764][Cacher][Watcher] Watched %WS1%/bfs_graph.png by the .* watcher.
[15:37:42.765][Event] FILE_WATCHED: "%WS1%/bfs_graph.png"
[15:37:42.766][Cacher] Found .aux %WS1%/final.tex from .fls %WS1%/final.fls , parsing.
[15:37:42.803][Cacher] Parsed .aux %WS1%/final.tex .
[15:37:42.804][Cacher] Parsed .fls %WS1%/final.fls .
[15:37:42.805][Build] Recipe step 1 The command is latexmk:["-pdf","-synctex=1","-interaction=nonstopmode","-file-line-error","--shell-escape","%WS1%/final"].
[15:37:42.806][Build] env: undefined
[15:37:42.807][Build] root: %WS1%/final.tex
[15:37:42.808][Build] cwd: %WS1%
[15:37:42.825][Build] LaTeX build process spawned with PID 15047.
[15:37:42.939][Server] Preview PDF file: file://%WS1%/final.pdf
[15:37:43.023][Viewer] Handle data type: loaded
[15:37:43.024][Event] VIEWER_PAGE_LOADED
[15:37:44.473][Build] Finished a step in recipe with PID 15047.
[15:37:44.474][Build] Successfully built %WS1%/final.tex .
[15:37:44.475][Event] BUILD_DONE
[15:37:44.476][Viewer] Call refreshExistingViewer: "%WS1%/final.pdf" .
[15:37:44.477][Viewer] Refresh PDF viewer: %WS1%/final.pdf
[15:37:44.516][Cacher] Parsing .fls %WS1%/final.fls .
[15:37:44.645][Cacher] Found .aux %WS1%/final.tex from .fls %WS1%/final.fls , parsing.
[15:37:44.682][Cacher] Parsed .aux %WS1%/final.tex .
[15:37:44.683][Cacher] Parsed .fls %WS1%/final.fls .
[15:37:44.857][Server] Preview PDF file: file://%WS1%/final.pdf
[15:37:44.965][Viewer] Handle data type: loaded
[15:37:44.965][Event] VIEWER_PAGE_LOADED
[15:39:56.348][Event] STRUCTURE_UPDATED
[15:42:31.608][Event] STRUCTURE_UPDATED
[15:43:54.859][Event] STRUCTURE_UPDATED
[15:44:19.034][Commander] BUILD command invoked.
[15:44:19.034][Build] The document of the active editor: file://%WS1%/final.tex
[15:44:19.034][Build] The languageId of the document: latex
[15:44:19.035][Root] Current workspace folders: ["file://%WS1%"]
[15:44:19.035][Root] Found root file from active editor: %WS1%/final.tex
[15:44:19.036][Root] Keep using the same root file: %WS1%/final.tex
[15:44:19.036][Event] ROOT_FILE_SEARCHED
[15:44:19.036][Event] STRUCTURE_UPDATED
[15:44:19.036][Build] Building root file: %WS1%/final.tex
[15:44:19.036][Build][Recipe] Build root file %WS1%/final.tex
[15:44:19.133][Extension] onDidSaveTextDocument triggered: file://%WS1%/final.tex
[15:44:19.174][Build][Recipe] Preparing to run recipe: latexmk.
[15:44:19.174][Build][Recipe] Prepared 1 tools.
[15:44:19.175][Build][Recipe] outDir: %WS1% .
[15:44:19.176][Build] Recipe step 1 The command is latexmk:["-pdf","-synctex=1","-interaction=nonstopmode","-file-line-error","--shell-escape","%WS1%/final"].
[15:44:19.176][Build] env: undefined
[15:44:19.177][Build] root: %WS1%/final.tex
[15:44:19.177][Build] cwd: %WS1%
[15:44:19.182][Build] LaTeX build process spawned with PID 15282.
[15:44:19.184][Cacher][Watcher] "change" emitted on %WS1%/final.tex.
[15:44:19.186][Cacher] Caching %WS1%/final.tex .
[15:44:19.232][Cacher] Updated inputs of %WS1%/final.tex .
[15:44:19.232][Cacher] Parse LaTeX AST: %WS1%/final.tex .
[15:44:19.232][Build] Auto build started detecting the change of a file: %WS1%/final.tex .
[15:44:19.232][Event] AUTO_BUILD_INITIATED: {"type":"onFileChange","file":"%WS1%/final.tex"}
[15:44:19.233][Build] The document of the active editor: file://%WS1%/final.tex
[15:44:19.233][Build] The languageId of the document: latex
[15:44:19.233][Build] Building root file: %WS1%/final.tex
[15:44:19.233][Build][Recipe] Build root file %WS1%/final.tex
[15:44:19.233][Event] FILE_CHANGED: "%WS1%/final.tex"
[15:44:19.281][Build][Recipe] Preparing to run recipe: latexmk.
[15:44:19.281][Build][Recipe] Prepared 1 tools.
[15:44:19.283][Build][Recipe] outDir: %WS1% .
[15:44:19.296][Cacher] Parsed LaTeX AST: %WS1%/final.tex .
[15:44:19.297][File] kpsewhich cache hit on article.cls: /usr/local/texlive/2024/texmf-dist/tex/latex/base/article.cls .
[15:44:19.302][Cacher] Updated elements in 5.13 ms: %WS1%/final.tex .
[15:44:19.302][Event] FILE_PARSED: "%WS1%/final.tex"
[15:44:19.303][Structure] Structure force updated with 0 root sections for %WS1%/final.tex .
[15:44:19.303][Event] STRUCTURE_UPDATED
[15:44:35.811][Cacher][Watcher] "change" emitted on %WS1%/final.pdf after polling for 419286 ms.
[15:44:35.811][Event] FILE_CHANGED: "%WS1%/final.pdf"
[15:44:40.809][Parser][TexLog] Logged 4 messages.
[15:44:42.297][Build] Recipe returns with error code 12/null on PID 15282.
[15:44:42.297][Build] Does the executable exist? $PATH: /usr/local/texlive/2024/bin/x86_64-linux:/home/alex/.local/bin:/usr/local/texlive/2024/bin/x86_64-linux:/usr/local/texlive/2024/bin/x86_64-linux:/home/alex/.local/bin:/usr/local/sbin:/usr/local/bin:/usr/sbin:/usr/bin:/sbin:/bin:/usr/games:/usr/local/games:/snap/bin, $Path: undefined, $SHELL: /bin/bash
[15:44:42.297][Build] Latexmk: ====Undefined refs and citations with line #s in .tex file:
  Reference `bfs_prob' on page 6 undefined on input line 112
Latexmk: Sometimes, the -f option can be used to get latexmk
  to try to force complete processing.
  But normally, you will need to correct the file(s) that caused the
  error, and then rerun latexmk.
  In some cases, it is best to clean out generated files before rerunning
  latexmk after you've corrected the files.

[15:44:42.298][Build] Cleaning auxiliary files and retrying build after toolchain error.
[15:44:42.299][Cleaner] Clean temporary files command The command is latexmk:["-outdir=%WS1%","-c","%WS1%/final.tex"].
[15:44:42.304][Build] Recipe step 1 The command is latexmk:["-pdf","-synctex=1","-interaction=nonstopmode","-file-line-error","--shell-escape","%WS1%/final"].
[15:44:42.305][Build] env: undefined
[15:44:42.305][Build] root: %WS1%/final.tex
[15:44:42.305][Build] cwd: %WS1%
[15:44:42.312][Build] LaTeX build process spawned with PID 15313.
[15:44:44.262][Build] Recipe returns with error code 12/null on PID 15313.
[15:44:44.262][Build] Does the executable exist? $PATH: /usr/local/texlive/2024/bin/x86_64-linux:/home/alex/.local/bin:/usr/local/texlive/2024/bin/x86_64-linux:/usr/local/texlive/2024/bin/x86_64-linux:/home/alex/.local/bin:/usr/local/sbin:/usr/local/bin:/usr/sbin:/usr/bin:/sbin:/bin:/usr/games:/usr/local/games:/snap/bin, $Path: undefined, $SHELL: /bin/bash
[15:44:44.263][Build] Latexmk: Sometimes, the -f option can be used to get latexmk
  to try to force complete processing.
  But normally, you will need to correct the file(s) that caused the
  error, and then rerun latexmk.
  In some cases, it is best to clean out generated files before rerunning
  latexmk after you've corrected the files.

[15:44:44.270][Event] AUTO_CLEANED
[16:41:43.036][Commander] BUILD command invoked.
[16:41:43.037][Build] The document of the active editor: file://%WS1%/final.tex
[16:41:43.037][Build] The languageId of the document: latex
[16:41:43.038][Root] Current workspace folders: ["file://%WS1%"]
[16:41:43.040][Root] Found root file from active editor: %WS1%/final.tex
[16:41:43.040][Root] Keep using the same root file: %WS1%/final.tex
[16:41:43.041][Event] ROOT_FILE_SEARCHED
[16:41:43.042][Event] STRUCTURE_UPDATED
[16:41:43.042][Build] Building root file: %WS1%/final.tex
[16:41:43.043][Build][Recipe] Build root file %WS1%/final.tex
[16:41:43.176][Extension] onDidSaveTextDocument triggered: file://%WS1%/final.tex
[16:41:43.254][Build][Recipe] Preparing to run recipe: latexmk.
[16:41:43.254][Build][Recipe] Prepared 1 tools.
[16:41:43.255][Build][Recipe] outDir: %WS1% .
[16:41:43.256][Build] Recipe step 1 The command is latexmk:["-pdf","-synctex=1","-interaction=nonstopmode","-file-line-error","--shell-escape","%WS1%/final"].
[16:41:43.257][Build] env: undefined
[16:41:43.257][Build] root: %WS1%/final.tex
[16:41:43.257][Build] cwd: %WS1%
[16:41:43.262][Build] LaTeX build process spawned with PID 18356.
[16:41:43.263][Cacher][Watcher] "change" emitted on %WS1%/final.tex.
[16:41:43.265][Cacher] Caching %WS1%/final.tex .
[16:41:43.331][Cacher] Updated inputs of %WS1%/final.tex .
[16:41:43.331][Cacher] Parse LaTeX AST: %WS1%/final.tex .
[16:41:43.332][Build] Auto build started detecting the change of a file: %WS1%/final.tex .
[16:41:43.332][Event] AUTO_BUILD_INITIATED: {"type":"onFileChange","file":"%WS1%/final.tex"}
[16:41:43.332][Build] The document of the active editor: file://%WS1%/final.tex
[16:41:43.332][Build] The languageId of the document: latex
[16:41:43.332][Build] Building root file: %WS1%/final.tex
[16:41:43.333][Build][Recipe] Build root file %WS1%/final.tex
[16:41:43.334][Event] FILE_CHANGED: "%WS1%/final.tex"
[16:41:43.335][Cacher][Watcher] "change" emitted on %WS1%/final.tex.
[16:41:43.336][Cacher] Caching %WS1%/final.tex .
[16:41:43.371][Cacher] Updated inputs of %WS1%/final.tex .
[16:41:43.371][Cacher] Parse LaTeX AST: %WS1%/final.tex .
[16:41:43.371][Build] Auto build started detecting the change of a file: %WS1%/final.tex .
[16:41:43.372][Event] AUTO_BUILD_INITIATED: {"type":"onFileChange","file":"%WS1%/final.tex"}
[16:41:43.372][Build] Autobuild temporarily disabled.
[16:41:43.372][Event] FILE_CHANGED: "%WS1%/final.tex"
[16:41:43.427][Build][Recipe] Preparing to run recipe: latexmk.
[16:41:43.427][Build][Recipe] Prepared 1 tools.
[16:41:43.428][Build][Recipe] outDir: %WS1% .
[16:41:43.437][Cacher] Parsed LaTeX AST: %WS1%/final.tex .
[16:41:43.437][File] kpsewhich cache hit on article.cls: /usr/local/texlive/2024/texmf-dist/tex/latex/base/article.cls .
[16:41:43.444][Cacher] Updated elements in 6.77 ms: %WS1%/final.tex .
[16:41:43.445][Event] FILE_PARSED: "%WS1%/final.tex"
[16:41:43.498][Cacher] Parsed LaTeX AST: %WS1%/final.tex .
[16:41:43.498][File] kpsewhich cache hit on article.cls: /usr/local/texlive/2024/texmf-dist/tex/latex/base/article.cls .
[16:41:43.502][Cacher] Updated elements in 3.54 ms: %WS1%/final.tex .
[16:41:43.503][Event] FILE_PARSED: "%WS1%/final.tex"
[16:41:43.503][Structure] Structure force updated with 0 root sections for %WS1%/final.tex .
[16:41:43.503][Event] STRUCTURE_UPDATED
[16:41:58.899][Cacher][Watcher] "change" emitted on %WS1%/final.pdf after polling for 3443076 ms.
[16:41:58.900][Event] FILE_CHANGED: "%WS1%/final.pdf"
[16:41:59.453][Cacher][Watcher] "change" emitted on %WS1%/final.pdf after polling for 272 ms.
[16:41:59.453][Event] FILE_CHANGED: "%WS1%/final.pdf"
[16:42:23.594][Parser][TexLog] Logged 2 messages.
[16:42:25.049][Build] Finished a step in recipe with PID 18356.
[16:42:25.050][Build] Successfully built %WS1%/final.tex .
[16:42:25.051][Event] BUILD_DONE
[16:42:25.052][Viewer] Call refreshExistingViewer: "%WS1%/final.pdf" .
[16:42:25.053][Viewer] Refresh PDF viewer: %WS1%/final.pdf
[16:42:25.099][Cacher] Parsing .fls %WS1%/final.fls .
[16:42:25.222][Cacher] Found .aux %WS1%/final.tex from .fls %WS1%/final.fls , parsing.
[16:42:25.267][Cacher] Parsed .aux %WS1%/final.tex .
[16:42:25.267][Cacher] Parsed .fls %WS1%/final.fls .
[16:42:25.269][Build] Recipe step 1 The command is latexmk:["-pdf","-synctex=1","-interaction=nonstopmode","-file-line-error","--shell-escape","%WS1%/final"].
[16:42:25.269][Build] env: undefined
[16:42:25.270][Build] root: %WS1%/final.tex
[16:42:25.271][Build] cwd: %WS1%
[16:42:25.285][Build] LaTeX build process spawned with PID 18406.
[16:42:25.408][Server] Preview PDF file: file://%WS1%/final.pdf
[16:42:25.475][Viewer] Handle data type: loaded
[16:42:25.476][Event] VIEWER_PAGE_LOADED
[16:42:27.106][Build] Finished a step in recipe with PID 18406.
[16:42:27.106][Build] Successfully built %WS1%/final.tex .
[16:42:27.106][Event] BUILD_DONE
[16:42:27.107][Viewer] Call refreshExistingViewer: "%WS1%/final.pdf" .
[16:42:27.107][Viewer] Refresh PDF viewer: %WS1%/final.pdf
[16:42:27.258][Cacher] Parsing .fls %WS1%/final.fls .
[16:42:27.592][Cacher] Found .aux %WS1%/final.tex from .fls %WS1%/final.fls , parsing.
[16:42:27.758][Cacher] Parsed .aux %WS1%/final.tex .
[16:42:27.759][Cacher] Parsed .fls %WS1%/final.fls .
[16:42:28.095][Server] Preview PDF file: file://%WS1%/final.pdf
[16:42:28.232][Viewer] Handle data type: loaded
[16:42:28.233][Event] VIEWER_PAGE_LOADED
[16:42:32.511][Event] STRUCTURE_UPDATED
[16:42:50.854][Commander] BUILD command invoked.
[16:42:50.854][Build] The document of the active editor: file://%WS1%/final.tex
[16:42:50.855][Build] The languageId of the document: latex
[16:42:50.856][Root] Current workspace folders: ["file://%WS1%"]
[16:42:50.858][Root] Found root file from active editor: %WS1%/final.tex
[16:42:50.858][Root] Keep using the same root file: %WS1%/final.tex
[16:42:50.858][Event] ROOT_FILE_SEARCHED
[16:42:50.859][Event] STRUCTURE_UPDATED
[16:42:50.859][Build] Building root file: %WS1%/final.tex
[16:42:50.859][Build][Recipe] Build root file %WS1%/final.tex
[16:42:50.945][Extension] onDidSaveTextDocument triggered: file://%WS1%/final.tex
[16:42:51.025][Build][Recipe] Preparing to run recipe: latexmk.
[16:42:51.025][Build][Recipe] Prepared 1 tools.
[16:42:51.028][Build][Recipe] outDir: %WS1% .
[16:42:51.029][Build] Recipe step 1 The command is latexmk:["-pdf","-synctex=1","-interaction=nonstopmode","-file-line-error","--shell-escape","%WS1%/final"].
[16:42:51.029][Build] env: undefined
[16:42:51.029][Build] root: %WS1%/final.tex
[16:42:51.030][Build] cwd: %WS1%
[16:42:51.041][Build] LaTeX build process spawned with PID 18432.
[16:42:51.043][Cacher][Watcher] "change" emitted on %WS1%/final.tex.
[16:42:51.044][Cacher] Caching %WS1%/final.tex .
[16:42:51.089][Cacher] Updated inputs of %WS1%/final.tex .
[16:42:51.089][Cacher] Parse LaTeX AST: %WS1%/final.tex .
[16:42:51.089][Build] Auto build started detecting the change of a file: %WS1%/final.tex .
[16:42:51.090][Event] AUTO_BUILD_INITIATED: {"type":"onFileChange","file":"%WS1%/final.tex"}
[16:42:51.090][Build] The document of the active editor: file://%WS1%/final.tex
[16:42:51.090][Build] The languageId of the document: latex
[16:42:51.090][Build] Building root file: %WS1%/final.tex
[16:42:51.090][Build][Recipe] Build root file %WS1%/final.tex
[16:42:51.091][Event] FILE_CHANGED: "%WS1%/final.tex"
[16:42:51.151][Build][Recipe] Preparing to run recipe: latexmk.
[16:42:51.151][Build][Recipe] Prepared 1 tools.
[16:42:51.152][Build][Recipe] outDir: %WS1% .
[16:42:51.163][Cacher] Parsed LaTeX AST: %WS1%/final.tex .
[16:42:51.164][File] kpsewhich cache hit on article.cls: /usr/local/texlive/2024/texmf-dist/tex/latex/base/article.cls .
[16:42:51.169][Cacher] Updated elements in 5.40 ms: %WS1%/final.tex .
[16:42:51.170][Event] FILE_PARSED: "%WS1%/final.tex"
[16:42:51.171][Structure] Structure force updated with 0 root sections for %WS1%/final.tex .
[16:42:51.171][Event] STRUCTURE_UPDATED
[16:43:11.339][Parser][TexLog] Logged 2 messages.
[16:43:12.667][Build] Finished a step in recipe with PID 18432.
[16:43:12.667][Build] Successfully built %WS1%/final.tex .
[16:43:12.667][Event] BUILD_DONE
[16:43:12.668][Viewer] Call refreshExistingViewer: "%WS1%/final.pdf" .
[16:43:12.668][Viewer] Refresh PDF viewer: %WS1%/final.pdf
[16:43:12.707][Cacher] Parsing .fls %WS1%/final.fls .
[16:43:12.816][Cacher] Adding %WS1%/graph_dijkstra.png .
[16:43:12.816][Cacher][Watcher] Watched %WS1%/graph_dijkstra.png by the .* watcher.
[16:43:12.816][Event] FILE_WATCHED: "%WS1%/graph_dijkstra.png"
[16:43:12.817][Cacher] Found .aux %WS1%/final.tex from .fls %WS1%/final.fls , parsing.
[16:43:12.857][Cacher] Parsed .aux %WS1%/final.tex .
[16:43:12.857][Cacher] Parsed .fls %WS1%/final.fls .
[16:43:12.857][Build] Recipe step 1 The command is latexmk:["-pdf","-synctex=1","-interaction=nonstopmode","-file-line-error","--shell-escape","%WS1%/final"].
[16:43:12.858][Build] env: undefined
[16:43:12.858][Build] root: %WS1%/final.tex
[16:43:12.858][Build] cwd: %WS1%
[16:43:12.865][Build] LaTeX build process spawned with PID 18455.
[16:43:12.962][Server] Preview PDF file: file://%WS1%/final.pdf
[16:43:13.046][Viewer] Handle data type: loaded
[16:43:13.046][Event] VIEWER_PAGE_LOADED
[16:43:14.503][Build] Finished a step in recipe with PID 18455.
[16:43:14.503][Build] Successfully built %WS1%/final.tex .
[16:43:14.504][Event] BUILD_DONE
[16:43:14.505][Viewer] Call refreshExistingViewer: "%WS1%/final.pdf" .
[16:43:14.506][Viewer] Refresh PDF viewer: %WS1%/final.pdf
[16:43:14.552][Cacher] Parsing .fls %WS1%/final.fls .
[16:43:14.664][Cacher] Found .aux %WS1%/final.tex from .fls %WS1%/final.fls , parsing.
[16:43:14.704][Cacher] Parsed .aux %WS1%/final.tex .
[16:43:14.704][Cacher] Parsed .fls %WS1%/final.fls .
[16:43:14.811][Server] Preview PDF file: file://%WS1%/final.pdf
[16:43:14.904][Viewer] Handle data type: loaded
[16:43:14.904][Event] VIEWER_PAGE_LOADED
[16:44:49.340][Viewer] Handle data type: reverse_synctex
[16:44:49.340][Locator] Backward from %WS1%/final.pdf at x=260.30400000000003, y=103.29599999999988 on page 4.
[16:44:49.378][SyncTeX] Parsing .synctex.gz %WS1%/final.synctex.gz .
[16:44:49.490][Locator] Backward SyncTeX to %WS1%/final.tex .
[16:44:49.542][Event] STRUCTURE_UPDATED
[16:45:41.437][Commander] BUILD command invoked.
[16:45:41.437][Build] The document of the active editor: file://%WS1%/final.tex
[16:45:41.437][Build] The languageId of the document: latex
[16:45:41.437][Root] Current workspace folders: ["file://%WS1%"]
[16:45:41.438][Root] Found root file from active editor: %WS1%/final.tex
[16:45:41.438][Root] Keep using the same root file: %WS1%/final.tex
[16:45:41.438][Event] ROOT_FILE_SEARCHED
[16:45:41.438][Event] STRUCTURE_UPDATED
[16:45:41.439][Build] Building root file: %WS1%/final.tex
[16:45:41.439][Build][Recipe] Build root file %WS1%/final.tex
[16:45:41.509][Extension] onDidSaveTextDocument triggered: file://%WS1%/final.tex
[16:45:41.557][Build][Recipe] Preparing to run recipe: latexmk.
[16:45:41.557][Build][Recipe] Prepared 1 tools.
[16:45:41.558][Build][Recipe] outDir: %WS1% .
[16:45:41.559][Build] Recipe step 1 The command is latexmk:["-pdf","-synctex=1","-interaction=nonstopmode","-file-line-error","--shell-escape","%WS1%/final"].
[16:45:41.559][Build] env: undefined
[16:45:41.559][Build] root: %WS1%/final.tex
[16:45:41.560][Build] cwd: %WS1%
[16:45:41.565][Build] LaTeX build process spawned with PID 18727.
[16:45:41.566][Cacher][Watcher] "change" emitted on %WS1%/final.tex.
[16:45:41.567][Cacher] Caching %WS1%/final.tex .
[16:45:41.609][Cacher] Updated inputs of %WS1%/final.tex .
[16:45:41.609][Cacher] Parse LaTeX AST: %WS1%/final.tex .
[16:45:41.609][Build] Auto build started detecting the change of a file: %WS1%/final.tex .
[16:45:41.609][Event] AUTO_BUILD_INITIATED: {"type":"onFileChange","file":"%WS1%/final.tex"}
[16:45:41.610][Build] The document of the active editor: file://%WS1%/final.tex
[16:45:41.610][Build] The languageId of the document: latex
[16:45:41.610][Build] Building root file: %WS1%/final.tex
[16:45:41.610][Build][Recipe] Build root file %WS1%/final.tex
[16:45:41.610][Event] FILE_CHANGED: "%WS1%/final.tex"
[16:45:41.660][Build][Recipe] Preparing to run recipe: latexmk.
[16:45:41.660][Build][Recipe] Prepared 1 tools.
[16:45:41.662][Build][Recipe] outDir: %WS1% .
[16:45:41.670][Cacher] Parsed LaTeX AST: %WS1%/final.tex .
[16:45:41.670][File] kpsewhich cache hit on article.cls: /usr/local/texlive/2024/texmf-dist/tex/latex/base/article.cls .
[16:45:41.675][Cacher] Updated elements in 4.86 ms: %WS1%/final.tex .
[16:45:41.675][Event] FILE_PARSED: "%WS1%/final.tex"
[16:45:41.676][Structure] Structure force updated with 0 root sections for %WS1%/final.tex .
[16:45:41.676][Event] STRUCTURE_UPDATED
[16:46:04.594][Parser][TexLog] Logged 2 messages.
[16:46:05.985][Build] Finished a step in recipe with PID 18727.
[16:46:05.987][Build] Successfully built %WS1%/final.tex .
[16:46:05.988][Event] BUILD_DONE
[16:46:05.990][Viewer] Call refreshExistingViewer: "%WS1%/final.pdf" .
[16:46:05.990][Viewer] Refresh PDF viewer: %WS1%/final.pdf
[16:46:06.031][Cacher] Parsing .fls %WS1%/final.fls .
[16:46:06.191][Cacher] Found .aux %WS1%/final.tex from .fls %WS1%/final.fls , parsing.
[16:46:06.241][Cacher] Parsed .aux %WS1%/final.tex .
[16:46:06.242][Cacher] Parsed .fls %WS1%/final.fls .
[16:46:06.243][Build] Recipe step 1 The command is latexmk:["-pdf","-synctex=1","-interaction=nonstopmode","-file-line-error","--shell-escape","%WS1%/final"].
[16:46:06.244][Build] env: undefined
[16:46:06.244][Build] root: %WS1%/final.tex
[16:46:06.245][Build] cwd: %WS1%
[16:46:06.260][Build] LaTeX build process spawned with PID 18758.
[16:46:06.373][Server] Preview PDF file: file://%WS1%/final.pdf
[16:46:06.441][Viewer] Handle data type: loaded
[16:46:06.441][Event] VIEWER_PAGE_LOADED
[16:46:07.927][Build] Finished a step in recipe with PID 18758.
[16:46:07.927][Build] Successfully built %WS1%/final.tex .
[16:46:07.928][Event] BUILD_DONE
[16:46:07.928][Viewer] Call refreshExistingViewer: "%WS1%/final.pdf" .
[16:46:07.929][Viewer] Refresh PDF viewer: %WS1%/final.pdf
[16:46:07.968][Cacher] Parsing .fls %WS1%/final.fls .
[16:46:08.084][Cacher] Found .aux %WS1%/final.tex from .fls %WS1%/final.fls , parsing.
[16:46:08.120][Cacher] Parsed .aux %WS1%/final.tex .
[16:46:08.120][Cacher] Parsed .fls %WS1%/final.fls .
[16:46:08.197][Server] Preview PDF file: file://%WS1%/final.pdf
[16:46:08.274][Viewer] Handle data type: loaded
[16:46:08.274][Event] VIEWER_PAGE_LOADED
[16:47:51.147][Commander] BUILD command invoked.
[16:47:51.148][Build] The document of the active editor: file://%WS1%/final.tex
[16:47:51.148][Build] The languageId of the document: latex
[16:47:51.149][Root] Current workspace folders: ["file://%WS1%"]
[16:47:51.151][Root] Found root file from active editor: %WS1%/final.tex
[16:47:51.151][Root] Keep using the same root file: %WS1%/final.tex
[16:47:51.152][Event] ROOT_FILE_SEARCHED
[16:47:51.153][Event] STRUCTURE_UPDATED
[16:47:51.153][Build] Building root file: %WS1%/final.tex
[16:47:51.154][Build][Recipe] Build root file %WS1%/final.tex
[16:47:51.276][Extension] onDidSaveTextDocument triggered: file://%WS1%/final.tex
[16:47:51.346][Build][Recipe] Preparing to run recipe: latexmk.
[16:47:51.346][Build][Recipe] Prepared 1 tools.
[16:47:51.348][Build][Recipe] outDir: %WS1% .
[16:47:51.349][Build] Recipe step 1 The command is latexmk:["-pdf","-synctex=1","-interaction=nonstopmode","-file-line-error","--shell-escape","%WS1%/final"].
[16:47:51.349][Build] env: undefined
[16:47:51.349][Build] root: %WS1%/final.tex
[16:47:51.349][Build] cwd: %WS1%
[16:47:51.355][Build] LaTeX build process spawned with PID 18829.
[16:47:51.357][Cacher][Watcher] "change" emitted on %WS1%/final.tex.
[16:47:51.358][Cacher] Caching %WS1%/final.tex .
[16:47:51.399][Cacher] Updated inputs of %WS1%/final.tex .
[16:47:51.399][Cacher] Parse LaTeX AST: %WS1%/final.tex .
[16:47:51.400][Build] Auto build started detecting the change of a file: %WS1%/final.tex .
[16:47:51.400][Event] AUTO_BUILD_INITIATED: {"type":"onFileChange","file":"%WS1%/final.tex"}
[16:47:51.400][Build] The document of the active editor: file://%WS1%/final.tex
[16:47:51.400][Build] The languageId of the document: latex
[16:47:51.400][Build] Building root file: %WS1%/final.tex
[16:47:51.400][Build][Recipe] Build root file %WS1%/final.tex
[16:47:51.401][Event] FILE_CHANGED: "%WS1%/final.tex"
[16:47:51.443][Build][Recipe] Preparing to run recipe: latexmk.
[16:47:51.444][Build][Recipe] Prepared 1 tools.
[16:47:51.445][Build][Recipe] outDir: %WS1% .
[16:47:51.493][Cacher] Parsed LaTeX AST: %WS1%/final.tex .
[16:47:51.494][File] kpsewhich cache hit on article.cls: /usr/local/texlive/2024/texmf-dist/tex/latex/base/article.cls .
[16:47:51.507][Cacher] Updated elements in 12.93 ms: %WS1%/final.tex .
[16:47:51.508][Event] FILE_PARSED: "%WS1%/final.tex"
[16:47:51.509][Structure] Structure force updated with 0 root sections for %WS1%/final.tex .
[16:47:51.510][Event] STRUCTURE_UPDATED
[16:48:12.369][Parser][TexLog] Logged 2 messages.
[16:48:13.931][Build] Finished a step in recipe with PID 18829.
[16:48:13.933][Build] Successfully built %WS1%/final.tex .
[16:48:13.933][Event] BUILD_DONE
[16:48:13.934][Viewer] Call refreshExistingViewer: "%WS1%/final.pdf" .
[16:48:13.934][Viewer] Refresh PDF viewer: %WS1%/final.pdf
[16:48:13.980][Cacher] Parsing .fls %WS1%/final.fls .
[16:48:14.092][Cacher] Found .aux %WS1%/final.tex from .fls %WS1%/final.fls , parsing.
[16:48:14.134][Cacher] Parsed .aux %WS1%/final.tex .
[16:48:14.135][Cacher] Parsed .fls %WS1%/final.fls .
[16:48:14.137][Build] Recipe step 1 The command is latexmk:["-pdf","-synctex=1","-interaction=nonstopmode","-file-line-error","--shell-escape","%WS1%/final"].
[16:48:14.138][Build] env: undefined
[16:48:14.139][Build] root: %WS1%/final.tex
[16:48:14.140][Build] cwd: %WS1%
[16:48:14.154][Build] LaTeX build process spawned with PID 18851.
[16:48:14.265][Server] Preview PDF file: file://%WS1%/final.pdf
[16:48:14.349][Viewer] Handle data type: loaded
[16:48:14.350][Event] VIEWER_PAGE_LOADED
[16:48:15.887][Build] Finished a step in recipe with PID 18851.
[16:48:15.888][Build] Successfully built %WS1%/final.tex .
[16:48:15.889][Event] BUILD_DONE
[16:48:15.890][Viewer] Call refreshExistingViewer: "%WS1%/final.pdf" .
[16:48:15.891][Viewer] Refresh PDF viewer: %WS1%/final.pdf
[16:48:15.931][Cacher] Parsing .fls %WS1%/final.fls .
[16:48:16.058][Cacher] Found .aux %WS1%/final.tex from .fls %WS1%/final.fls , parsing.
[16:48:16.098][Cacher] Parsed .aux %WS1%/final.tex .
[16:48:16.099][Cacher] Parsed .fls %WS1%/final.fls .
[16:48:16.199][Server] Preview PDF file: file://%WS1%/final.pdf
[16:48:16.290][Viewer] Handle data type: loaded
[16:48:16.290][Event] VIEWER_PAGE_LOADED
[16:48:20.506][Viewer] Handle data type: reverse_synctex
[16:48:20.506][Locator] Backward from %WS1%/final.pdf at x=314.97600000000006, y=96.7679999999999 on page 3.
[16:48:20.525][SyncTeX] Parsing .synctex.gz %WS1%/final.synctex.gz .
[16:48:20.607][Locator] Backward SyncTeX to %WS1%/final.tex .
[16:48:58.010][Viewer] Handle data type: reverse_synctex
[16:48:58.011][Locator] Backward from %WS1%/final.pdf at x=248.06400000000002, y=352.99199999999996 on page 4.
[16:48:58.048][SyncTeX] Parsing .synctex.gz %WS1%/final.synctex.gz .
[16:48:58.179][Locator] Backward SyncTeX to %WS1%/final.tex .
[16:48:58.220][Event] STRUCTURE_UPDATED
[16:49:16.613][Commander] BUILD command invoked.
[16:49:16.615][Build] The document of the active editor: file://%WS1%/final.tex
[16:49:16.616][Build] The languageId of the document: latex
[16:49:16.617][Root] Current workspace folders: ["file://%WS1%"]
[16:49:16.618][Root] Found root file from active editor: %WS1%/final.tex
[16:49:16.619][Root] Keep using the same root file: %WS1%/final.tex
[16:49:16.620][Event] ROOT_FILE_SEARCHED
[16:49:16.621][Event] STRUCTURE_UPDATED
[16:49:16.622][Build] Building root file: %WS1%/final.tex
[16:49:16.622][Build][Recipe] Build root file %WS1%/final.tex
[16:49:16.724][Extension] onDidSaveTextDocument triggered: file://%WS1%/final.tex
[16:49:16.796][Build][Recipe] Preparing to run recipe: latexmk.
[16:49:16.796][Build][Recipe] Prepared 1 tools.
[16:49:16.797][Build][Recipe] outDir: %WS1% .
[16:49:16.797][Build] Recipe step 1 The command is latexmk:["-pdf","-synctex=1","-interaction=nonstopmode","-file-line-error","--shell-escape","%WS1%/final"].
[16:49:16.798][Build] env: undefined
[16:49:16.798][Build] root: %WS1%/final.tex
[16:49:16.798][Build] cwd: %WS1%
[16:49:16.803][Build] LaTeX build process spawned with PID 18918.
[16:49:16.805][Cacher][Watcher] "change" emitted on %WS1%/final.tex.
[16:49:16.805][Cacher] Caching %WS1%/final.tex .
[16:49:16.850][Cacher] Updated inputs of %WS1%/final.tex .
[16:49:16.850][Cacher] Parse LaTeX AST: %WS1%/final.tex .
[16:49:16.850][Build] Auto build started detecting the change of a file: %WS1%/final.tex .
[16:49:16.850][Event] AUTO_BUILD_INITIATED: {"type":"onFileChange","file":"%WS1%/final.tex"}
[16:49:16.850][Build] The document of the active editor: file://%WS1%/final.tex
[16:49:16.851][Build] The languageId of the document: latex
[16:49:16.851][Build] Building root file: %WS1%/final.tex
[16:49:16.851][Build][Recipe] Build root file %WS1%/final.tex
[16:49:16.851][Event] FILE_CHANGED: "%WS1%/final.tex"
[16:49:16.852][Cacher][Watcher] "change" emitted on %WS1%/final.tex.
[16:49:16.852][Cacher] Caching %WS1%/final.tex .
[16:49:16.895][Cacher] Updated inputs of %WS1%/final.tex .
[16:49:16.895][Cacher] Parse LaTeX AST: %WS1%/final.tex .
[16:49:16.895][Build] Auto build started detecting the change of a file: %WS1%/final.tex .
[16:49:16.895][Event] AUTO_BUILD_INITIATED: {"type":"onFileChange","file":"%WS1%/final.tex"}
[16:49:16.896][Build] Autobuild temporarily disabled.
[16:49:16.896][Event] FILE_CHANGED: "%WS1%/final.tex"
[16:49:16.940][Build][Recipe] Preparing to run recipe: latexmk.
[16:49:16.940][Build][Recipe] Prepared 1 tools.
[16:49:16.942][Build][Recipe] outDir: %WS1% .
[16:49:16.950][Cacher] Parsed LaTeX AST: %WS1%/final.tex .
[16:49:16.951][File] kpsewhich cache hit on article.cls: /usr/local/texlive/2024/texmf-dist/tex/latex/base/article.cls .
[16:49:16.957][Cacher] Updated elements in 6.61 ms: %WS1%/final.tex .
[16:49:16.958][Event] FILE_PARSED: "%WS1%/final.tex"
[16:49:17.027][Cacher] Parsed LaTeX AST: %WS1%/final.tex .
[16:49:17.028][File] kpsewhich cache hit on article.cls: /usr/local/texlive/2024/texmf-dist/tex/latex/base/article.cls .
[16:49:17.036][Cacher] Updated elements in 7.53 ms: %WS1%/final.tex .
[16:49:17.037][Event] FILE_PARSED: "%WS1%/final.tex"
[16:49:17.038][Structure] Structure force updated with 0 root sections for %WS1%/final.tex .
[16:49:17.039][Event] STRUCTURE_UPDATED
[16:49:57.853][Parser][TexLog] Logged 2 messages.
[16:49:59.381][Build] Finished a step in recipe with PID 18918.
[16:49:59.383][Build] Successfully built %WS1%/final.tex .
[16:49:59.384][Event] BUILD_DONE
[16:49:59.386][Viewer] Call refreshExistingViewer: "%WS1%/final.pdf" .
[16:49:59.387][Viewer] Refresh PDF viewer: %WS1%/final.pdf
[16:49:59.436][Cacher] Parsing .fls %WS1%/final.fls .
[16:49:59.586][Cacher] Found .aux %WS1%/final.tex from .fls %WS1%/final.fls , parsing.
[16:49:59.629][Cacher] Parsed .aux %WS1%/final.tex .
[16:49:59.630][Cacher] Parsed .fls %WS1%/final.fls .
[16:49:59.631][Build] Recipe step 1 The command is latexmk:["-pdf","-synctex=1","-interaction=nonstopmode","-file-line-error","--shell-escape","%WS1%/final"].
[16:49:59.631][Build] env: undefined
[16:49:59.632][Build] root: %WS1%/final.tex
[16:49:59.633][Build] cwd: %WS1%
[16:49:59.648][Build] LaTeX build process spawned with PID 18969.
[16:49:59.770][Server] Preview PDF file: file://%WS1%/final.pdf
[16:49:59.852][Viewer] Handle data type: loaded
[16:49:59.852][Event] VIEWER_PAGE_LOADED
[16:50:01.450][Build] Finished a step in recipe with PID 18969.
[16:50:01.451][Build] Successfully built %WS1%/final.tex .
[16:50:01.451][Event] BUILD_DONE
[16:50:01.451][Viewer] Call refreshExistingViewer: "%WS1%/final.pdf" .
[16:50:01.452][Viewer] Refresh PDF viewer: %WS1%/final.pdf
[16:50:01.500][Cacher] Parsing .fls %WS1%/final.fls .
[16:50:01.612][Cacher] Found .aux %WS1%/final.tex from .fls %WS1%/final.fls , parsing.
[16:50:01.649][Cacher] Parsed .aux %WS1%/final.tex .
[16:50:01.649][Cacher] Parsed .fls %WS1%/final.fls .
[16:50:01.743][Server] Preview PDF file: file://%WS1%/final.pdf
[16:50:01.827][Viewer] Handle data type: loaded
[16:50:01.828][Event] VIEWER_PAGE_LOADED
[16:57:08.736][Viewer] Handle data type: reverse_synctex
[16:57:08.737][Locator] Backward from %WS1%/final.pdf at x=171.36, y=684.288 on page 2.
[16:57:08.759][SyncTeX] Parsing .synctex.gz %WS1%/final.synctex.gz .
[16:57:08.864][Locator] Backward SyncTeX to %WS1%/final.tex .
[16:57:08.904][Event] STRUCTURE_UPDATED
[17:13:14.592][Commander] BUILD command invoked.
[17:13:14.593][Build] The document of the active editor: file://%WS1%/final.tex
[17:13:14.593][Build] The languageId of the document: latex
[17:13:14.594][Root] Current workspace folders: ["file://%WS1%"]
[17:13:14.597][Root] Found root file from active editor: %WS1%/final.tex
[17:13:14.598][Root] Keep using the same root file: %WS1%/final.tex
[17:13:14.598][Event] ROOT_FILE_SEARCHED
[17:13:14.599][Event] STRUCTURE_UPDATED
[17:13:14.600][Build] Building root file: %WS1%/final.tex
[17:13:14.600][Build][Recipe] Build root file %WS1%/final.tex
[17:13:14.721][Extension] onDidSaveTextDocument triggered: file://%WS1%/final.tex
[17:13:14.794][Build][Recipe] Preparing to run recipe: latexmk.
[17:13:14.794][Build][Recipe] Prepared 1 tools.
[17:13:14.795][Build][Recipe] outDir: %WS1% .
[17:13:14.796][Build] Recipe step 1 The command is latexmk:["-pdf","-synctex=1","-interaction=nonstopmode","-file-line-error","--shell-escape","%WS1%/final"].
[17:13:14.796][Build] env: undefined
[17:13:14.796][Build] root: %WS1%/final.tex
[17:13:14.797][Build] cwd: %WS1%
[17:13:14.801][Build] LaTeX build process spawned with PID 20469.
[17:13:14.803][Cacher][Watcher] "change" emitted on %WS1%/final.tex.
[17:13:14.805][Cacher] Caching %WS1%/final.tex .
[17:13:14.845][Cacher] Updated inputs of %WS1%/final.tex .
[17:13:14.845][Cacher] Parse LaTeX AST: %WS1%/final.tex .
[17:13:14.845][Build] Auto build started detecting the change of a file: %WS1%/final.tex .
[17:13:14.845][Event] AUTO_BUILD_INITIATED: {"type":"onFileChange","file":"%WS1%/final.tex"}
[17:13:14.846][Build] The document of the active editor: file://%WS1%/final.tex
[17:13:14.846][Build] The languageId of the document: latex
[17:13:14.846][Build] Building root file: %WS1%/final.tex
[17:13:14.846][Build][Recipe] Build root file %WS1%/final.tex
[17:13:14.846][Event] FILE_CHANGED: "%WS1%/final.tex"
[17:13:14.895][Build][Recipe] Preparing to run recipe: latexmk.
[17:13:14.895][Build][Recipe] Prepared 1 tools.
[17:13:14.896][Build][Recipe] outDir: %WS1% .
[17:13:14.923][Cacher] Parsed LaTeX AST: %WS1%/final.tex .
[17:13:14.926][File] kpsewhich cache hit on article.cls: /usr/local/texlive/2024/texmf-dist/tex/latex/base/article.cls .
[17:13:14.932][Cacher] Updated elements in 8.31 ms: %WS1%/final.tex .
[17:13:14.933][Event] FILE_PARSED: "%WS1%/final.tex"
[17:13:14.933][Structure] Structure force updated with 0 root sections for %WS1%/final.tex .
[17:13:14.933][Event] STRUCTURE_UPDATED
[17:13:55.739][Parser][TexLog] Logged 2 messages.
[17:13:57.114][Build] Finished a step in recipe with PID 20469.
[17:13:57.114][Build] Successfully built %WS1%/final.tex .
[17:13:57.115][Event] BUILD_DONE
[17:13:57.115][Viewer] Call refreshExistingViewer: "%WS1%/final.pdf" .
[17:13:57.115][Viewer] Refresh PDF viewer: %WS1%/final.pdf
[17:13:57.154][Cacher] Parsing .fls %WS1%/final.fls .
[17:13:57.269][Cacher] Found .aux %WS1%/final.tex from .fls %WS1%/final.fls , parsing.
[17:13:57.310][Cacher] Parsed .aux %WS1%/final.tex .
[17:13:57.310][Cacher] Parsed .fls %WS1%/final.fls .
[17:13:57.310][Build] Recipe step 1 The command is latexmk:["-pdf","-synctex=1","-interaction=nonstopmode","-file-line-error","--shell-escape","%WS1%/final"].
[17:13:57.311][Build] env: undefined
[17:13:57.311][Build] root: %WS1%/final.tex
[17:13:57.311][Build] cwd: %WS1%
[17:13:57.317][Build] LaTeX build process spawned with PID 20520.
[17:13:57.428][Server] Preview PDF file: file://%WS1%/final.pdf
[17:13:57.514][Viewer] Handle data type: loaded
[17:13:57.514][Event] VIEWER_PAGE_LOADED
[17:13:59.059][Build] Finished a step in recipe with PID 20520.
[17:13:59.060][Build] Successfully built %WS1%/final.tex .
[17:13:59.061][Event] BUILD_DONE
[17:13:59.062][Viewer] Call refreshExistingViewer: "%WS1%/final.pdf" .
[17:13:59.063][Viewer] Refresh PDF viewer: %WS1%/final.pdf
[17:13:59.104][Cacher] Parsing .fls %WS1%/final.fls .
[17:13:59.214][Cacher] Found .aux %WS1%/final.tex from .fls %WS1%/final.fls , parsing.
[17:13:59.255][Cacher] Parsed .aux %WS1%/final.tex .
[17:13:59.257][Cacher] Parsed .fls %WS1%/final.fls .
[17:13:59.364][Server] Preview PDF file: file://%WS1%/final.pdf
[17:13:59.475][Viewer] Handle data type: loaded
[17:13:59.475][Event] VIEWER_PAGE_LOADED
[17:24:39.517][Event] STRUCTURE_UPDATED
[17:24:40.634][Extension] onDidSaveTextDocument triggered: file://%WS1%/final.tex
[17:24:40.664][Cacher][Watcher] "change" emitted on %WS1%/final.tex.
[17:24:40.667][Cacher] Caching %WS1%/final.tex .
[17:24:40.712][Cacher] Updated inputs of %WS1%/final.tex .
[17:24:40.712][Cacher] Parse LaTeX AST: %WS1%/final.tex .
[17:24:40.712][Build] Auto build started detecting the change of a file: %WS1%/final.tex .
[17:24:40.713][Event] AUTO_BUILD_INITIATED: {"type":"onFileChange","file":"%WS1%/final.tex"}
[17:24:40.713][Build] The document of the active editor: file://%WS1%/final.tex
[17:24:40.713][Build] The languageId of the document: latex
[17:24:40.713][Build] Building root file: %WS1%/final.tex
[17:24:40.713][Build][Recipe] Build root file %WS1%/final.tex
[17:24:40.714][Event] FILE_CHANGED: "%WS1%/final.tex"
[17:24:40.777][Build][Recipe] Preparing to run recipe: latexmk.
[17:24:40.777][Build][Recipe] Prepared 1 tools.
[17:24:40.778][Build][Recipe] outDir: %WS1% .
[17:24:40.779][Build] Recipe step 1 The command is latexmk:["-pdf","-synctex=1","-interaction=nonstopmode","-file-line-error","--shell-escape","%WS1%/final"].
[17:24:40.780][Build] env: undefined
[17:24:40.780][Build] root: %WS1%/final.tex
[17:24:40.780][Build] cwd: %WS1%
[17:24:40.786][Build] LaTeX build process spawned with PID 21226.
[17:24:40.794][Cacher] Parsed LaTeX AST: %WS1%/final.tex .
[17:24:40.795][File] kpsewhich cache hit on article.cls: /usr/local/texlive/2024/texmf-dist/tex/latex/base/article.cls .
[17:24:40.801][Cacher] Updated elements in 6.05 ms: %WS1%/final.tex .
[17:24:40.801][Event] FILE_PARSED: "%WS1%/final.tex"
[17:24:40.802][Structure] Structure force updated with 0 root sections for %WS1%/final.tex .
[17:24:40.802][Event] STRUCTURE_UPDATED
[17:24:42.731][Build] Finished a step in recipe with PID 21226.
[17:24:42.732][Build] Successfully built %WS1%/final.tex .
[17:24:42.733][Event] BUILD_DONE
[17:24:44.417][Cacher][Watcher] Reset.
[17:24:44.417][Cacher][Watcher] Reset.
