[13:29:45] Initializing LaTeX Utilities.
[13:29:45] Completion Watcher Initialised
[13:29:45] TexCount args: -merge,-brief
[13:29:45] LaTeX Utilities Started
[13:29:45] LaTeX Utilities version: 0.4.14
[13:29:46] TeXCount output for word: 323+4+12 (1/4/20/0) File: final.tex

[13:29:46] TexCount args: -merge,-brief,-char
[13:29:46] TeXCount output for char: 1570+17+60 (1/4/20/0) File: final.tex

[13:29:55] withTelemetry: onDidChangeActiveTextEditor_tex_wordcounter
[13:30:04] withTelemetry: onDidChangeActiveTextEditor_tex_wordcounter
[13:30:04] TexCount args: -merge,-brief
[13:30:04] TeXCount output for word: 323+4+12 (1/4/20/0) File: final.tex

[13:30:04] TexCount args: -merge,-brief,-char
[13:30:04] TeXCount output for char: 1570+17+60 (1/4/20/0) File: final.tex

[13:30:35] withTelemetry: onDidChangeActiveTextEditor_tex_wordcounter
[13:32:04] withTelemetry: onDidChangeActiveTextEditor_tex_wordcounter
[13:32:04] TexCount args: -merge,-brief
[13:32:04] TeXCount output for word: 323+4+12 (1/4/20/0) File: final.tex

[13:32:04] TexCount args: -merge,-brief,-char
[13:32:05] TeXCount output for char: 1570+17+60 (1/4/20/0) File: final.tex

[13:32:11] withTelemetry: onDidChangeActiveTextEditor_tex_wordcounter
[13:32:11] withTelemetry: onDidChangeActiveTextEditor_tex_wordcounter
[13:32:11] TexCount args: -merge,-brief
[13:32:11] TeXCount output for word: 323+4+12 (1/4/20/0) File: final.tex

[13:32:11] TexCount args: -merge,-brief,-char
[13:32:11] TeXCount output for char: 1570+17+60 (1/4/20/0) File: final.tex

[13:32:45] withTelemetry: onDidSaveTextDocument_tex_wordcounter
[13:32:45] TexCount args: -merge,-brief
[13:32:45] TeXCount output for word: 323+4+12 (1/4/20/0) File: final.tex

[13:32:45] TexCount args: -merge,-brief,-char
[13:32:45] TeXCount output for char: 1570+17+60 (1/4/20/0) File: final.tex

[13:33:35] withTelemetry: onDidChangeActiveTextEditor_tex_wordcounter
[13:33:35] withTelemetry: onDidChangeActiveTextEditor_tex_wordcounter
[13:33:35] TexCount args: -merge,-brief
[13:33:35] TeXCount output for word: 323+4+12 (1/4/20/0) File: final.tex

[13:33:35] TexCount args: -merge,-brief,-char
[13:33:35] TeXCount output for char: 1570+17+60 (1/4/20/0) File: final.tex

[13:34:02] withTelemetry: onDidChangeActiveTextEditor_tex_wordcounter
[13:34:02] withTelemetry: onDidChangeActiveTextEditor_tex_wordcounter
[13:34:02] TexCount args: -merge,-brief
[13:34:02] TeXCount output for word: 323+4+12 (1/4/20/0) File: final.tex

[13:34:02] TexCount args: -merge,-brief,-char
[13:34:02] TeXCount output for char: 1570+17+60 (1/4/20/0) File: final.tex

[13:34:25] withTelemetry: onDidSaveTextDocument_tex_wordcounter
[13:34:25] TexCount args: -merge,-brief
[13:34:25] TeXCount output for word: 322+4+12 (1/4/20/0) File: final.tex

[13:34:25] TexCount args: -merge,-brief,-char
[13:34:25] TeXCount output for char: 1569+17+60 (1/4/20/0) File: final.tex

[13:35:58] withTelemetry: onDidChangeActiveTextEditor_tex_wordcounter
[13:35:58] withTelemetry: onDidChangeActiveTextEditor_tex_wordcounter
[13:35:58] TexCount args: -merge,-brief
[13:35:58] TeXCount output for word: 322+4+12 (1/4/20/0) File: final.tex

[13:35:58] TexCount args: -merge,-brief,-char
[13:35:58] TeXCount output for char: 1569+17+60 (1/4/20/0) File: final.tex

[13:36:15] \usepackage{ragged2e},\usepackage{amsmath,amssymb},\usepackage{minted},\usepackage{listings},\usepackage{wrapfig},\usepackage{tikz}
[13:36:15] Running command texdef --source --Find --tex latex -p ragged2e -p amsmath,amssymb -p minted -p listings -p wrapfig -p tikz --class [12pt]article \begin
[13:36:15] \usepackage{ragged2e},\usepackage{amsmath,amssymb},\usepackage{minted},\usepackage{listings},\usepackage{wrapfig},\usepackage{tikz}
[13:36:15] Running command texdef --source --Find --tex latex -p ragged2e -p amsmath,amssymb -p minted -p listings -p wrapfig -p tikz --class [12pt]article \end
[13:36:16] Took 832ms to find definition for \begin
[13:36:16] Took 801ms to find definition for \end
[13:37:20] withTelemetry: onDidSaveTextDocument_tex_wordcounter
[13:37:20] TexCount args: -merge,-brief
[13:37:20] TeXCount output for word: 324+4+12 (1/4/20/0) File: final.tex

[13:37:20] TexCount args: -merge,-brief,-char
[13:37:20] TeXCount output for char: 1571+17+60 (1/4/20/0) File: final.tex

[13:37:22] withTelemetry: onDidChangeActiveTextEditor_tex_wordcounter
[13:38:21] withTelemetry: onDidChangeActiveTextEditor_tex_wordcounter
[13:38:21] TexCount args: -merge,-brief
[13:38:21] TeXCount output for word: 324+4+12 (1/4/20/0) File: final.tex

[13:38:21] TexCount args: -merge,-brief,-char
[13:38:22] TeXCount output for char: 1571+17+60 (1/4/20/0) File: final.tex

[15:36:57] withTelemetry: onDidSaveTextDocument_tex_wordcounter
[15:36:57] TexCount args: -merge,-brief
[15:36:57] TeXCount output for word: 328+4+15 (1/5/20/0) File: final.tex

[15:36:57] TexCount args: -merge,-brief,-char
[15:36:57] TeXCount output for char: 1596+17+75 (1/5/20/0) File: final.tex

[15:39:55] withTelemetry: onDidChangeActiveTextEditor_tex_wordcounter
[15:39:56] withTelemetry: onDidChangeActiveTextEditor_tex_wordcounter
[15:39:56] TexCount args: -merge,-brief
[15:39:56] TeXCount output for word: 328+4+15 (1/5/20/0) File: final.tex

[15:39:56] TexCount args: -merge,-brief,-char
[15:39:56] TeXCount output for char: 1596+17+75 (1/5/20/0) File: final.tex

[15:42:17] withTelemetry: onDidChangeActiveTextEditor_tex_wordcounter
[15:42:31] withTelemetry: onDidChangeActiveTextEditor_tex_wordcounter
[15:42:31] TexCount args: -merge,-brief
[15:42:31] TeXCount output for word: 328+4+15 (1/5/20/0) File: final.tex

[15:42:31] TexCount args: -merge,-brief,-char
[15:42:31] TeXCount output for char: 1596+17+75 (1/5/20/0) File: final.tex

[15:43:46] withTelemetry: onDidChangeActiveTextEditor_tex_wordcounter
[15:43:54] withTelemetry: onDidChangeActiveTextEditor_tex_wordcounter
[15:43:54] TexCount args: -merge,-brief
[15:43:55] TeXCount output for word: 328+4+15 (1/5/20/0) File: final.tex

[15:43:55] TexCount args: -merge,-brief,-char
[15:43:55] TeXCount output for char: 1596+17+75 (1/5/20/0) File: final.tex

[15:44:19] withTelemetry: onDidSaveTextDocument_tex_wordcounter
[15:44:19] TexCount args: -merge,-brief
[15:44:19] TeXCount output for word: 403+4+15 (1/5/22/0) File: final.tex

[15:44:19] TexCount args: -merge,-brief,-char
[15:44:19] TeXCount output for char: 1933+17+75 (1/5/22/0) File: final.tex

[16:41:43] withTelemetry: onDidSaveTextDocument_tex_wordcounter
[16:41:43] TexCount args: -merge,-brief
[16:41:43] TeXCount output for word: 415+4+18 (1/6/22/0) File: final.tex

[16:41:43] TexCount args: -merge,-brief,-char
[16:41:43] TeXCount output for char: 2010+17+90 (1/6/22/0) File: final.tex

[16:42:30] withTelemetry: onDidChangeActiveTextEditor_tex_wordcounter
[16:42:32] withTelemetry: onDidChangeActiveTextEditor_tex_wordcounter
[16:42:32] TexCount args: -merge,-brief
[16:42:32] TeXCount output for word: 415+4+18 (1/6/22/0) File: final.tex

[16:42:32] TexCount args: -merge,-brief,-char
[16:42:32] TeXCount output for char: 2010+17+90 (1/6/22/0) File: final.tex

[16:42:50] withTelemetry: onDidSaveTextDocument_tex_wordcounter
[16:42:50] TexCount args: -merge,-brief
[16:42:51] TeXCount output for word: 415+4+18 (1/6/22/0) File: final.tex

[16:42:51] TexCount args: -merge,-brief,-char
[16:42:51] TeXCount output for char: 2010+17+90 (1/6/22/0) File: final.tex

[16:44:49] withTelemetry: onDidChangeActiveTextEditor_tex_wordcounter
[16:44:49] withTelemetry: onDidChangeActiveTextEditor_tex_wordcounter
[16:44:49] TexCount args: -merge,-brief
[16:44:49] TeXCount output for word: 415+4+18 (1/6/22/0) File: final.tex

[16:44:49] TexCount args: -merge,-brief,-char
[16:44:49] TeXCount output for char: 2010+17+90 (1/6/22/0) File: final.tex

[16:45:41] withTelemetry: onDidSaveTextDocument_tex_wordcounter
[16:45:41] TexCount args: -merge,-brief
[16:45:41] TeXCount output for word: 415+4+18 (1/6/22/0) File: final.tex

[16:45:41] TexCount args: -merge,-brief,-char
[16:45:41] TeXCount output for char: 2010+17+90 (1/6/22/0) File: final.tex

[16:47:17] \usepackage{ragged2e},\usepackage{amsmath,amssymb},\usepackage{minted},\usepackage{listings},\usepackage{wrapfig},\usepackage{tikz}
[16:47:17] Running command texdef --source --Find --tex latex -p ragged2e -p amsmath,amssymb -p minted -p listings -p wrapfig -p tikz --class [12pt]article \begin
[16:47:18] Took 771ms to find definition for \begin
[16:47:51] withTelemetry: onDidSaveTextDocument_tex_wordcounter
[16:47:51] TexCount args: -merge,-brief
[16:47:51] TeXCount output for word: 415+4+18 (1/6/22/0) File: final.tex

[16:47:51] TexCount args: -merge,-brief,-char
[16:47:51] TeXCount output for char: 2010+17+90 (1/6/22/0) File: final.tex

[16:48:58] withTelemetry: onDidChangeActiveTextEditor_tex_wordcounter
[16:48:58] withTelemetry: onDidChangeActiveTextEditor_tex_wordcounter
[16:48:58] TexCount args: -merge,-brief
[16:48:58] TeXCount output for word: 415+4+18 (1/6/22/0) File: final.tex

[16:48:58] TexCount args: -merge,-brief,-char
[16:48:58] TeXCount output for char: 2010+17+90 (1/6/22/0) File: final.tex

[16:49:16] withTelemetry: onDidSaveTextDocument_tex_wordcounter
[16:49:16] TexCount args: -merge,-brief
[16:49:16] TeXCount output for word: 415+4+18 (1/6/22/0) File: final.tex

[16:49:16] TexCount args: -merge,-brief,-char
[16:49:17] TeXCount output for char: 2010+17+90 (1/6/22/0) File: final.tex

[16:50:13] withTelemetry: onDidChangeActiveTextEditor_tex_wordcounter
[16:57:08] withTelemetry: onDidChangeActiveTextEditor_tex_wordcounter
[16:57:08] TexCount args: -merge,-brief
[16:57:09] TeXCount output for word: 415+4+18 (1/6/22/0) File: final.tex

[16:57:09] TexCount args: -merge,-brief,-char
[16:57:09] TeXCount output for char: 2010+17+90 (1/6/22/0) File: final.tex

[17:13:14] withTelemetry: onDidSaveTextDocument_tex_wordcounter
[17:13:14] TexCount args: -merge,-brief
[17:13:14] TeXCount output for word: 527+4+18 (1/6/42/0) File: final.tex

[17:13:14] TexCount args: -merge,-brief,-char
[17:13:15] TeXCount output for char: 2468+17+90 (1/6/42/0) File: final.tex

[17:14:25] withTelemetry: onDidChangeActiveTextEditor_tex_wordcounter
[17:24:39] withTelemetry: onDidChangeActiveTextEditor_tex_wordcounter
[17:24:39] TexCount args: -merge,-brief
[17:24:39] TeXCount output for word: 527+4+18 (1/6/42/0) File: final.tex

[17:24:39] TexCount args: -merge,-brief,-char
[17:24:39] TeXCount output for char: 2468+17+90 (1/6/42/0) File: final.tex

[17:24:40] withTelemetry: onDidSaveTextDocument_tex_wordcounter
[17:24:40] TexCount args: -merge,-brief
[17:24:40] TeXCount output for word: 527+4+18 (1/6/42/0) File: final.tex

[17:24:40] TexCount args: -merge,-brief,-char
[17:24:40] TeXCount output for char: 2468+17+90 (1/6/42/0) File: final.tex

