[09:02:35.794][Extension] Initializing LaTeX Workshop.
[09:02:36.200][Build][Recipe] Set $LATEXWORKSHOP_DOCKER_LATEX: ""
[09:02:36.270][Server] Creating LaTeX Workshop http and websocket server.
[09:02:36.454][Format][Bib] Bibtex format config: {"tab":"  ","case":"lowercase","left":"{","right":"}","trailingComma":false,"sort":["key"],"alignOnEqual":true,"sortFields":false,"fieldsOrder":[],"firstEntries":["string","xdata"]}
[09:02:36.554][Server] Server successfully started: {"address":"127.0.0.1","family":"IPv4","port":34661} .
[09:02:36.603][Extension] Extension root: /home/alex/.vscode-oss/extensions/james-yu.latex-workshop-9.20.1-universal
[09:02:36.604][Extension] $PATH: /usr/local/texlive/2024/bin/x86_64-linux:/home/alex/.local/bin:/usr/local/texlive/2024/bin/x86_64-linux:/usr/local/texlive/2024/bin/x86_64-linux:/home/alex/.local/bin:/usr/local/sbin:/usr/local/bin:/usr/sbin:/usr/bin:/sbin:/bin:/usr/games:/usr/local/games:/snap/bin
[09:02:36.604][Extension] $SHELL: /bin/bash
[09:02:36.604][Extension] $LANG: en_US.UTF-8
[09:02:36.605][Extension] $LC_ALL: undefined
[09:02:36.605][Extension] process.platform: linux
[09:02:36.605][Extension] process.arch: x64
[09:02:36.606][Extension] vscode.env.appName: VSCodium
[09:02:36.606][Extension] vscode.env.remoteName: undefined
[09:02:36.606][Extension] vscode.env.uiKind: 1
[09:02:36.610][Config] latex-workshop.latex.tools: [{"name":"latexmk","command":"latexmk","args":["-pdf","-synctex=1","-interaction=nonstopmode","-file-line-error","--shell-escape","%DOC%"]}] .
[09:02:36.680][Extension] Trigger characters for intellisense of LaTeX documents: ["\\",",","{"]
[09:02:36.683][Root] Current workspace folders: undefined
[09:02:36.684][Extension] LaTeX Workshop initialized.
[09:02:36.685][Root] Found root file from active editor: /home/alex/Documents/Laptop-Server/Spring-2024/My Lecture Notes (Algorithms)/complexity_theory.tex
[09:02:36.686][Root] Root file changed: from /home/alex/Documents/Laptop-Server/Spring-2024/My Lecture Notes (Algorithms)/complexity_theory.tex to /home/alex/Documents/Laptop-Server/Spring-2024/My Lecture Notes (Algorithms)/complexity_theory.tex, langID latex . Refresh dependencies
[09:02:36.686][Event] ROOT_FILE_CHANGED: "/home/alex/Documents/Laptop-Server/Spring-2024/My Lecture Notes (Algorithms)/complexity_theory.tex"
[09:02:36.687][Cacher][Watcher] Reset.
[09:02:36.687][Cacher][Watcher] Reset.
[09:02:36.696][Cacher] Adding /home/alex/Documents/Laptop-Server/Spring-2024/My Lecture Notes (Algorithms)/complexity_theory.tex .
[09:02:36.697][Cacher][Watcher] Watched /home/alex/Documents/Laptop-Server/Spring-2024/My Lecture Notes (Algorithms)/complexity_theory.tex with a new .* watcher on /home/alex/Documents/Laptop-Server/Spring-2024/My Lecture Notes (Algorithms) .
[09:02:36.697][Event] FILE_WATCHED: "/home/alex/Documents/Laptop-Server/Spring-2024/My Lecture Notes (Algorithms)/complexity_theory.tex"
[09:02:36.700][Cacher] Caching /home/alex/Documents/Laptop-Server/Spring-2024/My Lecture Notes (Algorithms)/complexity_theory.tex .
[09:02:36.773][Cacher] Updated inputs of /home/alex/Documents/Laptop-Server/Spring-2024/My Lecture Notes (Algorithms)/complexity_theory.tex .
[09:02:36.773][Cacher] Parse LaTeX AST: /home/alex/Documents/Laptop-Server/Spring-2024/My Lecture Notes (Algorithms)/complexity_theory.tex .
[09:02:36.774][Event] ROOT_FILE_SEARCHED
[09:02:36.785][Server] valdOrigin is http://127.0.0.1:34661
[09:02:37.209][Cacher] Parsed LaTeX AST: /home/alex/Documents/Laptop-Server/Spring-2024/My Lecture Notes (Algorithms)/complexity_theory.tex .
[09:02:37.210][File] Calling kpsewhich to resolve beamer.cls .
[09:02:37.500][File] kpsewhich returned with '/usr/local/texlive/2024/texmf-dist/tex/latex/beamer/beamer.cls'.
[09:02:37.570][Cacher] Updated elements in 360.99 ms: /home/alex/Documents/Laptop-Server/Spring-2024/My Lecture Notes (Algorithms)/complexity_theory.tex .
[09:02:37.574][Event] FILE_PARSED: "/home/alex/Documents/Laptop-Server/Spring-2024/My Lecture Notes (Algorithms)/complexity_theory.tex"
[09:02:37.627][Structure] Structure force updated with 0 root sections for /home/alex/Documents/Laptop-Server/Spring-2024/My Lecture Notes (Algorithms)/complexity_theory.tex .
[09:02:37.628][Event] STRUCTURE_UPDATED
[09:02:37.650][Commander] BUILD command invoked.
[09:02:37.651][Build] The document of the active editor: file:///home/alex/Documents/Laptop-Server/Spring-2024/My Lecture Notes (Algorithms)/complexity_theory.tex
[09:02:37.651][Build] The languageId of the document: latex
[09:02:37.651][Root] Current workspace folders: undefined
[09:02:37.652][Root] Found root file from active editor: /home/alex/Documents/Laptop-Server/Spring-2024/My Lecture Notes (Algorithms)/complexity_theory.tex
[09:02:37.652][Root] Keep using the same root file: /home/alex/Documents/Laptop-Server/Spring-2024/My Lecture Notes (Algorithms)/complexity_theory.tex
[09:02:37.652][Event] ROOT_FILE_SEARCHED
[09:02:37.652][Event] STRUCTURE_UPDATED
[09:02:37.653][Build] Building root file: /home/alex/Documents/Laptop-Server/Spring-2024/My Lecture Notes (Algorithms)/complexity_theory.tex
[09:02:37.653][Build][Recipe] Build root file /home/alex/Documents/Laptop-Server/Spring-2024/My Lecture Notes (Algorithms)/complexity_theory.tex
[09:02:37.705][Build][Recipe] Preparing to run recipe: latexmk.
[09:02:37.705][Build][Recipe] Prepared 1 tools.
[09:02:37.721][Build][Recipe] outDir: /home/alex/Documents/Laptop-Server/Spring-2024/My Lecture Notes (Algorithms) .
[09:02:37.723][Build] Recipe step 1 The command is latexmk:["-pdf","-synctex=1","-interaction=nonstopmode","-file-line-error","--shell-escape","/home/alex/Documents/Laptop-Server/Spring-2024/My Lecture Notes (Algorithms)/complexity_theory"].
[09:02:37.723][Build] env: undefined
[09:02:37.723][Build] root: /home/alex/Documents/Laptop-Server/Spring-2024/My Lecture Notes (Algorithms)/complexity_theory.tex
[09:02:37.723][Build] cwd: /home/alex/Documents/Laptop-Server/Spring-2024/My Lecture Notes (Algorithms)
[09:02:37.730][Build] LaTeX build process spawned with PID 2344.
[09:03:49.582][Parser][TexLog] Logged 0 messages.
[09:03:49.583][Build] Finished a step in recipe with PID 2344.
[09:03:49.583][Build] Successfully built /home/alex/Documents/Laptop-Server/Spring-2024/My Lecture Notes (Algorithms)/complexity_theory.tex .
[09:03:49.583][Event] BUILD_DONE
[09:03:49.584][Viewer] Call refreshExistingViewer: "/home/alex/Documents/Laptop-Server/Spring-2024/My Lecture Notes (Algorithms)/complexity_theory.pdf" .
[09:03:49.584][Viewer] Not found PDF viewers to refresh: /home/alex/Documents/Laptop-Server/Spring-2024/My Lecture Notes (Algorithms)/complexity_theory.pdf
[09:03:49.628][Cacher] Parsing .fls /home/alex/Documents/Laptop-Server/Spring-2024/My Lecture Notes (Algorithms)/complexity_theory.fls .
[09:03:49.814][Cacher] Found .aux /home/alex/Documents/Laptop-Server/Spring-2024/My Lecture Notes (Algorithms)/complexity_theory.tex from .fls /home/alex/Documents/Laptop-Server/Spring-2024/My Lecture Notes (Algorithms)/complexity_theory.fls , parsing.
[09:03:49.850][Cacher] Parsed .aux /home/alex/Documents/Laptop-Server/Spring-2024/My Lecture Notes (Algorithms)/complexity_theory.tex .
[09:03:49.851][Cacher] Parsed .fls /home/alex/Documents/Laptop-Server/Spring-2024/My Lecture Notes (Algorithms)/complexity_theory.fls .
[09:32:01.864][Commander] VIEW command invoked with mode: file:///home/alex/Documents/Laptop-Server/Spring-2024/My%20Lecture%20Notes%20%28Algorithms%29/complexity_theory.tex.
[09:32:01.865][Root] Current workspace folders: undefined
[09:32:01.868][Root] Found root file from active editor: /home/alex/Documents/Laptop-Server/Spring-2024/My Lecture Notes (Algorithms)/complexity_theory.tex
[09:32:01.869][Root] Keep using the same root file: /home/alex/Documents/Laptop-Server/Spring-2024/My Lecture Notes (Algorithms)/complexity_theory.tex
[09:32:01.869][Event] ROOT_FILE_SEARCHED
[09:32:01.870][Event] STRUCTURE_UPDATED
[09:32:02.010][Viewer][Panel] Internal PDF viewer at http://127.0.0.1:34661/viewer.html?file=pdf..ZmlsZSUzQSUyRiUyRiUyRmhvbWUlMkZhbGV4JTJGRG9jdW1lbnRzJTJGTGFwdG9wLVNlcnZlciUyRlNwcmluZy0yMDI0JTJGTXklMjBMZWN0dXJlJTIwTm90ZXMlMjAoQWxnb3JpdGhtcyklMkZjb21wbGV4aXR5X3RoZW9yeS5wZGY .
[09:32:02.012][Cacher][Watcher] Watched /home/alex/Documents/Laptop-Server/Spring-2024/My Lecture Notes (Algorithms)/complexity_theory.pdf with a new .pdf watcher on /home/alex/Documents/Laptop-Server/Spring-2024/My Lecture Notes (Algorithms) .
[09:32:02.012][Event] FILE_WATCHED: "/home/alex/Documents/Laptop-Server/Spring-2024/My Lecture Notes (Algorithms)/complexity_theory.pdf"
[09:32:02.055][Viewer] Open PDF tab for file:///home/alex/Documents/Laptop-Server/Spring-2024/My Lecture Notes (Algorithms)/complexity_theory.pdf
[09:32:02.281][Viewer] Handle data type: open
[09:32:02.562][Server] Preview PDF file: file:///home/alex/Documents/Laptop-Server/Spring-2024/My Lecture Notes (Algorithms)/complexity_theory.pdf
[09:32:02.945][Viewer] Handle data type: loaded
[09:32:02.945][Event] VIEWER_PAGE_LOADED
[10:15:40.479][Cacher][Watcher] Reset.
[10:15:40.479][Cacher][Watcher] Reset.
