2024-04-29 21:20:39.947 [info] Extension host with pid 2213 started
2024-04-29 21:20:40.144 [info] ExtensionService#_doActivateExtension James-Yu.latex-workshop, startup: false, activationEvent: 'onLanguage:latex'
2024-04-29 21:20:40.963 [warning] DiagnosticCollection with name 'BibTeX' does already exist.
2024-04-29 21:20:41.024 [info] ExtensionService#_doActivateExtension tecosaur.latex-utilities, startup: false, activationEvent: 'onLanguage:latex'
2024-04-29 21:20:41.052 [info] ExtensionService#_doActivateExtension vscode.emmet, startup: false, activationEvent: 'onLanguage'
2024-04-29 21:20:41.251 [info] ExtensionService#_doActivateExtension vscode.git-base, startup: true, activationEvent: '*', root cause: vscode.git
2024-04-29 21:20:41.274 [info] ExtensionService#_doActivateExtension vscode.git, startup: true, activationEvent: '*'
2024-04-29 21:20:41.323 [info] ExtensionService#_doActivateExtension vscode.github, startup: true, activationEvent: '*'
2024-04-29 21:20:41.420 [info] Eager extensions activated
2024-04-29 21:20:41.496 [info] ExtensionService#_doActivateExtension vscode.debug-auto-launch, startup: false, activationEvent: 'onStartupFinished'
2024-04-29 21:20:41.501 [info] ExtensionService#_doActivateExtension vscode.merge-conflict, startup: false, activationEvent: 'onStartupFinished'
2024-04-29 21:21:00.197 [info] Extension host terminating: renderer closed the MessagePort
2024-04-29 21:21:00.210 [info] Extension host with pid 2213 exiting with code 0
2024-04-29 21:21:01.370 [info] Extension host with pid 2351 started
2024-04-29 21:21:01.370 [info] Skipping acquiring lock for /home/alex/.config/VSCodium/User/workspaceStorage/9735c2baf2800a35135e632c022b1baa.
2024-04-29 21:21:01.451 [info] ExtensionService#_doActivateExtension vscode.git-base, startup: true, activationEvent: '*', root cause: vscode.git
2024-04-29 21:21:01.467 [info] ExtensionService#_doActivateExtension vscode.git, startup: true, activationEvent: '*'
2024-04-29 21:21:01.508 [info] ExtensionService#_doActivateExtension vscode.github, startup: true, activationEvent: '*'
2024-04-29 21:21:01.584 [info] Eager extensions activated
2024-04-29 21:21:01.633 [info] ExtensionService#_doActivateExtension vscode.debug-auto-launch, startup: false, activationEvent: 'onStartupFinished'
2024-04-29 21:21:01.635 [info] ExtensionService#_doActivateExtension vscode.merge-conflict, startup: false, activationEvent: 'onStartupFinished'
2024-04-29 21:21:05.338 [info] ExtensionService#_doActivateExtension James-Yu.latex-workshop, startup: false, activationEvent: 'onLanguage:latex'
2024-04-29 21:21:05.657 [warning] DiagnosticCollection with name 'BibTeX' does already exist.
2024-04-29 21:21:05.673 [info] ExtensionService#_doActivateExtension tecosaur.latex-utilities, startup: false, activationEvent: 'onLanguage:latex'
2024-04-29 21:21:05.686 [info] ExtensionService#_doActivateExtension vscode.emmet, startup: false, activationEvent: 'onLanguage'
2024-04-29 21:45:27.169 [info] Extension host terminating: renderer closed the MessagePort
2024-04-29 21:45:27.176 [info] Extension host with pid 2351 exiting with code 0
