2024-05-01 13:29:19.484 [info] Added views:workbench.panel.markers.view in workbench.panel.markers
2024-05-01 13:29:19.484 [info] Added views:workbench.panel.output in workbench.panel.output
2024-05-01 13:29:19.484 [info] Added views:terminal in terminal
2024-05-01 13:29:19.484 [info] Added views:outline in workbench.view.explorer
2024-05-01 13:29:19.484 [info] Added views:workbench.scm in workbench.view.scm
2024-05-01 13:29:19.484 [info] Added views:workbench.view.search in workbench.view.search
2024-05-01 13:29:19.484 [info] Added views:timeline in workbench.view.explorer
2024-05-01 13:29:19.484 [info] Added views:workbench.explorer.openEditorsView,workbench.explorer.emptyView in workbench.view.explorer
2024-05-01 13:29:19.843 [info] Added views:workbench.debug.welcome in workbench.view.debug
2024-05-01 13:29:20.235 [info] Added views:workbench.panel.repl.view in workbench.panel.repl
2024-05-01 13:29:20.889 [info] Added views:latex-workshop-commands,latex-workshop-structure,latex-workshop-snippet-view in workbench.view.extension.latex-workshop-activitybar
2024-05-01 13:29:22.359 [info] Added views:~remote.forwardedPorts in ~remote.forwardedPortsContainer
2024-05-01 13:29:37.656 [info] Added views:workbench.panel.markers.view in workbench.panel.markers
2024-05-01 13:29:37.656 [info] Added views:workbench.panel.output in workbench.panel.output
2024-05-01 13:29:37.656 [info] Added views:terminal in terminal
2024-05-01 13:29:37.656 [info] Added views:outline in workbench.view.explorer
2024-05-01 13:29:37.656 [info] Added views:workbench.scm in workbench.view.scm
2024-05-01 13:29:37.656 [info] Added views:workbench.view.search in workbench.view.search
2024-05-01 13:29:37.656 [info] Added views:timeline in workbench.view.explorer
2024-05-01 13:29:37.656 [info] Added views:workbench.explorer.openEditorsView,workbench.explorer.fileView in workbench.view.explorer
2024-05-01 13:29:38.141 [info] Added views:workbench.debug.variablesView,workbench.debug.watchExpressionsView,workbench.debug.callStackView,workbench.debug.breakPointsView in workbench.view.debug
2024-05-01 13:29:38.275 [info] Added views:workbench.panel.repl.view in workbench.panel.repl
2024-05-01 13:29:38.278 [info] Removed views:workbench.debug.breakPointsView,workbench.debug.callStackView,workbench.debug.watchExpressionsView,workbench.debug.variablesView from workbench.view.debug
2024-05-01 13:29:38.284 [info] Added views:workbench.debug.welcome in workbench.view.debug
2024-05-01 13:29:38.314 [info] Added views:~remote.forwardedPorts in ~remote.forwardedPortsContainer
2024-05-01 13:29:45.621 [info] Added views:latex-workshop-commands,latex-workshop-structure,latex-workshop-snippet-view in workbench.view.extension.latex-workshop-activitybar
