2024-04-24 15:32:49.017 [info] Extension host with pid 30218 started
2024-04-24 15:32:49.017 [info] Skipping acquiring lock for /home/alex/.config/VSCodium/User/workspaceStorage/31ff9004130d02c67f2b054dba382e37.
2024-04-24 15:32:49.118 [info] ExtensionService#_doActivateExtension vscode.git-base, startup: true, activationEvent: '*', root cause: vscode.git
2024-04-24 15:32:49.165 [info] ExtensionService#_doActivateExtension vscode.git, startup: true, activationEvent: '*'
2024-04-24 15:32:49.205 [info] ExtensionService#_doActivateExtension vscode.github, startup: true, activationEvent: '*'
2024-04-24 15:32:49.285 [info] Eager extensions activated
2024-04-24 15:32:49.346 [info] ExtensionService#_doActivateExtension vscode.debug-auto-launch, startup: false, activationEvent: 'onStartupFinished'
2024-04-24 15:32:49.356 [info] ExtensionService#_doActivateExtension vscode.merge-conflict, startup: false, activationEvent: 'onStartupFinished'
2024-04-24 15:35:10.046 [info] Extension host terminating: renderer closed the MessagePort
2024-04-24 15:35:10.055 [info] Extension host with pid 30218 exiting with code 0
2024-04-24 15:35:11.753 [info] Extension host with pid 30330 started
2024-04-24 15:35:11.753 [info] Skipping acquiring lock for /home/alex/.config/VSCodium/User/workspaceStorage/868f85aaac32192289f02a79800d60b7.
2024-04-24 15:35:11.771 [info] ExtensionService#_doActivateExtension vscode.git-base, startup: true, activationEvent: '*', root cause: vscode.git
2024-04-24 15:35:11.801 [info] ExtensionService#_doActivateExtension vscode.git, startup: true, activationEvent: '*'
2024-04-24 15:35:11.844 [info] ExtensionService#_doActivateExtension vscode.github, startup: true, activationEvent: '*'
2024-04-24 15:35:11.932 [info] Eager extensions activated
2024-04-24 15:35:11.990 [info] ExtensionService#_doActivateExtension vscode.debug-auto-launch, startup: false, activationEvent: 'onStartupFinished'
2024-04-24 15:35:11.993 [info] ExtensionService#_doActivateExtension vscode.merge-conflict, startup: false, activationEvent: 'onStartupFinished'
2024-04-24 15:41:24.057 [info] Extension host terminating: renderer closed the MessagePort
2024-04-24 15:41:24.062 [info] Extension host with pid 30330 exiting with code 0
