2024-04-29 21:20:39.264 [info] Added views:workbench.panel.markers.view in workbench.panel.markers
2024-04-29 21:20:39.264 [info] Added views:workbench.panel.output in workbench.panel.output
2024-04-29 21:20:39.264 [info] Added views:terminal in terminal
2024-04-29 21:20:39.264 [info] Added views:outline in workbench.view.explorer
2024-04-29 21:20:39.265 [info] Added views:workbench.scm in workbench.view.scm
2024-04-29 21:20:39.265 [info] Added views:workbench.view.search in workbench.view.search
2024-04-29 21:20:39.265 [info] Added views:timeline in workbench.view.explorer
2024-04-29 21:20:39.265 [info] Added views:workbench.explorer.emptyView in workbench.view.explorer
2024-04-29 21:20:39.948 [info] Added views:workbench.debug.variablesView,workbench.debug.watchExpressionsView,workbench.debug.callStackView,workbench.debug.breakPointsView in workbench.view.debug
2024-04-29 21:20:40.152 [info] Added views:workbench.panel.repl.view in workbench.panel.repl
2024-04-29 21:20:40.153 [info] Removed views:workbench.debug.breakPointsView,workbench.debug.callStackView,workbench.debug.watchExpressionsView,workbench.debug.variablesView from workbench.view.debug
2024-04-29 21:20:40.154 [info] Added views:workbench.debug.welcome in workbench.view.debug
2024-04-29 21:20:41.087 [info] Added views:latex-workshop-commands,latex-workshop-structure,latex-workshop-snippet-view in workbench.view.extension.latex-workshop-activitybar
2024-04-29 21:20:41.850 [info] Added views:~remote.forwardedPorts in ~remote.forwardedPortsContainer
2024-04-29 21:21:00.787 [info] Added views:workbench.panel.markers.view in workbench.panel.markers
2024-04-29 21:21:00.787 [info] Added views:workbench.panel.output in workbench.panel.output
2024-04-29 21:21:00.787 [info] Added views:terminal in terminal
2024-04-29 21:21:00.787 [info] Added views:outline in workbench.view.explorer
2024-04-29 21:21:00.787 [info] Added views:workbench.scm in workbench.view.scm
2024-04-29 21:21:00.787 [info] Added views:workbench.view.search in workbench.view.search
2024-04-29 21:21:00.787 [info] Added views:timeline in workbench.view.explorer
2024-04-29 21:21:00.787 [info] Added views:workbench.explorer.fileView in workbench.view.explorer
2024-04-29 21:21:01.273 [info] Added views:workbench.debug.variablesView,workbench.debug.watchExpressionsView,workbench.debug.callStackView,workbench.debug.breakPointsView in workbench.view.debug
2024-04-29 21:21:01.377 [info] Added views:~remote.forwardedPorts in ~remote.forwardedPortsContainer
2024-04-29 21:21:01.448 [info] Added views:workbench.panel.repl.view in workbench.panel.repl
2024-04-29 21:21:01.449 [info] Removed views:workbench.debug.breakPointsView,workbench.debug.callStackView,workbench.debug.watchExpressionsView,workbench.debug.variablesView from workbench.view.debug
2024-04-29 21:21:01.450 [info] Added views:workbench.debug.welcome in workbench.view.debug
2024-04-29 21:21:05.823 [info] Added views:latex-workshop-commands,latex-workshop-structure,latex-workshop-snippet-view in workbench.view.extension.latex-workshop-activitybar
